<?xml version="1.0" encoding="UTF-8"?>
<coverage generated="1530403081229" clover="3.2.0">
  <project timestamp="1530403081229" name="All files">
    <metrics statements="594" coveredstatements="476" conditionals="450" coveredconditionals="306" methods="107" coveredmethods="91" elements="1151" coveredelements="873" complexity="0" loc="594" ncloc="594" packages="1" files="7" classes="7">
      <file name="bindGlobalEventListeners.js" path="/Users/carboncopy/Sites/Play/tippyjs/src/js/bindGlobalEventListeners.js">
        <metrics statements="50" coveredstatements="34" conditionals="45" coveredconditionals="25" methods="7" coveredmethods="6"/>
        <line num="7" count="4" type="stmt"/>
        <line num="8" count="4" type="cond" truecount="2" falsecount="0"/>
        <line num="9" count="1" type="stmt"/>
        <line num="12" count="3" type="stmt"/>
        <line num="14" count="3" type="cond" truecount="2" falsecount="0"/>
        <line num="15" count="1" type="stmt"/>
        <line num="18" count="3" type="cond" truecount="3" falsecount="1"/>
        <line num="19" count="3" type="stmt"/>
        <line num="22" count="3" type="stmt"/>
        <line num="25" count="4" type="stmt"/>
        <line num="26" count="4" type="stmt"/>
        <line num="27" count="0" type="stmt"/>
        <line num="30" count="0" type="cond" truecount="0" falsecount="2"/>
        <line num="31" count="0" type="stmt"/>
        <line num="32" count="0" type="stmt"/>
        <line num="33" count="0" type="cond" truecount="0" falsecount="2"/>
        <line num="34" count="0" type="stmt"/>
        <line num="36" count="0" type="stmt"/>
        <line num="39" count="0" type="stmt"/>
        <line num="42" count="4" type="stmt"/>
        <line num="44" count="3" type="cond" truecount="1" falsecount="1"/>
        <line num="45" count="0" type="stmt"/>
        <line num="48" count="3" type="stmt"/>
        <line num="49" count="3" type="stmt"/>
        <line num="52" count="3" type="cond" truecount="5" falsecount="0"/>
        <line num="53" count="1" type="stmt"/>
        <line num="57" count="2" type="cond" truecount="2" falsecount="2"/>
        <line num="58" count="0" type="stmt"/>
        <line num="60" count="0" type="stmt"/>
        <line num="61" count="0" type="stmt"/>
        <line num="63" count="0" type="cond" truecount="0" falsecount="2"/>
        <line num="67" count="0" type="stmt"/>
        <line num="70" count="0" type="cond" truecount="0" falsecount="4"/>
        <line num="71" count="0" type="stmt"/>
        <line num="75" count="2" type="stmt"/>
        <line num="78" count="4" type="stmt"/>
        <line num="79" count="1" type="stmt"/>
        <line num="80" count="1" type="cond" truecount="4" falsecount="1"/>
        <line num="81" count="1" type="stmt"/>
        <line num="85" count="4" type="stmt"/>
        <line num="86" count="1" type="stmt"/>
        <line num="87" count="1" type="stmt"/>
        <line num="88" count="1" type="cond" truecount="1" falsecount="1"/>
        <line num="89" count="1" type="stmt"/>
        <line num="98" count="5" type="stmt"/>
        <line num="99" count="5" type="stmt"/>
        <line num="100" count="5" type="stmt"/>
        <line num="101" count="5" type="stmt"/>
        <line num="103" count="5" type="cond" truecount="2" falsecount="0"/>
        <line num="107" count="1" type="stmt"/>
      </file>
      <file name="browser.js" path="/Users/carboncopy/Sites/Play/tippyjs/src/js/browser.js">
        <metrics statements="4" coveredstatements="4" conditionals="8" coveredconditionals="5" methods="1" coveredmethods="1"/>
        <line num="2" count="9" type="cond" truecount="2" falsecount="0"/>
        <line num="4" count="9" type="cond" truecount="1" falsecount="1"/>
        <line num="5" count="9" type="cond" truecount="1" falsecount="1"/>
        <line num="7" count="9" type="stmt"/>
      </file>
      <file name="createTippy.js" path="/Users/carboncopy/Sites/Play/tippyjs/src/js/createTippy.js">
        <metrics statements="267" coveredstatements="177" conditionals="219" coveredconditionals="124" methods="42" coveredmethods="28"/>
        <line num="26" count="5" type="stmt"/>
        <line num="29" count="87" type="cond" truecount="2" falsecount="0"/>
        <line num="30" count="1" type="stmt"/>
        <line num="34" count="86" type="stmt"/>
        <line num="35" count="86" type="stmt"/>
        <line num="36" count="86" type="stmt"/>
        <line num="37" count="86" type="stmt"/>
        <line num="38" count="86" type="stmt"/>
        <line num="39" count="86" type="stmt"/>
        <line num="40" count="86" type="stmt"/>
        <line num="43" count="86" type="stmt"/>
        <line num="46" count="86" type="cond" truecount="4" falsecount="0"/>
        <line num="47" count="2" type="stmt"/>
        <line num="50" count="84" type="stmt"/>
        <line num="52" count="84" type="stmt"/>
        <line num="60" count="84" type="stmt"/>
        <line num="62" count="84" type="stmt"/>
        <line num="64" count="84" type="stmt"/>
        <line num="70" count="84" type="stmt"/>
        <line num="73" count="84" type="stmt"/>
        <line num="90" count="84" type="cond" truecount="2" falsecount="0"/>
        <line num="91" count="6" type="stmt"/>
        <line num="92" count="6" type="stmt"/>
        <line num="95" count="84" type="cond" truecount="2" falsecount="0"/>
        <line num="96" count="10" type="stmt"/>
        <line num="100" count="84" type="cond" truecount="5" falsecount="0"/>
        <line num="101" count="79" type="stmt"/>
        <line num="105" count="84" type="stmt"/>
        <line num="111" count="84" type="stmt"/>
        <line num="112" count="84" type="stmt"/>
        <line num="114" count="84" type="stmt"/>
        <line num="118" count="0" type="stmt"/>
        <line num="120" count="0" type="cond" truecount="0" falsecount="2"/>
        <line num="121" count="0" type="stmt"/>
        <line num="124" count="0" type="stmt"/>
        <line num="125" count="0" type="stmt"/>
        <line num="137" count="0" type="stmt"/>
        <line num="141" count="0" type="stmt"/>
        <line num="142" count="0" type="cond" truecount="0" falsecount="4"/>
        <line num="143" count="0" type="stmt"/>
        <line num="144" count="0" type="cond" truecount="0" falsecount="2"/>
        <line num="145" count="0" type="stmt"/>
        <line num="151" count="0" type="stmt"/>
        <line num="157" count="20" type="stmt"/>
        <line num="159" count="20" type="cond" truecount="1" falsecount="1"/>
        <line num="160" count="0" type="stmt"/>
        <line num="164" count="20" type="cond" truecount="1" falsecount="1"/>
        <line num="165" count="0" type="stmt"/>
        <line num="166" count="0" type="stmt"/>
        <line num="169" count="20" type="stmt"/>
        <line num="171" count="20" type="cond" truecount="1" falsecount="1"/>
        <line num="172" count="0" type="stmt"/>
        <line num="173" count="0" type="stmt"/>
        <line num="178" count="20" type="cond" truecount="1" falsecount="1"/>
        <line num="179" count="0" type="cond" truecount="0" falsecount="2"/>
        <line num="180" count="0" type="stmt"/>
        <line num="182" count="0" type="stmt"/>
        <line num="185" count="20" type="stmt"/>
        <line num="187" count="20" type="cond" truecount="2" falsecount="0"/>
        <line num="188" count="4" type="stmt"/>
        <line num="189" count="2" type="stmt"/>
        <line num="192" count="16" type="stmt"/>
        <line num="197" count="7" type="stmt"/>
        <line num="199" count="7" type="cond" truecount="1" falsecount="1"/>
        <line num="200" count="0" type="stmt"/>
        <line num="203" count="7" type="stmt"/>
        <line num="205" count="7" type="stmt"/>
        <line num="207" count="7" type="cond" truecount="2" falsecount="0"/>
        <line num="208" count="1" type="stmt"/>
        <line num="209" count="1" type="cond" truecount="1" falsecount="1"/>
        <line num="210" count="1" type="stmt"/>
        <line num="214" count="6" type="stmt"/>
        <line num="219" count="5" type="stmt"/>
        <line num="224" count="5" type="stmt"/>
        <line num="226" count="5" type="cond" truecount="2" falsecount="2"/>
        <line num="227" count="0" type="stmt"/>
        <line num="230" count="5" type="stmt"/>
        <line num="231" count="5" type="stmt"/>
        <line num="232" count="5" type="stmt"/>
        <line num="233" count="5" type="cond" truecount="2" falsecount="0"/>
        <line num="234" count="5" type="stmt"/>
        <line num="236" count="5" type="cond" truecount="1" falsecount="1"/>
        <line num="237" count="0" type="stmt"/>
        <line num="242" count="11" type="cond" truecount="1" falsecount="1"/>
        <line num="243" count="0" type="stmt"/>
        <line num="247" count="11" type="cond" truecount="1" falsecount="2"/>
        <line num="251" count="11" type="cond" truecount="2" falsecount="2"/>
        <line num="252" count="0" type="stmt"/>
        <line num="255" count="11" type="stmt"/>
        <line num="258" count="11" type="cond" truecount="2" falsecount="0"/>
        <line num="263" count="1" type="stmt"/>
        <line num="265" count="10" type="stmt"/>
        <line num="270" count="3" type="cond" truecount="1" falsecount="1"/>
        <line num="276" count="0" type="stmt"/>
        <line num="279" count="3" type="cond" truecount="1" falsecount="1"/>
        <line num="280" count="0" type="stmt"/>
        <line num="281" count="0" type="stmt"/>
        <line num="283" count="0" type="stmt"/>
        <line num="284" count="0" type="stmt"/>
        <line num="286" count="0" type="cond" truecount="0" falsecount="4"/>
        <line num="287" count="0" type="stmt"/>
        <line num="290" count="0" type="cond" truecount="0" falsecount="2"/>
        <line num="298" count="0" type="stmt"/>
        <line num="299" count="0" type="stmt"/>
        <line num="301" count="0" type="stmt"/>
        <line num="305" count="0" type="stmt"/>
        <line num="306" count="0" type="stmt"/>
        <line num="307" count="0" type="stmt"/>
        <line num="310" count="3" type="stmt"/>
        <line num="314" count="3" type="cond" truecount="3" falsecount="1"/>
        <line num="315" count="0" type="stmt"/>
        <line num="318" count="3" type="cond" truecount="1" falsecount="1"/>
        <line num="319" count="0" type="cond" truecount="0" falsecount="2"/>
        <line num="320" count="0" type="stmt"/>
        <line num="322" count="0" type="cond" truecount="0" falsecount="2"/>
        <line num="323" count="0" type="stmt"/>
        <line num="327" count="3" type="stmt"/>
        <line num="331" count="0" type="cond" truecount="0" falsecount="2"/>
        <line num="332" count="0" type="stmt"/>
        <line num="337" count="0" type="cond" truecount="0" falsecount="2"/>
        <line num="338" count="0" type="stmt"/>
        <line num="343" count="27" type="stmt"/>
        <line num="344" count="27" type="stmt"/>
        <line num="348" count="35" type="stmt"/>
        <line num="349" count="35" type="stmt"/>
        <line num="352" count="35" type="cond" truecount="1" falsecount="1"/>
        <line num="353" count="35" type="stmt"/>
        <line num="355" count="35" type="stmt"/>
        <line num="376" count="5" type="stmt"/>
        <line num="381" count="5" type="cond" truecount="2" falsecount="2"/>
        <line num="382" count="0" type="stmt"/>
        <line num="386" count="28" type="stmt"/>
        <line num="387" count="28" type="stmt"/>
        <line num="388" count="28" type="stmt"/>
        <line num="389" count="28" type="stmt"/>
        <line num="390" count="28" type="stmt"/>
        <line num="391" count="28" type="stmt"/>
        <line num="396" count="28" type="cond" truecount="2" falsecount="2"/>
        <line num="397" count="0" type="stmt"/>
        <line num="406" count="35" type="stmt"/>
        <line num="409" count="0" type="stmt"/>
        <line num="418" count="35" type="stmt"/>
        <line num="422" count="31" type="cond" truecount="2" falsecount="0"/>
        <line num="423" count="29" type="stmt"/>
        <line num="424" count="29" type="cond" truecount="1" falsecount="1"/>
        <line num="425" count="0" type="stmt"/>
        <line num="428" count="2" type="stmt"/>
        <line num="429" count="2" type="cond" truecount="4" falsecount="0"/>
        <line num="430" count="1" type="stmt"/>
        <line num="436" count="31" type="cond" truecount="1" falsecount="1"/>
        <line num="437" count="0" type="cond" truecount="0" falsecount="2"/>
        <line num="438" count="0" type="stmt"/>
        <line num="440" count="0" type="stmt"/>
        <line num="443" count="31" type="stmt"/>
        <line num="445" count="31" type="cond" truecount="2" falsecount="0"/>
        <line num="446" count="30" type="stmt"/>
        <line num="451" count="68" type="stmt"/>
        <line num="460" count="35" type="cond" truecount="1" falsecount="1"/>
        <line num="461" count="0" type="stmt"/>
        <line num="464" count="35" type="stmt"/>
        <line num="465" count="35" type="stmt"/>
        <line num="467" count="35" type="stmt"/>
        <line num="471" count="0" type="stmt"/>
        <line num="472" count="0" type="stmt"/>
        <line num="477" count="0" type="stmt"/>
        <line num="478" count="0" type="stmt"/>
        <line num="481" count="0" type="stmt"/>
        <line num="482" count="0" type="cond" truecount="0" falsecount="2"/>
        <line num="483" count="0" type="stmt"/>
        <line num="486" count="0" type="stmt"/>
        <line num="488" count="0" type="cond" truecount="0" falsecount="2"/>
        <line num="489" count="0" type="stmt"/>
        <line num="491" count="0" type="stmt"/>
        <line num="495" count="0" type="stmt"/>
        <line num="500" count="24" type="cond" truecount="2" falsecount="0"/>
        <line num="501" count="13" type="stmt"/>
        <line num="504" count="11" type="stmt"/>
        <line num="506" count="11" type="stmt"/>
        <line num="507" count="22" type="cond" truecount="1" falsecount="1"/>
        <line num="508" count="0" type="stmt"/>
        <line num="510" count="22" type="stmt"/>
        <line num="516" count="11" type="stmt"/>
        <line num="517" count="0" type="cond" truecount="0" falsecount="2"/>
        <line num="518" count="0" type="stmt"/>
        <line num="519" count="0" type="stmt"/>
        <line num="523" count="11" type="stmt"/>
        <line num="524" count="11" type="stmt"/>
        <line num="526" count="11" type="stmt"/>
        <line num="531" count="2" type="stmt"/>
        <line num="535" count="2" type="stmt"/>
        <line num="539" count="33" type="cond" truecount="4" falsecount="0"/>
        <line num="540" count="1" type="stmt"/>
        <line num="544" count="32" type="cond" truecount="1" falsecount="1"/>
        <line num="548" count="0" type="stmt"/>
        <line num="552" count="32" type="cond" truecount="2" falsecount="0"/>
        <line num="553" count="1" type="stmt"/>
        <line num="556" count="31" type="stmt"/>
        <line num="558" count="31" type="stmt"/>
        <line num="559" count="31" type="stmt"/>
        <line num="562" count="31" type="stmt"/>
        <line num="567" count="31" type="stmt"/>
        <line num="568" count="27" type="cond" truecount="2" falsecount="0"/>
        <line num="569" count="19" type="stmt"/>
        <line num="572" count="8" type="cond" truecount="1" falsecount="1"/>
        <line num="574" count="8" type="stmt"/>
        <line num="578" count="8" type="cond" truecount="1" falsecount="1"/>
        <line num="579" count="0" type="stmt"/>
        <line num="580" count="0" type="stmt"/>
        <line num="581" count="0" type="cond" truecount="0" falsecount="2"/>
        <line num="582" count="0" type="stmt"/>
        <line num="588" count="8" type="stmt"/>
        <line num="597" count="8" type="cond" truecount="1" falsecount="1"/>
        <line num="598" count="8" type="stmt"/>
        <line num="601" count="8" type="cond" truecount="2" falsecount="0"/>
        <line num="602" count="4" type="stmt"/>
        <line num="605" count="8" type="cond" truecount="1" falsecount="1"/>
        <line num="606" count="0" type="stmt"/>
        <line num="609" count="8" type="stmt"/>
        <line num="614" count="8" type="stmt"/>
        <line num="615" count="0" type="cond" truecount="0" falsecount="2"/>
        <line num="616" count="0" type="stmt"/>
        <line num="619" count="0" type="cond" truecount="0" falsecount="2"/>
        <line num="620" count="0" type="stmt"/>
        <line num="623" count="0" type="stmt"/>
        <line num="625" count="0" type="stmt"/>
        <line num="631" count="26" type="cond" truecount="3" falsecount="1"/>
        <line num="632" count="0" type="stmt"/>
        <line num="635" count="26" type="stmt"/>
        <line num="637" count="26" type="cond" truecount="1" falsecount="1"/>
        <line num="638" count="0" type="stmt"/>
        <line num="641" count="26" type="cond" truecount="1" falsecount="1"/>
        <line num="642" count="0" type="stmt"/>
        <line num="645" count="26" type="stmt"/>
        <line num="646" count="26" type="stmt"/>
        <line num="648" count="26" type="stmt"/>
        <line num="657" count="26" type="stmt"/>
        <line num="662" count="26" type="cond" truecount="2" falsecount="2"/>
        <line num="663" count="0" type="stmt"/>
        <line num="672" count="26" type="stmt"/>
        <line num="673" count="16" type="stmt"/>
        <line num="674" count="13" type="cond" truecount="4" falsecount="0"/>
        <line num="675" count="3" type="stmt"/>
        <line num="678" count="10" type="cond" truecount="1" falsecount="1"/>
        <line num="679" count="0" type="stmt"/>
        <line num="680" count="0" type="stmt"/>
        <line num="683" count="10" type="stmt"/>
        <line num="685" count="10" type="stmt"/>
        <line num="687" count="10" type="stmt"/>
        <line num="689" count="10" type="stmt"/>
        <line num="695" count="17" type="cond" truecount="2" falsecount="0"/>
        <line num="696" count="1" type="stmt"/>
        <line num="700" count="16" type="cond" truecount="2" falsecount="0"/>
        <line num="701" count="4" type="stmt"/>
        <line num="704" count="16" type="stmt"/>
        <line num="705" count="62" type="stmt"/>
        <line num="708" count="16" type="stmt"/>
        <line num="710" count="16" type="stmt"/>
        <line num="711" count="16" type="stmt"/>
        <line num="712" count="32" type="stmt"/>
        <line num="715" count="16" type="cond" truecount="4" falsecount="0"/>
        <line num="716" count="1" type="stmt"/>
        <line num="717" count="1" type="cond" truecount="2" falsecount="0"/>
        <line num="721" count="16" type="cond" truecount="2" falsecount="0"/>
        <line num="722" count="5" type="stmt"/>
        <line num="725" count="16" type="stmt"/>
        <line num="726" count="5" type="stmt"/>
        <line num="729" count="16" type="stmt"/>
      </file>
      <file name="defaults.js" path="/Users/carboncopy/Sites/Play/tippyjs/src/js/defaults.js">
        <metrics statements="4" coveredstatements="4" conditionals="0" coveredconditionals="0" methods="2" coveredmethods="2"/>
        <line num="1" count="5" type="stmt"/>
        <line num="24" count="86" type="stmt"/>
        <line num="44" count="5" type="stmt"/>
        <line num="45" count="2" type="stmt"/>
      </file>
      <file name="selectors.js" path="/Users/carboncopy/Sites/Play/tippyjs/src/js/selectors.js">
        <metrics statements="1" coveredstatements="1" conditionals="0" coveredconditionals="0" methods="0" coveredmethods="0"/>
        <line num="1" count="5" type="stmt"/>
      </file>
      <file name="tippy.js" path="/Users/carboncopy/Sites/Play/tippyjs/src/js/tippy.js">
        <metrics statements="33" coveredstatements="33" conditionals="18" coveredconditionals="17" methods="7" coveredmethods="7"/>
        <line num="13" count="4" type="stmt"/>
        <line num="16" count="51" type="cond" truecount="2" falsecount="0"/>
        <line num="17" count="4" type="stmt"/>
        <line num="18" count="4" type="stmt"/>
        <line num="22" count="51" type="cond" truecount="2" falsecount="0"/>
        <line num="23" count="59" type="cond" truecount="2" falsecount="0"/>
        <line num="24" count="1" type="stmt"/>
        <line num="28" count="50" type="stmt"/>
        <line num="32" count="50" type="cond" truecount="2" falsecount="0"/>
        <line num="33" count="1" type="stmt"/>
        <line num="36" count="50" type="stmt"/>
        <line num="37" count="50" type="stmt"/>
        <line num="39" count="50" type="cond" truecount="4" falsecount="0"/>
        <line num="43" count="57" type="stmt"/>
        <line num="44" count="57" type="cond" truecount="2" falsecount="0"/>
        <line num="47" count="50" type="stmt"/>
        <line num="53" count="1" type="stmt"/>
        <line num="54" count="1" type="stmt"/>
        <line num="56" count="1" type="stmt"/>
        <line num="64" count="4" type="stmt"/>
        <line num="65" count="4" type="stmt"/>
        <line num="66" count="4" type="stmt"/>
        <line num="71" count="4" type="stmt"/>
        <line num="72" count="36" type="stmt"/>
        <line num="73" count="4" type="stmt"/>
        <line num="74" count="1" type="stmt"/>
        <line num="84" count="4" type="stmt"/>
        <line num="85" count="6" type="stmt"/>
        <line num="86" count="2" type="stmt"/>
        <line num="87" count="2" type="cond" truecount="2" falsecount="0"/>
        <line num="88" count="1" type="stmt"/>
        <line num="92" count="4" type="cond" truecount="1" falsecount="1"/>
        <line num="93" count="4" type="stmt"/>
      </file>
      <file name="utils.js" path="/Users/carboncopy/Sites/Play/tippyjs/src/js/utils.js">
        <metrics statements="235" coveredstatements="223" conditionals="160" coveredconditionals="135" methods="48" coveredmethods="47"/>
        <line num="8" count="5" type="stmt"/>
        <line num="9" count="1" type="cond" truecount="3" falsecount="1"/>
        <line num="10" count="1" type="cond" truecount="1" falsecount="1"/>
        <line num="11" count="1" type="stmt"/>
        <line num="12" count="1" type="stmt"/>
        <line num="13" count="1" type="stmt"/>
        <line num="15" count="1" type="cond" truecount="1" falsecount="1"/>
        <line num="16" count="0" type="stmt"/>
        <line num="18" count="1" type="stmt"/>
        <line num="26" count="17" type="stmt"/>
        <line num="31" count="5" type="cond" truecount="1" falsecount="0"/>
        <line num="32" count="692" type="stmt"/>
        <line num="38" count="5" type="stmt"/>
        <line num="39" count="110" type="cond" truecount="2" falsecount="0"/>
        <line num="40" count="1" type="stmt"/>
        <line num="42" count="109" type="cond" truecount="2" falsecount="0"/>
        <line num="49" count="5" type="stmt"/>
        <line num="50" count="92" type="cond" truecount="2" falsecount="0"/>
        <line num="60" count="5" type="stmt"/>
        <line num="61" count="66" type="stmt"/>
        <line num="62" count="198" type="stmt"/>
        <line num="69" count="5" type="stmt"/>
        <line num="70" count="531" type="stmt"/>
        <line num="71" count="109" type="stmt"/>
        <line num="82" count="5" type="stmt"/>
        <line num="83" count="70" type="stmt"/>
        <line num="88" count="437" type="stmt"/>
        <line num="93" count="5" type="stmt"/>
        <line num="94" count="3" type="stmt"/>
        <line num="95" count="3" type="cond" truecount="2" falsecount="0"/>
        <line num="102" count="5" type="stmt"/>
        <line num="103" count="56" type="cond" truecount="4" falsecount="0"/>
        <line num="104" count="48" type="stmt"/>
        <line num="106" count="8" type="cond" truecount="1" falsecount="1"/>
        <line num="107" count="0" type="stmt"/>
        <line num="109" count="8" type="cond" truecount="2" falsecount="0"/>
        <line num="110" count="3" type="stmt"/>
        <line num="113" count="5" type="stmt"/>
        <line num="114" count="5" type="stmt"/>
        <line num="116" count="0" type="stmt"/>
        <line num="123" count="15" type="cond" truecount="2" falsecount="0"/>
        <line num="128" count="5" type="stmt"/>
        <line num="129" count="84" type="cond" truecount="2" falsecount="0"/>
        <line num="134" count="5" type="stmt"/>
        <line num="135" count="108" type="stmt"/>
        <line num="136" count="108" type="stmt"/>
        <line num="137" count="108" type="stmt"/>
        <line num="138" count="108" type="stmt"/>
        <line num="139" count="108" type="stmt"/>
        <line num="141" count="108" type="stmt"/>
        <line num="142" count="108" type="stmt"/>
        <line num="143" count="108" type="stmt"/>
        <line num="144" count="108" type="stmt"/>
        <line num="145" count="108" type="stmt"/>
        <line num="146" count="108" type="stmt"/>
        <line num="147" count="112" type="stmt"/>
        <line num="150" count="108" type="stmt"/>
        <line num="151" count="108" type="stmt"/>
        <line num="153" count="108" type="cond" truecount="2" falsecount="0"/>
        <line num="154" count="5" type="stmt"/>
        <line num="155" count="5" type="stmt"/>
        <line num="158" count="108" type="cond" truecount="2" falsecount="0"/>
        <line num="159" count="16" type="stmt"/>
        <line num="160" count="16" type="cond" truecount="2" falsecount="0"/>
        <line num="161" count="2" type="stmt"/>
        <line num="162" count="2" type="stmt"/>
        <line num="167" count="14" type="stmt"/>
        <line num="169" count="16" type="stmt"/>
        <line num="172" count="108" type="cond" truecount="2" falsecount="0"/>
        <line num="173" count="96" type="stmt"/>
        <line num="174" count="96" type="stmt"/>
        <line num="175" count="96" type="stmt"/>
        <line num="176" count="96" type="stmt"/>
        <line num="177" count="96" type="stmt"/>
        <line num="180" count="108" type="cond" truecount="2" falsecount="0"/>
        <line num="181" count="1" type="stmt"/>
        <line num="184" count="108" type="stmt"/>
        <line num="186" count="108" type="stmt"/>
        <line num="187" count="108" type="stmt"/>
        <line num="189" count="108" type="stmt"/>
        <line num="195" count="5" type="stmt"/>
        <line num="196" count="3" type="stmt"/>
        <line num="197" count="12" type="stmt"/>
        <line num="198" count="12" type="cond" truecount="1" falsecount="1"/>
        <line num="199" count="0" type="stmt"/>
        <line num="202" count="12" type="stmt"/>
        <line num="204" count="12" type="cond" truecount="1" falsecount="1"/>
        <line num="208" count="12" type="stmt"/>
        <line num="216" count="5" type="stmt"/>
        <line num="221" count="91" type="stmt"/>
        <line num="225" count="171" type="cond" truecount="2" falsecount="0"/>
        <line num="226" count="1" type="stmt"/>
        <line num="229" count="170" type="stmt"/>
        <line num="230" count="337" type="stmt"/>
        <line num="231" count="337" type="stmt"/>
        <line num="234" count="170" type="cond" truecount="2" falsecount="0"/>
        <line num="235" count="168" type="stmt"/>
        <line num="236" count="168" type="cond" truecount="2" falsecount="0"/>
        <line num="238" count="85" type="stmt"/>
        <line num="239" count="85" type="stmt"/>
        <line num="241" count="80" type="cond" truecount="1" falsecount="1"/>
        <line num="242" count="80" type="stmt"/>
        <line num="245" count="2" type="cond" truecount="2" falsecount="1"/>
        <line num="247" count="1" type="stmt"/>
        <line num="248" count="1" type="stmt"/>
        <line num="249" count="1" type="stmt"/>
        <line num="251" count="1" type="stmt"/>
        <line num="252" count="1" type="stmt"/>
        <line num="253" count="1" type="stmt"/>
        <line num="255" count="0" type="stmt"/>
        <line num="256" count="0" type="stmt"/>
        <line num="260" count="170" type="stmt"/>
        <line num="267" count="5" type="stmt"/>
        <line num="268" count="98" type="stmt"/>
        <line num="269" count="3920" type="stmt"/>
        <line num="273" count="3920" type="cond" truecount="2" falsecount="0"/>
        <line num="274" count="3913" type="stmt"/>
        <line num="277" count="7" type="cond" truecount="2" falsecount="0"/>
        <line num="278" count="1" type="stmt"/>
        <line num="279" count="6" type="cond" truecount="2" falsecount="0"/>
        <line num="280" count="1" type="stmt"/>
        <line num="281" count="5" type="cond" truecount="2" falsecount="0"/>
        <line num="282" count="2" type="stmt"/>
        <line num="283" count="3" type="cond" truecount="4" falsecount="0"/>
        <line num="284" count="2" type="stmt"/>
        <line num="286" count="1" type="stmt"/>
        <line num="289" count="7" type="stmt"/>
        <line num="295" count="5" type="stmt"/>
        <line num="300" count="2" type="stmt"/>
        <line num="303" count="41" type="stmt"/>
        <line num="306" count="1" type="stmt"/>
        <line num="309" count="1" type="stmt"/>
        <line num="316" count="1" type="stmt"/>
        <line num="319" count="1" type="stmt"/>
        <line num="322" count="1" type="stmt"/>
        <line num="330" count="5" type="stmt"/>
        <line num="331" count="5" type="cond" truecount="1" falsecount="1"/>
        <line num="332" count="5" type="stmt"/>
        <line num="333" count="5" type="stmt"/>
        <line num="340" count="0" type="cond" truecount="0" falsecount="2"/>
        <line num="343" count="0" type="stmt"/>
        <line num="344" count="0" type="cond" truecount="0" falsecount="2"/>
        <line num="345" count="0" type="stmt"/>
        <line num="354" count="5" type="stmt"/>
        <line num="355" count="12" type="stmt"/>
        <line num="358" count="12" type="stmt"/>
        <line num="359" count="12" type="stmt"/>
        <line num="360" count="25" type="cond" truecount="2" falsecount="0"/>
        <line num="361" count="8" type="stmt"/>
        <line num="363" count="17" type="stmt"/>
        <line num="371" count="5" type="stmt"/>
        <line num="372" count="1" type="cond" truecount="2" falsecount="0"/>
        <line num="373" count="1" type="cond" truecount="2" falsecount="0"/>
        <line num="374" count="1" type="stmt"/>
        <line num="375" count="1" type="stmt"/>
        <line num="381" count="5" type="stmt"/>
        <line num="382" count="27" type="stmt"/>
        <line num="388" count="5" type="stmt"/>
        <line num="389" count="13" type="cond" truecount="2" falsecount="0"/>
        <line num="390" count="9" type="stmt"/>
        <line num="392" count="4" type="cond" truecount="2" falsecount="0"/>
        <line num="403" count="5" type="stmt"/>
        <line num="409" count="24" type="cond" truecount="4" falsecount="0"/>
        <line num="410" count="4" type="stmt"/>
        <line num="413" count="20" type="stmt"/>
        <line num="415" count="20" type="cond" truecount="2" falsecount="0"/>
        <line num="416" count="8" type="stmt"/>
        <line num="418" count="12" type="cond" truecount="2" falsecount="0"/>
        <line num="422" count="20" type="cond" truecount="2" falsecount="0"/>
        <line num="423" count="8" type="cond" truecount="2" falsecount="0"/>
        <line num="425" count="12" type="cond" truecount="2" falsecount="0"/>
        <line num="426" count="8" type="cond" truecount="2" falsecount="0"/>
        <line num="428" count="4" type="cond" truecount="2" falsecount="0"/>
        <line num="434" count="20" type="stmt"/>
        <line num="440" count="5" type="stmt"/>
        <line num="441" count="20" type="stmt"/>
        <line num="442" count="20" type="cond" truecount="2" falsecount="0"/>
        <line num="448" count="5" type="stmt"/>
        <line num="449" count="14" type="stmt"/>
        <line num="450" count="14" type="cond" truecount="2" falsecount="0"/>
        <line num="453" count="5" type="stmt"/>
        <line num="461" count="5" type="stmt"/>
        <line num="462" count="4" type="stmt"/>
        <line num="463" count="4" type="cond" truecount="2" falsecount="0"/>
        <line num="464" count="4" type="cond" truecount="2" falsecount="0"/>
        <line num="466" count="4" type="stmt"/>
        <line num="480" count="4" type="stmt"/>
        <line num="506" count="4" type="stmt"/>
        <line num="512" count="5" type="stmt"/>
        <line num="513" count="36" type="stmt"/>
        <line num="514" count="74" type="stmt"/>
        <line num="521" count="5" type="stmt"/>
        <line num="522" count="212" type="stmt"/>
        <line num="523" count="212" type="stmt"/>
        <line num="525" count="212" type="stmt"/>
        <line num="526" count="411" type="stmt"/>
        <line num="527" count="411" type="cond" truecount="2" falsecount="0"/>
        <line num="528" count="411" type="cond" truecount="2" falsecount="0"/>
        <line num="529" count="212" type="stmt"/>
        <line num="533" count="0" type="stmt"/>
        <line num="539" count="5" type="stmt"/>
        <line num="544" count="31" type="stmt"/>
        <line num="545" count="31" type="stmt"/>
        <line num="546" count="31" type="stmt"/>
        <line num="548" count="31" type="stmt"/>
        <line num="549" count="27" type="stmt"/>
        <line num="550" count="27" type="cond" truecount="2" falsecount="0"/>
        <line num="551" count="27" type="stmt"/>
        <line num="552" count="27" type="stmt"/>
        <line num="553" count="27" type="stmt"/>
        <line num="556" count="31" type="cond" truecount="1" falsecount="1"/>
        <line num="557" count="0" type="stmt"/>
        <line num="564" count="5" type="stmt"/>
        <line num="565" count="26" type="stmt"/>
        <line num="572" count="5" type="stmt"/>
        <line num="578" count="40" type="stmt"/>
        <line num="579" count="40" type="stmt"/>
        <line num="582" count="40" type="stmt"/>
        <line num="588" count="40" type="stmt"/>
        <line num="594" count="40" type="stmt"/>
        <line num="600" count="40" type="stmt"/>
        <line num="605" count="40" type="cond" truecount="4" falsecount="0"/>
        <line num="612" count="5" type="stmt"/>
        <line num="613" count="37" type="stmt"/>
        <line num="618" count="5" type="stmt"/>
        <line num="619" count="55" type="stmt"/>
        <line num="624" count="5" type="stmt"/>
        <line num="625" count="94" type="stmt"/>
        <line num="630" count="94" type="cond" truecount="2" falsecount="0"/>
        <line num="631" count="10" type="stmt"/>
        <line num="634" count="94" type="cond" truecount="2" falsecount="0"/>
        <line num="635" count="87" type="stmt"/>
        <line num="638" count="94" type="cond" truecount="2" falsecount="0"/>
        <line num="639" count="1" type="stmt"/>
        <line num="642" count="94" type="stmt"/>
      </file>
    </metrics>
  </project>
</coverage>
