{"/Users/carboncopy/Sites/Play/tippyjs/src/js/bindGlobalEventListeners.js": {"path":"/Users/carboncopy/Sites/Play/tippyjs/src/js/bindGlobalEventListeners.js","statementMap":{"0":{"start":{"line":7,"column":31},"end":{"line":23,"column":1}},"1":{"start":{"line":8,"column":2},"end":{"line":10,"column":3}},"2":{"start":{"line":9,"column":4},"end":{"line":9,"column":10}},"3":{"start":{"line":12,"column":2},"end":{"line":12,"column":29}},"4":{"start":{"line":14,"column":2},"end":{"line":16,"column":3}},"5":{"start":{"line":15,"column":4},"end":{"line":15,"column":44}},"6":{"start":{"line":18,"column":2},"end":{"line":20,"column":3}},"7":{"start":{"line":19,"column":4},"end":{"line":19,"column":63}},"8":{"start":{"line":22,"column":2},"end":{"line":22,"column":36}},"9":{"start":{"line":25,"column":24},"end":{"line":25,"column":25}},"10":{"start":{"line":26,"column":35},"end":{"line":40,"column":1}},"11":{"start":{"line":27,"column":14},"end":{"line":27,"column":31}},"12":{"start":{"line":30,"column":2},"end":{"line":37,"column":3}},"13":{"start":{"line":31,"column":4},"end":{"line":31,"column":32}},"14":{"start":{"line":32,"column":4},"end":{"line":32,"column":66}},"15":{"start":{"line":33,"column":4},"end":{"line":35,"column":5}},"16":{"start":{"line":34,"column":6},"end":{"line":34,"column":49}},"17":{"start":{"line":36,"column":4},"end":{"line":36,"column":38}},"18":{"start":{"line":39,"column":2},"end":{"line":39,"column":25}},"19":{"start":{"line":42,"column":31},"end":{"line":73,"column":1}},"20":{"start":{"line":44,"column":2},"end":{"line":46,"column":3}},"21":{"start":{"line":45,"column":4},"end":{"line":45,"column":27}},"22":{"start":{"line":48,"column":20},"end":{"line":48,"column":62}},"23":{"start":{"line":49,"column":17},"end":{"line":49,"column":56}},"24":{"start":{"line":51,"column":2},"end":{"line":53,"column":3}},"25":{"start":{"line":52,"column":4},"end":{"line":52,"column":10}},"26":{"start":{"line":55,"column":2},"end":{"line":70,"column":3}},"27":{"start":{"line":56,"column":24},"end":{"line":56,"column":40}},"28":{"start":{"line":57,"column":23},"end":{"line":57,"column":39}},"29":{"start":{"line":58,"column":27},"end":{"line":58,"column":64}},"30":{"start":{"line":60,"column":4},"end":{"line":65,"column":5}},"31":{"start":{"line":64,"column":6},"end":{"line":64,"column":45}},"32":{"start":{"line":67,"column":4},"end":{"line":69,"column":5}},"33":{"start":{"line":68,"column":6},"end":{"line":68,"column":12}},"34":{"start":{"line":72,"column":2},"end":{"line":72,"column":18}},"35":{"start":{"line":75,"column":28},"end":{"line":80,"column":1}},"36":{"start":{"line":76,"column":32},"end":{"line":76,"column":40}},"37":{"start":{"line":77,"column":2},"end":{"line":79,"column":3}},"38":{"start":{"line":78,"column":4},"end":{"line":78,"column":13}},"39":{"start":{"line":82,"column":30},"end":{"line":89,"column":1}},"40":{"start":{"line":83,"column":2},"end":{"line":88,"column":4}},"41":{"start":{"line":84,"column":26},"end":{"line":84,"column":39}},"42":{"start":{"line":85,"column":4},"end":{"line":87,"column":5}},"43":{"start":{"line":86,"column":6},"end":{"line":86,"column":51}},"44":{"start":{"line":95,"column":2},"end":{"line":95,"column":53}},"45":{"start":{"line":96,"column":2},"end":{"line":96,"column":58}},"46":{"start":{"line":97,"column":2},"end":{"line":97,"column":47}},"47":{"start":{"line":98,"column":2},"end":{"line":98,"column":51}},"48":{"start":{"line":100,"column":2},"end":{"line":105,"column":3}},"49":{"start":{"line":104,"column":4},"end":{"line":104,"column":61}}},"fnMap":{"0":{"name":"(anonymous_0)","decl":{"start":{"line":7,"column":31},"end":{"line":7,"column":32}},"loc":{"start":{"line":7,"column":37},"end":{"line":23,"column":1}},"line":7},"1":{"name":"(anonymous_1)","decl":{"start":{"line":26,"column":35},"end":{"line":26,"column":36}},"loc":{"start":{"line":26,"column":41},"end":{"line":40,"column":1}},"line":26},"2":{"name":"(anonymous_2)","decl":{"start":{"line":42,"column":31},"end":{"line":42,"column":32}},"loc":{"start":{"line":42,"column":40},"end":{"line":73,"column":1}},"line":42},"3":{"name":"(anonymous_3)","decl":{"start":{"line":75,"column":28},"end":{"line":75,"column":29}},"loc":{"start":{"line":75,"column":34},"end":{"line":80,"column":1}},"line":75},"4":{"name":"(anonymous_4)","decl":{"start":{"line":82,"column":30},"end":{"line":82,"column":31}},"loc":{"start":{"line":82,"column":36},"end":{"line":89,"column":1}},"line":82},"5":{"name":"(anonymous_5)","decl":{"start":{"line":83,"column":63},"end":{"line":83,"column":64}},"loc":{"start":{"line":83,"column":73},"end":{"line":88,"column":3}},"line":83},"6":{"name":"bindEventListeners","decl":{"start":{"line":94,"column":24},"end":{"line":94,"column":42}},"loc":{"start":{"line":94,"column":45},"end":{"line":106,"column":1}},"line":94}},"branchMap":{"0":{"loc":{"start":{"line":8,"column":2},"end":{"line":10,"column":3}},"type":"if","locations":[{"start":{"line":8,"column":2},"end":{"line":10,"column":3}},{"start":{"line":8,"column":2},"end":{"line":10,"column":3}}],"line":8},"1":{"loc":{"start":{"line":14,"column":2},"end":{"line":16,"column":3}},"type":"if","locations":[{"start":{"line":14,"column":2},"end":{"line":16,"column":3}},{"start":{"line":14,"column":2},"end":{"line":16,"column":3}}],"line":14},"2":{"loc":{"start":{"line":18,"column":2},"end":{"line":20,"column":3}},"type":"if","locations":[{"start":{"line":18,"column":2},"end":{"line":20,"column":3}},{"start":{"line":18,"column":2},"end":{"line":20,"column":3}}],"line":18},"3":{"loc":{"start":{"line":18,"column":6},"end":{"line":18,"column":61}},"type":"binary-expr","locations":[{"start":{"line":18,"column":6},"end":{"line":18,"column":39}},{"start":{"line":18,"column":43},"end":{"line":18,"column":61}}],"line":18},"4":{"loc":{"start":{"line":30,"column":2},"end":{"line":37,"column":3}},"type":"if","locations":[{"start":{"line":30,"column":2},"end":{"line":37,"column":3}},{"start":{"line":30,"column":2},"end":{"line":37,"column":3}}],"line":30},"5":{"loc":{"start":{"line":33,"column":4},"end":{"line":35,"column":5}},"type":"if","locations":[{"start":{"line":33,"column":4},"end":{"line":35,"column":5}},{"start":{"line":33,"column":4},"end":{"line":35,"column":5}}],"line":33},"6":{"loc":{"start":{"line":44,"column":2},"end":{"line":46,"column":3}},"type":"if","locations":[{"start":{"line":44,"column":2},"end":{"line":46,"column":3}},{"start":{"line":44,"column":2},"end":{"line":46,"column":3}}],"line":44},"7":{"loc":{"start":{"line":51,"column":2},"end":{"line":53,"column":3}},"type":"if","locations":[{"start":{"line":51,"column":2},"end":{"line":53,"column":3}},{"start":{"line":51,"column":2},"end":{"line":53,"column":3}}],"line":51},"8":{"loc":{"start":{"line":51,"column":6},"end":{"line":51,"column":66}},"type":"binary-expr","locations":[{"start":{"line":51,"column":6},"end":{"line":51,"column":12}},{"start":{"line":51,"column":16},"end":{"line":51,"column":29}},{"start":{"line":51,"column":33},"end":{"line":51,"column":66}}],"line":51},"9":{"loc":{"start":{"line":55,"column":2},"end":{"line":70,"column":3}},"type":"if","locations":[{"start":{"line":55,"column":2},"end":{"line":70,"column":3}},{"start":{"line":55,"column":2},"end":{"line":70,"column":3}}],"line":55},"10":{"loc":{"start":{"line":55,"column":6},"end":{"line":55,"column":35}},"type":"binary-expr","locations":[{"start":{"line":55,"column":6},"end":{"line":55,"column":15}},{"start":{"line":55,"column":19},"end":{"line":55,"column":35}}],"line":55},"11":{"loc":{"start":{"line":60,"column":4},"end":{"line":65,"column":5}},"type":"if","locations":[{"start":{"line":60,"column":4},"end":{"line":65,"column":5}},{"start":{"line":60,"column":4},"end":{"line":65,"column":5}}],"line":60},"12":{"loc":{"start":{"line":61,"column":6},"end":{"line":62,"column":37}},"type":"binary-expr","locations":[{"start":{"line":61,"column":7},"end":{"line":61,"column":18}},{"start":{"line":61,"column":22},"end":{"line":61,"column":42}},{"start":{"line":62,"column":7},"end":{"line":62,"column":18}},{"start":{"line":62,"column":22},"end":{"line":62,"column":36}}],"line":61},"13":{"loc":{"start":{"line":67,"column":4},"end":{"line":69,"column":5}},"type":"if","locations":[{"start":{"line":67,"column":4},"end":{"line":69,"column":5}},{"start":{"line":67,"column":4},"end":{"line":69,"column":5}}],"line":67},"14":{"loc":{"start":{"line":67,"column":8},"end":{"line":67,"column":54}},"type":"binary-expr","locations":[{"start":{"line":67,"column":8},"end":{"line":67,"column":36}},{"start":{"line":67,"column":40},"end":{"line":67,"column":54}}],"line":67},"15":{"loc":{"start":{"line":77,"column":2},"end":{"line":79,"column":3}},"type":"if","locations":[{"start":{"line":77,"column":2},"end":{"line":79,"column":3}},{"start":{"line":77,"column":2},"end":{"line":79,"column":3}}],"line":77},"16":{"loc":{"start":{"line":77,"column":6},"end":{"line":77,"column":60}},"type":"binary-expr","locations":[{"start":{"line":77,"column":6},"end":{"line":77,"column":8}},{"start":{"line":77,"column":12},"end":{"line":77,"column":19}},{"start":{"line":77,"column":23},"end":{"line":77,"column":60}}],"line":77},"17":{"loc":{"start":{"line":85,"column":4},"end":{"line":87,"column":5}},"type":"if","locations":[{"start":{"line":85,"column":4},"end":{"line":87,"column":5}},{"start":{"line":85,"column":4},"end":{"line":87,"column":5}}],"line":85},"18":{"loc":{"start":{"line":100,"column":2},"end":{"line":105,"column":3}},"type":"if","locations":[{"start":{"line":100,"column":2},"end":{"line":105,"column":3}},{"start":{"line":100,"column":2},"end":{"line":105,"column":3}}],"line":100},"19":{"loc":{"start":{"line":101,"column":4},"end":{"line":102,"column":60}},"type":"binary-expr","locations":[{"start":{"line":101,"column":4},"end":{"line":101,"column":26}},{"start":{"line":102,"column":5},"end":{"line":102,"column":29}},{"start":{"line":102,"column":33},"end":{"line":102,"column":59}}],"line":101}},"s":{"0":4,"1":4,"2":1,"3":3,"4":3,"5":1,"6":3,"7":3,"8":3,"9":4,"10":4,"11":0,"12":0,"13":0,"14":0,"15":0,"16":0,"17":0,"18":0,"19":4,"20":3,"21":0,"22":3,"23":3,"24":3,"25":1,"26":2,"27":0,"28":0,"29":0,"30":0,"31":0,"32":0,"33":0,"34":2,"35":4,"36":1,"37":1,"38":1,"39":4,"40":1,"41":1,"42":1,"43":1,"44":5,"45":5,"46":5,"47":5,"48":5,"49":1},"f":{"0":4,"1":0,"2":3,"3":1,"4":1,"5":1,"6":5},"b":{"0":[1,3],"1":[1,2],"2":[3,0],"3":[3,3],"4":[0,0],"5":[0,0],"6":[0,3],"7":[1,2],"8":[3,2,2],"9":[0,2],"10":[2,0],"11":[0,0],"12":[0,0,0,0],"13":[0,0],"14":[0,0],"15":[1,0],"16":[1,1,1],"17":[1,0],"18":[1,4],"19":[5,5,4]},"_coverageSchema":"332fd63041d2c1bcb487cc26dd0d5f7d97098a6c","hash":"9411ba40e440c9ee4af50611ba01649c6454b0bb"}
,"/Users/carboncopy/Sites/Play/tippyjs/src/js/browser.js": {"path":"/Users/carboncopy/Sites/Play/tippyjs/src/js/browser.js","statementMap":{"0":{"start":{"line":2,"column":2},"end":{"line":2,"column":66}},"1":{"start":{"line":4,"column":12},"end":{"line":4,"column":38}},"2":{"start":{"line":5,"column":12},"end":{"line":5,"column":35}},"3":{"start":{"line":7,"column":23},"end":{"line":15,"column":1}}},"fnMap":{"0":{"name":"(anonymous_0)","decl":{"start":{"line":14,"column":21},"end":{"line":14,"column":22}},"loc":{"start":{"line":14,"column":27},"end":{"line":14,"column":29}},"line":14}},"branchMap":{"0":{"loc":{"start":{"line":2,"column":2},"end":{"line":2,"column":66}},"type":"binary-expr","locations":[{"start":{"line":2,"column":2},"end":{"line":2,"column":31}},{"start":{"line":2,"column":35},"end":{"line":2,"column":66}}],"line":2},"1":{"loc":{"start":{"line":4,"column":12},"end":{"line":4,"column":38}},"type":"cond-expr","locations":[{"start":{"line":4,"column":24},"end":{"line":4,"column":33}},{"start":{"line":4,"column":36},"end":{"line":4,"column":38}}],"line":4},"2":{"loc":{"start":{"line":5,"column":12},"end":{"line":5,"column":35}},"type":"cond-expr","locations":[{"start":{"line":5,"column":24},"end":{"line":5,"column":30}},{"start":{"line":5,"column":33},"end":{"line":5,"column":35}}],"line":5},"3":{"loc":{"start":{"line":9,"column":9},"end":{"line":9,"column":63}},"type":"binary-expr","locations":[{"start":{"line":9,"column":9},"end":{"line":9,"column":46}},{"start":{"line":9,"column":50},"end":{"line":9,"column":63}}],"line":9}},"s":{"0":9,"1":9,"2":9,"3":9},"f":{"0":2},"b":{"0":[9,9],"1":[9,0],"2":[9,0],"3":[9,0]},"_coverageSchema":"332fd63041d2c1bcb487cc26dd0d5f7d97098a6c","hash":"96ef8c58db07b86b622bf5fca7def7ac776456fb"}
,"/Users/carboncopy/Sites/Play/tippyjs/src/js/createTippy.js": {"path":"/Users/carboncopy/Sites/Play/tippyjs/src/js/createTippy.js","statementMap":{"0":{"start":{"line":26,"column":16},"end":{"line":26,"column":17}},"1":{"start":{"line":30,"column":2},"end":{"line":32,"column":3}},"2":{"start":{"line":31,"column":4},"end":{"line":31,"column":15}},"3":{"start":{"line":35,"column":26},"end":{"line":35,"column":28}},"4":{"start":{"line":36,"column":25},"end":{"line":36,"column":27}},"5":{"start":{"line":37,"column":27},"end":{"line":37,"column":29}},"6":{"start":{"line":38,"column":22},"end":{"line":38,"column":23}},"7":{"start":{"line":39,"column":22},"end":{"line":39,"column":23}},"8":{"start":{"line":40,"column":26},"end":{"line":40,"column":31}},"9":{"start":{"line":41,"column":30},"end":{"line":41,"column":38}},"10":{"start":{"line":45,"column":13},"end":{"line":45,"column":24}},"11":{"start":{"line":47,"column":18},"end":{"line":47,"column":63}},"12":{"start":{"line":50,"column":20},"end":{"line":56,"column":4}},"13":{"start":{"line":58,"column":17},"end":{"line":58,"column":49}},"14":{"start":{"line":60,"column":25},"end":{"line":60,"column":44}},"15":{"start":{"line":62,"column":16},"end":{"line":66,"column":3}},"16":{"start":{"line":68,"column":25},"end":{"line":68,"column":29}},"17":{"start":{"line":71,"column":14},"end":{"line":86,"column":3}},"18":{"start":{"line":88,"column":2},"end":{"line":91,"column":3}},"19":{"start":{"line":89,"column":4},"end":{"line":89,"column":47}},"20":{"start":{"line":90,"column":4},"end":{"line":90,"column":46}},"21":{"start":{"line":93,"column":2},"end":{"line":95,"column":3}},"22":{"start":{"line":94,"column":4},"end":{"line":94,"column":11}},"23":{"start":{"line":98,"column":2},"end":{"line":100,"column":3}},"24":{"start":{"line":99,"column":4},"end":{"line":99,"column":39}},"25":{"start":{"line":103,"column":2},"end":{"line":106,"column":3}},"26":{"start":{"line":109,"column":2},"end":{"line":109,"column":24}},"27":{"start":{"line":110,"column":2},"end":{"line":110,"column":21}},"28":{"start":{"line":112,"column":2},"end":{"line":112,"column":12}},"29":{"start":{"line":116,"column":34},"end":{"line":116,"column":60}},"30":{"start":{"line":118,"column":4},"end":{"line":120,"column":5}},"31":{"start":{"line":119,"column":6},"end":{"line":119,"column":12}},"32":{"start":{"line":122,"column":4},"end":{"line":133,"column":5}},"33":{"start":{"line":123,"column":36},"end":{"line":130,"column":7}},"34":{"start":{"line":135,"column":4},"end":{"line":135,"column":39}},"35":{"start":{"line":139,"column":21},"end":{"line":139,"column":58}},"36":{"start":{"line":140,"column":4},"end":{"line":151,"column":5}},"37":{"start":{"line":141,"column":22},"end":{"line":141,"column":41}},"38":{"start":{"line":142,"column":6},"end":{"line":150,"column":7}},"39":{"start":{"line":143,"column":8},"end":{"line":148,"column":10}},"40":{"start":{"line":149,"column":8},"end":{"line":149,"column":20}},"41":{"start":{"line":155,"column":4},"end":{"line":155,"column":24}},"42":{"start":{"line":157,"column":4},"end":{"line":159,"column":5}},"43":{"start":{"line":158,"column":6},"end":{"line":158,"column":12}},"44":{"start":{"line":162,"column":4},"end":{"line":165,"column":5}},"45":{"start":{"line":163,"column":6},"end":{"line":163,"column":37}},"46":{"start":{"line":164,"column":6},"end":{"line":164,"column":12}},"47":{"start":{"line":167,"column":4},"end":{"line":167,"column":28}},"48":{"start":{"line":169,"column":4},"end":{"line":172,"column":5}},"49":{"start":{"line":170,"column":6},"end":{"line":170,"column":35}},"50":{"start":{"line":171,"column":6},"end":{"line":171,"column":12}},"51":{"start":{"line":176,"column":4},"end":{"line":181,"column":5}},"52":{"start":{"line":177,"column":6},"end":{"line":179,"column":7}},"53":{"start":{"line":178,"column":8},"end":{"line":178,"column":47}},"54":{"start":{"line":180,"column":6},"end":{"line":180,"column":66}},"55":{"start":{"line":183,"column":18},"end":{"line":183,"column":48}},"56":{"start":{"line":185,"column":4},"end":{"line":191,"column":5}},"57":{"start":{"line":186,"column":6},"end":{"line":188,"column":15}},"58":{"start":{"line":187,"column":8},"end":{"line":187,"column":14}},"59":{"start":{"line":190,"column":6},"end":{"line":190,"column":12}},"60":{"start":{"line":195,"column":4},"end":{"line":195,"column":24}},"61":{"start":{"line":197,"column":4},"end":{"line":199,"column":5}},"62":{"start":{"line":198,"column":6},"end":{"line":198,"column":12}},"63":{"start":{"line":201,"column":4},"end":{"line":201,"column":29}},"64":{"start":{"line":203,"column":18},"end":{"line":203,"column":48}},"65":{"start":{"line":205,"column":4},"end":{"line":213,"column":5}},"66":{"start":{"line":206,"column":6},"end":{"line":210,"column":15}},"67":{"start":{"line":207,"column":8},"end":{"line":209,"column":9}},"68":{"start":{"line":208,"column":10},"end":{"line":208,"column":16}},"69":{"start":{"line":212,"column":6},"end":{"line":212,"column":12}},"70":{"start":{"line":217,"column":23},"end":{"line":220,"column":6}},"71":{"start":{"line":222,"column":26},"end":{"line":222,"column":35}},"72":{"start":{"line":224,"column":4},"end":{"line":226,"column":5}},"73":{"start":{"line":225,"column":6},"end":{"line":225,"column":50}},"74":{"start":{"line":228,"column":4},"end":{"line":228,"column":56}},"75":{"start":{"line":229,"column":4},"end":{"line":229,"column":27}},"76":{"start":{"line":230,"column":4},"end":{"line":230,"column":48}},"77":{"start":{"line":231,"column":4},"end":{"line":231,"column":66}},"78":{"start":{"line":232,"column":4},"end":{"line":232,"column":28}},"79":{"start":{"line":234,"column":4},"end":{"line":236,"column":5}},"80":{"start":{"line":235,"column":6},"end":{"line":235,"column":13}},"81":{"start":{"line":240,"column":4},"end":{"line":242,"column":5}},"82":{"start":{"line":241,"column":6},"end":{"line":241,"column":12}},"83":{"start":{"line":245,"column":6},"end":{"line":247,"column":67}},"84":{"start":{"line":249,"column":4},"end":{"line":251,"column":5}},"85":{"start":{"line":250,"column":6},"end":{"line":250,"column":12}},"86":{"start":{"line":253,"column":4},"end":{"line":253,"column":28}},"87":{"start":{"line":256,"column":4},"end":{"line":264,"column":5}},"88":{"start":{"line":261,"column":6},"end":{"line":261,"column":13}},"89":{"start":{"line":263,"column":6},"end":{"line":263,"column":18}},"90":{"start":{"line":268,"column":4},"end":{"line":275,"column":5}},"91":{"start":{"line":274,"column":6},"end":{"line":274,"column":12}},"92":{"start":{"line":277,"column":4},"end":{"line":306,"column":5}},"93":{"start":{"line":278,"column":26},"end":{"line":301,"column":7}},"94":{"start":{"line":279,"column":38},"end":{"line":279,"column":80}},"95":{"start":{"line":281,"column":10},"end":{"line":281,"column":64}},"96":{"start":{"line":282,"column":38},"end":{"line":282,"column":77}},"97":{"start":{"line":284,"column":8},"end":{"line":286,"column":9}},"98":{"start":{"line":285,"column":10},"end":{"line":285,"column":16}},"99":{"start":{"line":288,"column":8},"end":{"line":300,"column":9}},"100":{"start":{"line":296,"column":10},"end":{"line":296,"column":64}},"101":{"start":{"line":297,"column":10},"end":{"line":297,"column":64}},"102":{"start":{"line":299,"column":10},"end":{"line":299,"column":17}},"103":{"start":{"line":303,"column":6},"end":{"line":303,"column":60}},"104":{"start":{"line":304,"column":6},"end":{"line":304,"column":57}},"105":{"start":{"line":305,"column":6},"end":{"line":305,"column":12}},"106":{"start":{"line":308,"column":4},"end":{"line":308,"column":11}},"107":{"start":{"line":312,"column":4},"end":{"line":314,"column":5}},"108":{"start":{"line":313,"column":6},"end":{"line":313,"column":12}},"109":{"start":{"line":316,"column":4},"end":{"line":323,"column":5}},"110":{"start":{"line":317,"column":6},"end":{"line":319,"column":7}},"111":{"start":{"line":318,"column":8},"end":{"line":318,"column":14}},"112":{"start":{"line":320,"column":6},"end":{"line":322,"column":7}},"113":{"start":{"line":321,"column":8},"end":{"line":321,"column":14}},"114":{"start":{"line":325,"column":4},"end":{"line":325,"column":11}},"115":{"start":{"line":329,"column":4},"end":{"line":331,"column":5}},"116":{"start":{"line":330,"column":6},"end":{"line":330,"column":18}},"117":{"start":{"line":335,"column":4},"end":{"line":337,"column":5}},"118":{"start":{"line":336,"column":6},"end":{"line":336,"column":13}},"119":{"start":{"line":341,"column":4},"end":{"line":341,"column":31}},"120":{"start":{"line":342,"column":4},"end":{"line":342,"column":31}},"121":{"start":{"line":346,"column":24},"end":{"line":346,"column":42}},"122":{"start":{"line":347,"column":30},"end":{"line":347,"column":41}},"123":{"start":{"line":350,"column":6},"end":{"line":350,"column":76}},"124":{"start":{"line":351,"column":18},"end":{"line":351,"column":54}},"125":{"start":{"line":353,"column":19},"end":{"line":404,"column":5}},"126":{"start":{"line":380,"column":8},"end":{"line":383,"column":9}},"127":{"start":{"line":385,"column":8},"end":{"line":387,"column":9}},"128":{"start":{"line":386,"column":10},"end":{"line":386,"column":66}},"129":{"start":{"line":390,"column":23},"end":{"line":390,"column":36}},"130":{"start":{"line":391,"column":8},"end":{"line":391,"column":23}},"131":{"start":{"line":392,"column":8},"end":{"line":392,"column":26}},"132":{"start":{"line":393,"column":8},"end":{"line":393,"column":24}},"133":{"start":{"line":394,"column":8},"end":{"line":394,"column":25}},"134":{"start":{"line":395,"column":8},"end":{"line":398,"column":9}},"135":{"start":{"line":400,"column":8},"end":{"line":402,"column":9}},"136":{"start":{"line":401,"column":10},"end":{"line":401,"column":66}},"137":{"start":{"line":410,"column":4},"end":{"line":420,"column":6}},"138":{"start":{"line":413,"column":8},"end":{"line":413,"column":35}},"139":{"start":{"line":422,"column":4},"end":{"line":422,"column":56}},"140":{"start":{"line":426,"column":4},"end":{"line":436,"column":5}},"141":{"start":{"line":427,"column":6},"end":{"line":427,"column":49}},"142":{"start":{"line":428,"column":6},"end":{"line":430,"column":7}},"143":{"start":{"line":429,"column":8},"end":{"line":429,"column":50}},"144":{"start":{"line":432,"column":6},"end":{"line":432,"column":41}},"145":{"start":{"line":433,"column":6},"end":{"line":435,"column":7}},"146":{"start":{"line":434,"column":8},"end":{"line":434,"column":49}},"147":{"start":{"line":440,"column":4},"end":{"line":445,"column":5}},"148":{"start":{"line":441,"column":6},"end":{"line":443,"column":7}},"149":{"start":{"line":442,"column":8},"end":{"line":442,"column":50}},"150":{"start":{"line":444,"column":6},"end":{"line":444,"column":50}},"151":{"start":{"line":447,"column":4},"end":{"line":447,"column":63}},"152":{"start":{"line":449,"column":4},"end":{"line":451,"column":5}},"153":{"start":{"line":450,"column":6},"end":{"line":450,"column":50}},"154":{"start":{"line":455,"column":4},"end":{"line":460,"column":5}},"155":{"start":{"line":464,"column":4},"end":{"line":466,"column":5}},"156":{"start":{"line":465,"column":6},"end":{"line":465,"column":12}},"157":{"start":{"line":468,"column":21},"end":{"line":468,"column":51}},"158":{"start":{"line":469,"column":4},"end":{"line":469,"column":37}},"159":{"start":{"line":471,"column":4},"end":{"line":471,"column":36}},"160":{"start":{"line":475,"column":36},"end":{"line":479,"column":5}},"161":{"start":{"line":476,"column":6},"end":{"line":478,"column":10}},"162":{"start":{"line":481,"column":37},"end":{"line":483,"column":5}},"163":{"start":{"line":482,"column":6},"end":{"line":482,"column":57}},"164":{"start":{"line":485,"column":27},"end":{"line":497,"column":5}},"165":{"start":{"line":486,"column":6},"end":{"line":488,"column":7}},"166":{"start":{"line":487,"column":8},"end":{"line":487,"column":43}},"167":{"start":{"line":490,"column":6},"end":{"line":490,"column":31}},"168":{"start":{"line":492,"column":6},"end":{"line":496,"column":7}},"169":{"start":{"line":493,"column":8},"end":{"line":493,"column":45}},"170":{"start":{"line":495,"column":8},"end":{"line":495,"column":34}},"171":{"start":{"line":499,"column":4},"end":{"line":499,"column":20}},"172":{"start":{"line":504,"column":4},"end":{"line":506,"column":5}},"173":{"start":{"line":505,"column":6},"end":{"line":505,"column":23}},"174":{"start":{"line":508,"column":24},"end":{"line":508,"column":42}},"175":{"start":{"line":510,"column":28},"end":{"line":518,"column":5}},"176":{"start":{"line":511,"column":6},"end":{"line":513,"column":7}},"177":{"start":{"line":512,"column":8},"end":{"line":512,"column":14}},"178":{"start":{"line":514,"column":6},"end":{"line":517,"column":7}},"179":{"start":{"line":520,"column":21},"end":{"line":525,"column":5}},"180":{"start":{"line":521,"column":6},"end":{"line":524,"column":7}},"181":{"start":{"line":522,"column":8},"end":{"line":522,"column":43}},"182":{"start":{"line":523,"column":8},"end":{"line":523,"column":18}},"183":{"start":{"line":527,"column":4},"end":{"line":527,"column":52}},"184":{"start":{"line":528,"column":4},"end":{"line":528,"column":36}},"185":{"start":{"line":530,"column":4},"end":{"line":530,"column":36}},"186":{"start":{"line":535,"column":4},"end":{"line":535,"column":30}},"187":{"start":{"line":539,"column":4},"end":{"line":539,"column":31}},"188":{"start":{"line":543,"column":4},"end":{"line":545,"column":5}},"189":{"start":{"line":544,"column":6},"end":{"line":544,"column":12}},"190":{"start":{"line":548,"column":4},"end":{"line":553,"column":5}},"191":{"start":{"line":552,"column":6},"end":{"line":552,"column":22}},"192":{"start":{"line":556,"column":4},"end":{"line":558,"column":5}},"193":{"start":{"line":557,"column":6},"end":{"line":557,"column":12}},"194":{"start":{"line":560,"column":4},"end":{"line":560,"column":27}},"195":{"start":{"line":562,"column":4},"end":{"line":562,"column":43}},"196":{"start":{"line":563,"column":4},"end":{"line":563,"column":30}},"197":{"start":{"line":566,"column":4},"end":{"line":569,"column":5}},"198":{"start":{"line":571,"column":4},"end":{"line":631,"column":6}},"199":{"start":{"line":572,"column":6},"end":{"line":574,"column":7}},"200":{"start":{"line":573,"column":8},"end":{"line":573,"column":14}},"201":{"start":{"line":576,"column":6},"end":{"line":579,"column":7}},"202":{"start":{"line":578,"column":8},"end":{"line":578,"column":43}},"203":{"start":{"line":582,"column":6},"end":{"line":590,"column":7}},"204":{"start":{"line":583,"column":8},"end":{"line":583,"column":50}},"205":{"start":{"line":584,"column":22},"end":{"line":584,"column":52}},"206":{"start":{"line":585,"column":8},"end":{"line":589,"column":9}},"207":{"start":{"line":586,"column":10},"end":{"line":588,"column":11}},"208":{"start":{"line":592,"column":6},"end":{"line":599,"column":7}},"209":{"start":{"line":601,"column":6},"end":{"line":603,"column":7}},"210":{"start":{"line":602,"column":8},"end":{"line":602,"column":74}},"211":{"start":{"line":605,"column":6},"end":{"line":607,"column":7}},"212":{"start":{"line":606,"column":8},"end":{"line":606,"column":51}},"213":{"start":{"line":609,"column":6},"end":{"line":611,"column":7}},"214":{"start":{"line":610,"column":8},"end":{"line":610,"column":20}},"215":{"start":{"line":613,"column":6},"end":{"line":616,"column":7}},"216":{"start":{"line":618,"column":6},"end":{"line":630,"column":8}},"217":{"start":{"line":619,"column":8},"end":{"line":621,"column":9}},"218":{"start":{"line":620,"column":10},"end":{"line":620,"column":72}},"219":{"start":{"line":623,"column":8},"end":{"line":625,"column":9}},"220":{"start":{"line":624,"column":10},"end":{"line":624,"column":27}},"221":{"start":{"line":627,"column":8},"end":{"line":627,"column":69}},"222":{"start":{"line":629,"column":8},"end":{"line":629,"column":32}},"223":{"start":{"line":635,"column":4},"end":{"line":637,"column":5}},"224":{"start":{"line":636,"column":6},"end":{"line":636,"column":12}},"225":{"start":{"line":639,"column":4},"end":{"line":639,"column":27}},"226":{"start":{"line":641,"column":4},"end":{"line":643,"column":5}},"227":{"start":{"line":642,"column":6},"end":{"line":642,"column":71}},"228":{"start":{"line":645,"column":4},"end":{"line":647,"column":5}},"229":{"start":{"line":646,"column":6},"end":{"line":646,"column":52}},"230":{"start":{"line":649,"column":4},"end":{"line":649,"column":42}},"231":{"start":{"line":650,"column":4},"end":{"line":650,"column":31}},"232":{"start":{"line":652,"column":4},"end":{"line":659,"column":5}},"233":{"start":{"line":661,"column":4},"end":{"line":664,"column":5}},"234":{"start":{"line":666,"column":4},"end":{"line":668,"column":5}},"235":{"start":{"line":667,"column":6},"end":{"line":667,"column":26}},"236":{"start":{"line":676,"column":4},"end":{"line":695,"column":6}},"237":{"start":{"line":677,"column":6},"end":{"line":694,"column":8}},"238":{"start":{"line":678,"column":8},"end":{"line":680,"column":9}},"239":{"start":{"line":679,"column":10},"end":{"line":679,"column":16}},"240":{"start":{"line":682,"column":8},"end":{"line":685,"column":9}},"241":{"start":{"line":683,"column":10},"end":{"line":683,"column":73}},"242":{"start":{"line":684,"column":10},"end":{"line":684,"column":35}},"243":{"start":{"line":687,"column":8},"end":{"line":687,"column":57}},"244":{"start":{"line":689,"column":8},"end":{"line":689,"column":50}},"245":{"start":{"line":691,"column":8},"end":{"line":691,"column":52}},"246":{"start":{"line":693,"column":8},"end":{"line":693,"column":33}},"247":{"start":{"line":699,"column":4},"end":{"line":701,"column":5}},"248":{"start":{"line":700,"column":6},"end":{"line":700,"column":12}},"249":{"start":{"line":704,"column":4},"end":{"line":706,"column":5}},"250":{"start":{"line":705,"column":6},"end":{"line":705,"column":13}},"251":{"start":{"line":708,"column":4},"end":{"line":710,"column":6}},"252":{"start":{"line":709,"column":6},"end":{"line":709,"column":59}},"253":{"start":{"line":712,"column":4},"end":{"line":712,"column":31}},"254":{"start":{"line":714,"column":23},"end":{"line":714,"column":70}},"255":{"start":{"line":715,"column":4},"end":{"line":717,"column":6}},"256":{"start":{"line":716,"column":6},"end":{"line":716,"column":41}},"257":{"start":{"line":719,"column":4},"end":{"line":723,"column":5}},"258":{"start":{"line":720,"column":6},"end":{"line":722,"column":7}},"259":{"start":{"line":721,"column":17},"end":{"line":721,"column":55}},"260":{"start":{"line":725,"column":4},"end":{"line":727,"column":5}},"261":{"start":{"line":726,"column":6},"end":{"line":726,"column":34}},"262":{"start":{"line":729,"column":4},"end":{"line":731,"column":6}},"263":{"start":{"line":730,"column":6},"end":{"line":730,"column":27}},"264":{"start":{"line":733,"column":4},"end":{"line":733,"column":32}}},"fnMap":{"0":{"name":"createTippy","decl":{"start":{"line":28,"column":24},"end":{"line":28,"column":35}},"loc":{"start":{"line":28,"column":66},"end":{"line":735,"column":1}},"line":28},"1":{"name":"(anonymous_1)","decl":{"start":{"line":41,"column":30},"end":{"line":41,"column":31}},"loc":{"start":{"line":41,"column":36},"end":{"line":41,"column":38}},"line":41},"2":{"name":"followCursorListener","decl":{"start":{"line":115,"column":11},"end":{"line":115,"column":31}},"loc":{"start":{"line":115,"column":39},"end":{"line":136,"column":3}},"line":115},"3":{"name":"(anonymous_3)","decl":{"start":{"line":123,"column":29},"end":{"line":123,"column":30}},"loc":{"start":{"line":123,"column":36},"end":{"line":130,"column":7}},"line":123},"4":{"name":"createDelegateChildTippy","decl":{"start":{"line":138,"column":11},"end":{"line":138,"column":35}},"loc":{"start":{"line":138,"column":43},"end":{"line":152,"column":3}},"line":138},"5":{"name":"enter","decl":{"start":{"line":154,"column":11},"end":{"line":154,"column":16}},"loc":{"start":{"line":154,"column":24},"end":{"line":192,"column":3}},"line":154},"6":{"name":"(anonymous_6)","decl":{"start":{"line":186,"column":33},"end":{"line":186,"column":34}},"loc":{"start":{"line":186,"column":39},"end":{"line":188,"column":7}},"line":186},"7":{"name":"leave","decl":{"start":{"line":194,"column":11},"end":{"line":194,"column":16}},"loc":{"start":{"line":194,"column":19},"end":{"line":214,"column":3}},"line":194},"8":{"name":"(anonymous_8)","decl":{"start":{"line":206,"column":33},"end":{"line":206,"column":34}},"loc":{"start":{"line":206,"column":39},"end":{"line":210,"column":7}},"line":206},"9":{"name":"set","decl":{"start":{"line":216,"column":11},"end":{"line":216,"column":14}},"loc":{"start":{"line":216,"column":31},"end":{"line":237,"column":3}},"line":216},"10":{"name":"onTrigger","decl":{"start":{"line":239,"column":11},"end":{"line":239,"column":20}},"loc":{"start":{"line":239,"column":28},"end":{"line":265,"column":3}},"line":239},"11":{"name":"onMouseLeave","decl":{"start":{"line":267,"column":11},"end":{"line":267,"column":23}},"loc":{"start":{"line":267,"column":31},"end":{"line":309,"column":3}},"line":267},"12":{"name":"(anonymous_12)","decl":{"start":{"line":278,"column":26},"end":{"line":278,"column":27}},"loc":{"start":{"line":278,"column":35},"end":{"line":301,"column":7}},"line":278},"13":{"name":"onBlur","decl":{"start":{"line":311,"column":11},"end":{"line":311,"column":17}},"loc":{"start":{"line":311,"column":25},"end":{"line":326,"column":3}},"line":311},"14":{"name":"onDelegateShow","decl":{"start":{"line":328,"column":11},"end":{"line":328,"column":25}},"loc":{"start":{"line":328,"column":33},"end":{"line":332,"column":3}},"line":328},"15":{"name":"onDelegateHide","decl":{"start":{"line":334,"column":11},"end":{"line":334,"column":25}},"loc":{"start":{"line":334,"column":33},"end":{"line":338,"column":3}},"line":334},"16":{"name":"clearDelayTimeouts","decl":{"start":{"line":340,"column":11},"end":{"line":340,"column":29}},"loc":{"start":{"line":340,"column":32},"end":{"line":343,"column":3}},"line":340},"17":{"name":"createPopperInstance","decl":{"start":{"line":345,"column":11},"end":{"line":345,"column":31}},"loc":{"start":{"line":345,"column":34},"end":{"line":423,"column":3}},"line":345},"18":{"name":"(anonymous_18)","decl":{"start":{"line":412,"column":16},"end":{"line":412,"column":17}},"loc":{"start":{"line":412,"column":22},"end":{"line":414,"column":7}},"line":412},"19":{"name":"mount","decl":{"start":{"line":425,"column":11},"end":{"line":425,"column":16}},"loc":{"start":{"line":425,"column":30},"end":{"line":452,"column":3}},"line":425},"20":{"name":"hasFollowCursorBehavior","decl":{"start":{"line":454,"column":11},"end":{"line":454,"column":34}},"loc":{"start":{"line":454,"column":37},"end":{"line":461,"column":3}},"line":454},"21":{"name":"addMutationObserver","decl":{"start":{"line":463,"column":11},"end":{"line":463,"column":30}},"loc":{"start":{"line":463,"column":62},"end":{"line":472,"column":3}},"line":463},"22":{"name":"makeSticky","decl":{"start":{"line":474,"column":11},"end":{"line":474,"column":21}},"loc":{"start":{"line":474,"column":24},"end":{"line":500,"column":3}},"line":474},"23":{"name":"(anonymous_23)","decl":{"start":{"line":475,"column":36},"end":{"line":475,"column":37}},"loc":{"start":{"line":475,"column":42},"end":{"line":479,"column":5}},"line":475},"24":{"name":"(anonymous_24)","decl":{"start":{"line":481,"column":37},"end":{"line":481,"column":38}},"loc":{"start":{"line":481,"column":43},"end":{"line":483,"column":5}},"line":481},"25":{"name":"(anonymous_25)","decl":{"start":{"line":485,"column":27},"end":{"line":485,"column":28}},"loc":{"start":{"line":485,"column":33},"end":{"line":497,"column":5}},"line":485},"26":{"name":"onTransitionEnd","decl":{"start":{"line":502,"column":11},"end":{"line":502,"column":26}},"loc":{"start":{"line":502,"column":47},"end":{"line":531,"column":3}},"line":502},"27":{"name":"(anonymous_27)","decl":{"start":{"line":510,"column":28},"end":{"line":510,"column":29}},"loc":{"start":{"line":510,"column":50},"end":{"line":518,"column":5}},"line":510},"28":{"name":"(anonymous_28)","decl":{"start":{"line":520,"column":21},"end":{"line":520,"column":22}},"loc":{"start":{"line":520,"column":26},"end":{"line":525,"column":5}},"line":520},"29":{"name":"enable","decl":{"start":{"line":534,"column":11},"end":{"line":534,"column":17}},"loc":{"start":{"line":534,"column":20},"end":{"line":536,"column":3}},"line":534},"30":{"name":"disable","decl":{"start":{"line":538,"column":11},"end":{"line":538,"column":18}},"loc":{"start":{"line":538,"column":21},"end":{"line":540,"column":3}},"line":538},"31":{"name":"show","decl":{"start":{"line":542,"column":11},"end":{"line":542,"column":15}},"loc":{"start":{"line":542,"column":62},"end":{"line":632,"column":3}},"line":542},"32":{"name":"(anonymous_32)","decl":{"start":{"line":571,"column":10},"end":{"line":571,"column":11}},"loc":{"start":{"line":571,"column":16},"end":{"line":631,"column":5}},"line":571},"33":{"name":"(anonymous_33)","decl":{"start":{"line":618,"column":32},"end":{"line":618,"column":33}},"loc":{"start":{"line":618,"column":38},"end":{"line":630,"column":7}},"line":618},"34":{"name":"hide","decl":{"start":{"line":634,"column":11},"end":{"line":634,"column":15}},"loc":{"start":{"line":634,"column":62},"end":{"line":696,"column":3}},"line":634},"35":{"name":"(anonymous_35)","decl":{"start":{"line":676,"column":10},"end":{"line":676,"column":11}},"loc":{"start":{"line":676,"column":16},"end":{"line":695,"column":5}},"line":676},"36":{"name":"(anonymous_36)","decl":{"start":{"line":677,"column":32},"end":{"line":677,"column":33}},"loc":{"start":{"line":677,"column":38},"end":{"line":694,"column":7}},"line":677},"37":{"name":"destroy","decl":{"start":{"line":698,"column":11},"end":{"line":698,"column":18}},"loc":{"start":{"line":698,"column":43},"end":{"line":734,"column":3}},"line":698},"38":{"name":"(anonymous_38)","decl":{"start":{"line":708,"column":26},"end":{"line":708,"column":27}},"loc":{"start":{"line":708,"column":54},"end":{"line":710,"column":5}},"line":708},"39":{"name":"(anonymous_39)","decl":{"start":{"line":715,"column":23},"end":{"line":715,"column":24}},"loc":{"start":{"line":715,"column":31},"end":{"line":717,"column":5}},"line":715},"40":{"name":"(anonymous_40)","decl":{"start":{"line":721,"column":8},"end":{"line":721,"column":9}},"loc":{"start":{"line":721,"column":17},"end":{"line":721,"column":55}},"line":721},"41":{"name":"(anonymous_41)","decl":{"start":{"line":729,"column":30},"end":{"line":729,"column":31}},"loc":{"start":{"line":729,"column":42},"end":{"line":731,"column":5}},"line":729}},"branchMap":{"0":{"loc":{"start":{"line":30,"column":2},"end":{"line":32,"column":3}},"type":"if","locations":[{"start":{"line":30,"column":2},"end":{"line":32,"column":3}},{"start":{"line":30,"column":2},"end":{"line":32,"column":3}}],"line":30},"1":{"loc":{"start":{"line":30,"column":6},"end":{"line":30,"column":36}},"type":"binary-expr","locations":[{"start":{"line":30,"column":6},"end":{"line":30,"column":16}},{"start":{"line":30,"column":20},"end":{"line":30,"column":36}}],"line":30},"2":{"loc":{"start":{"line":88,"column":2},"end":{"line":91,"column":3}},"type":"if","locations":[{"start":{"line":88,"column":2},"end":{"line":91,"column":3}},{"start":{"line":88,"column":2},"end":{"line":91,"column":3}}],"line":88},"3":{"loc":{"start":{"line":93,"column":2},"end":{"line":95,"column":3}},"type":"if","locations":[{"start":{"line":93,"column":2},"end":{"line":95,"column":3}},{"start":{"line":93,"column":2},"end":{"line":95,"column":3}}],"line":93},"4":{"loc":{"start":{"line":98,"column":2},"end":{"line":100,"column":3}},"type":"if","locations":[{"start":{"line":98,"column":2},"end":{"line":100,"column":3}},{"start":{"line":98,"column":2},"end":{"line":100,"column":3}}],"line":98},"5":{"loc":{"start":{"line":98,"column":6},"end":{"line":98,"column":75}},"type":"binary-expr","locations":[{"start":{"line":98,"column":6},"end":{"line":98,"column":18}},{"start":{"line":98,"column":22},"end":{"line":98,"column":37}},{"start":{"line":98,"column":41},"end":{"line":98,"column":75}}],"line":98},"6":{"loc":{"start":{"line":105,"column":4},"end":{"line":105,"column":67}},"type":"cond-expr","locations":[{"start":{"line":105,"column":21},"end":{"line":105,"column":42}},{"start":{"line":105,"column":45},"end":{"line":105,"column":67}}],"line":105},"7":{"loc":{"start":{"line":118,"column":4},"end":{"line":120,"column":5}},"type":"if","locations":[{"start":{"line":118,"column":4},"end":{"line":120,"column":5}},{"start":{"line":118,"column":4},"end":{"line":120,"column":5}}],"line":118},"8":{"loc":{"start":{"line":140,"column":4},"end":{"line":151,"column":5}},"type":"if","locations":[{"start":{"line":140,"column":4},"end":{"line":151,"column":5}},{"start":{"line":140,"column":4},"end":{"line":151,"column":5}}],"line":140},"9":{"loc":{"start":{"line":140,"column":8},"end":{"line":140,"column":36}},"type":"binary-expr","locations":[{"start":{"line":140,"column":8},"end":{"line":140,"column":16}},{"start":{"line":140,"column":20},"end":{"line":140,"column":36}}],"line":140},"10":{"loc":{"start":{"line":142,"column":6},"end":{"line":150,"column":7}},"type":"if","locations":[{"start":{"line":142,"column":6},"end":{"line":150,"column":7}},{"start":{"line":142,"column":6},"end":{"line":150,"column":7}}],"line":142},"11":{"loc":{"start":{"line":157,"column":4},"end":{"line":159,"column":5}},"type":"if","locations":[{"start":{"line":157,"column":4},"end":{"line":159,"column":5}},{"start":{"line":157,"column":4},"end":{"line":159,"column":5}}],"line":157},"12":{"loc":{"start":{"line":162,"column":4},"end":{"line":165,"column":5}},"type":"if","locations":[{"start":{"line":162,"column":4},"end":{"line":165,"column":5}},{"start":{"line":162,"column":4},"end":{"line":165,"column":5}}],"line":162},"13":{"loc":{"start":{"line":169,"column":4},"end":{"line":172,"column":5}},"type":"if","locations":[{"start":{"line":169,"column":4},"end":{"line":172,"column":5}},{"start":{"line":169,"column":4},"end":{"line":172,"column":5}}],"line":169},"14":{"loc":{"start":{"line":176,"column":4},"end":{"line":181,"column":5}},"type":"if","locations":[{"start":{"line":176,"column":4},"end":{"line":181,"column":5}},{"start":{"line":176,"column":4},"end":{"line":181,"column":5}}],"line":176},"15":{"loc":{"start":{"line":177,"column":6},"end":{"line":179,"column":7}},"type":"if","locations":[{"start":{"line":177,"column":6},"end":{"line":179,"column":7}},{"start":{"line":177,"column":6},"end":{"line":179,"column":7}}],"line":177},"16":{"loc":{"start":{"line":185,"column":4},"end":{"line":191,"column":5}},"type":"if","locations":[{"start":{"line":185,"column":4},"end":{"line":191,"column":5}},{"start":{"line":185,"column":4},"end":{"line":191,"column":5}}],"line":185},"17":{"loc":{"start":{"line":197,"column":4},"end":{"line":199,"column":5}},"type":"if","locations":[{"start":{"line":197,"column":4},"end":{"line":199,"column":5}},{"start":{"line":197,"column":4},"end":{"line":199,"column":5}}],"line":197},"18":{"loc":{"start":{"line":205,"column":4},"end":{"line":213,"column":5}},"type":"if","locations":[{"start":{"line":205,"column":4},"end":{"line":213,"column":5}},{"start":{"line":205,"column":4},"end":{"line":213,"column":5}}],"line":205},"19":{"loc":{"start":{"line":207,"column":8},"end":{"line":209,"column":9}},"type":"if","locations":[{"start":{"line":207,"column":8},"end":{"line":209,"column":9}},{"start":{"line":207,"column":8},"end":{"line":209,"column":9}}],"line":207},"20":{"loc":{"start":{"line":224,"column":4},"end":{"line":226,"column":5}},"type":"if","locations":[{"start":{"line":224,"column":4},"end":{"line":226,"column":5}},{"start":{"line":224,"column":4},"end":{"line":226,"column":5}}],"line":224},"21":{"loc":{"start":{"line":224,"column":8},"end":{"line":224,"column":62}},"type":"binary-expr","locations":[{"start":{"line":224,"column":8},"end":{"line":224,"column":17}},{"start":{"line":224,"column":21},"end":{"line":224,"column":62}}],"line":224},"22":{"loc":{"start":{"line":231,"column":4},"end":{"line":231,"column":66}},"type":"binary-expr","locations":[{"start":{"line":231,"column":4},"end":{"line":231,"column":22}},{"start":{"line":231,"column":27},"end":{"line":231,"column":65}}],"line":231},"23":{"loc":{"start":{"line":234,"column":4},"end":{"line":236,"column":5}},"type":"if","locations":[{"start":{"line":234,"column":4},"end":{"line":236,"column":5}},{"start":{"line":234,"column":4},"end":{"line":236,"column":5}}],"line":234},"24":{"loc":{"start":{"line":240,"column":4},"end":{"line":242,"column":5}},"type":"if","locations":[{"start":{"line":240,"column":4},"end":{"line":242,"column":5}},{"start":{"line":240,"column":4},"end":{"line":242,"column":5}}],"line":240},"25":{"loc":{"start":{"line":245,"column":6},"end":{"line":247,"column":67}},"type":"binary-expr","locations":[{"start":{"line":245,"column":6},"end":{"line":245,"column":27}},{"start":{"line":246,"column":6},"end":{"line":246,"column":26}},{"start":{"line":247,"column":6},"end":{"line":247,"column":67}}],"line":245},"26":{"loc":{"start":{"line":249,"column":4},"end":{"line":251,"column":5}},"type":"if","locations":[{"start":{"line":249,"column":4},"end":{"line":251,"column":5}},{"start":{"line":249,"column":4},"end":{"line":251,"column":5}}],"line":249},"27":{"loc":{"start":{"line":249,"column":8},"end":{"line":249,"column":48}},"type":"binary-expr","locations":[{"start":{"line":249,"column":8},"end":{"line":249,"column":23}},{"start":{"line":249,"column":27},"end":{"line":249,"column":48}}],"line":249},"28":{"loc":{"start":{"line":256,"column":4},"end":{"line":264,"column":5}},"type":"if","locations":[{"start":{"line":256,"column":4},"end":{"line":264,"column":5}},{"start":{"line":256,"column":4},"end":{"line":264,"column":5}}],"line":256},"29":{"loc":{"start":{"line":257,"column":6},"end":{"line":259,"column":25}},"type":"binary-expr","locations":[{"start":{"line":257,"column":6},"end":{"line":257,"column":28}},{"start":{"line":258,"column":6},"end":{"line":258,"column":46}},{"start":{"line":259,"column":6},"end":{"line":259,"column":25}}],"line":257},"30":{"loc":{"start":{"line":268,"column":4},"end":{"line":275,"column":5}},"type":"if","locations":[{"start":{"line":268,"column":4},"end":{"line":275,"column":5}},{"start":{"line":268,"column":4},"end":{"line":275,"column":5}}],"line":268},"31":{"loc":{"start":{"line":269,"column":6},"end":{"line":272,"column":27}},"type":"binary-expr","locations":[{"start":{"line":269,"column":6},"end":{"line":269,"column":57}},{"start":{"line":270,"column":6},"end":{"line":270,"column":27}},{"start":{"line":271,"column":6},"end":{"line":271,"column":26}},{"start":{"line":272,"column":6},"end":{"line":272,"column":27}}],"line":269},"32":{"loc":{"start":{"line":277,"column":4},"end":{"line":306,"column":5}},"type":"if","locations":[{"start":{"line":277,"column":4},"end":{"line":306,"column":5}},{"start":{"line":277,"column":4},"end":{"line":306,"column":5}}],"line":277},"33":{"loc":{"start":{"line":284,"column":8},"end":{"line":286,"column":9}},"type":"if","locations":[{"start":{"line":284,"column":8},"end":{"line":286,"column":9}},{"start":{"line":284,"column":8},"end":{"line":286,"column":9}}],"line":284},"34":{"loc":{"start":{"line":284,"column":12},"end":{"line":284,"column":55}},"type":"binary-expr","locations":[{"start":{"line":284,"column":12},"end":{"line":284,"column":30}},{"start":{"line":284,"column":34},"end":{"line":284,"column":55}}],"line":284},"35":{"loc":{"start":{"line":288,"column":8},"end":{"line":300,"column":9}},"type":"if","locations":[{"start":{"line":288,"column":8},"end":{"line":300,"column":9}},{"start":{"line":288,"column":8},"end":{"line":300,"column":9}}],"line":288},"36":{"loc":{"start":{"line":312,"column":4},"end":{"line":314,"column":5}},"type":"if","locations":[{"start":{"line":312,"column":4},"end":{"line":314,"column":5}},{"start":{"line":312,"column":4},"end":{"line":314,"column":5}}],"line":312},"37":{"loc":{"start":{"line":312,"column":8},"end":{"line":312,"column":62}},"type":"binary-expr","locations":[{"start":{"line":312,"column":8},"end":{"line":312,"column":38}},{"start":{"line":312,"column":42},"end":{"line":312,"column":62}}],"line":312},"38":{"loc":{"start":{"line":316,"column":4},"end":{"line":323,"column":5}},"type":"if","locations":[{"start":{"line":316,"column":4},"end":{"line":323,"column":5}},{"start":{"line":316,"column":4},"end":{"line":323,"column":5}}],"line":316},"39":{"loc":{"start":{"line":317,"column":6},"end":{"line":319,"column":7}},"type":"if","locations":[{"start":{"line":317,"column":6},"end":{"line":319,"column":7}},{"start":{"line":317,"column":6},"end":{"line":319,"column":7}}],"line":317},"40":{"loc":{"start":{"line":320,"column":6},"end":{"line":322,"column":7}},"type":"if","locations":[{"start":{"line":320,"column":6},"end":{"line":322,"column":7}},{"start":{"line":320,"column":6},"end":{"line":322,"column":7}}],"line":320},"41":{"loc":{"start":{"line":329,"column":4},"end":{"line":331,"column":5}},"type":"if","locations":[{"start":{"line":329,"column":4},"end":{"line":331,"column":5}},{"start":{"line":329,"column":4},"end":{"line":331,"column":5}}],"line":329},"42":{"loc":{"start":{"line":335,"column":4},"end":{"line":337,"column":5}},"type":"if","locations":[{"start":{"line":335,"column":4},"end":{"line":337,"column":5}},{"start":{"line":335,"column":4},"end":{"line":337,"column":5}}],"line":335},"43":{"loc":{"start":{"line":350,"column":16},"end":{"line":350,"column":75}},"type":"cond-expr","locations":[{"start":{"line":350,"column":52},"end":{"line":350,"column":65}},{"start":{"line":350,"column":68},"end":{"line":350,"column":75}}],"line":350},"44":{"loc":{"start":{"line":355,"column":10},"end":{"line":355,"column":29}},"type":"binary-expr","locations":[{"start":{"line":355,"column":10},"end":{"line":355,"column":23}},{"start":{"line":355,"column":27},"end":{"line":355,"column":29}}],"line":355},"45":{"loc":{"start":{"line":357,"column":12},"end":{"line":357,"column":56}},"type":"cond-expr","locations":[{"start":{"line":357,"column":28},"end":{"line":357,"column":51}},{"start":{"line":357,"column":54},"end":{"line":357,"column":56}}],"line":357},"46":{"loc":{"start":{"line":360,"column":14},"end":{"line":362,"column":16}},"type":"cond-expr","locations":[{"start":{"line":361,"column":14},"end":{"line":361,"column":43}},{"start":{"line":362,"column":14},"end":{"line":362,"column":16}}],"line":360},"47":{"loc":{"start":{"line":360,"column":14},"end":{"line":360,"column":54}},"type":"binary-expr","locations":[{"start":{"line":360,"column":14},"end":{"line":360,"column":27}},{"start":{"line":360,"column":31},"end":{"line":360,"column":54}}],"line":360},"48":{"loc":{"start":{"line":368,"column":14},"end":{"line":370,"column":16}},"type":"cond-expr","locations":[{"start":{"line":369,"column":14},"end":{"line":369,"column":42}},{"start":{"line":370,"column":14},"end":{"line":370,"column":16}}],"line":368},"49":{"loc":{"start":{"line":368,"column":14},"end":{"line":368,"column":54}},"type":"binary-expr","locations":[{"start":{"line":368,"column":14},"end":{"line":368,"column":27}},{"start":{"line":368,"column":31},"end":{"line":368,"column":54}}],"line":368},"50":{"loc":{"start":{"line":374,"column":14},"end":{"line":376,"column":16}},"type":"cond-expr","locations":[{"start":{"line":375,"column":14},"end":{"line":375,"column":44}},{"start":{"line":376,"column":14},"end":{"line":376,"column":16}}],"line":374},"51":{"loc":{"start":{"line":374,"column":14},"end":{"line":374,"column":54}},"type":"binary-expr","locations":[{"start":{"line":374,"column":14},"end":{"line":374,"column":27}},{"start":{"line":374,"column":31},"end":{"line":374,"column":54}}],"line":374},"52":{"loc":{"start":{"line":385,"column":8},"end":{"line":387,"column":9}},"type":"if","locations":[{"start":{"line":385,"column":8},"end":{"line":387,"column":9}},{"start":{"line":385,"column":8},"end":{"line":387,"column":9}}],"line":385},"53":{"loc":{"start":{"line":385,"column":12},"end":{"line":385,"column":43}},"type":"binary-expr","locations":[{"start":{"line":385,"column":12},"end":{"line":385,"column":17}},{"start":{"line":385,"column":21},"end":{"line":385,"column":43}}],"line":385},"54":{"loc":{"start":{"line":400,"column":8},"end":{"line":402,"column":9}},"type":"if","locations":[{"start":{"line":400,"column":8},"end":{"line":402,"column":9}},{"start":{"line":400,"column":8},"end":{"line":402,"column":9}}],"line":400},"55":{"loc":{"start":{"line":400,"column":12},"end":{"line":400,"column":47}},"type":"binary-expr","locations":[{"start":{"line":400,"column":12},"end":{"line":400,"column":17}},{"start":{"line":400,"column":21},"end":{"line":400,"column":47}}],"line":400},"56":{"loc":{"start":{"line":426,"column":4},"end":{"line":436,"column":5}},"type":"if","locations":[{"start":{"line":426,"column":4},"end":{"line":436,"column":5}},{"start":{"line":426,"column":4},"end":{"line":436,"column":5}}],"line":426},"57":{"loc":{"start":{"line":428,"column":6},"end":{"line":430,"column":7}},"type":"if","locations":[{"start":{"line":428,"column":6},"end":{"line":430,"column":7}},{"start":{"line":428,"column":6},"end":{"line":430,"column":7}}],"line":428},"58":{"loc":{"start":{"line":433,"column":6},"end":{"line":435,"column":7}},"type":"if","locations":[{"start":{"line":433,"column":6},"end":{"line":435,"column":7}},{"start":{"line":433,"column":6},"end":{"line":435,"column":7}}],"line":433},"59":{"loc":{"start":{"line":433,"column":10},"end":{"line":433,"column":65}},"type":"binary-expr","locations":[{"start":{"line":433,"column":10},"end":{"line":433,"column":35}},{"start":{"line":433,"column":39},"end":{"line":433,"column":65}}],"line":433},"60":{"loc":{"start":{"line":440,"column":4},"end":{"line":445,"column":5}},"type":"if","locations":[{"start":{"line":440,"column":4},"end":{"line":445,"column":5}},{"start":{"line":440,"column":4},"end":{"line":445,"column":5}}],"line":440},"61":{"loc":{"start":{"line":441,"column":6},"end":{"line":443,"column":7}},"type":"if","locations":[{"start":{"line":441,"column":6},"end":{"line":443,"column":7}},{"start":{"line":441,"column":6},"end":{"line":443,"column":7}}],"line":441},"62":{"loc":{"start":{"line":449,"column":4},"end":{"line":451,"column":5}},"type":"if","locations":[{"start":{"line":449,"column":4},"end":{"line":451,"column":5}},{"start":{"line":449,"column":4},"end":{"line":451,"column":5}}],"line":449},"63":{"loc":{"start":{"line":456,"column":6},"end":{"line":459,"column":39}},"type":"binary-expr","locations":[{"start":{"line":456,"column":6},"end":{"line":456,"column":30}},{"start":{"line":457,"column":6},"end":{"line":457,"column":27}},{"start":{"line":458,"column":6},"end":{"line":458,"column":22}},{"start":{"line":459,"column":6},"end":{"line":459,"column":39}}],"line":456},"64":{"loc":{"start":{"line":464,"column":4},"end":{"line":466,"column":5}},"type":"if","locations":[{"start":{"line":464,"column":4},"end":{"line":466,"column":5}},{"start":{"line":464,"column":4},"end":{"line":466,"column":5}}],"line":464},"65":{"loc":{"start":{"line":486,"column":6},"end":{"line":488,"column":7}},"type":"if","locations":[{"start":{"line":486,"column":6},"end":{"line":488,"column":7}},{"start":{"line":486,"column":6},"end":{"line":488,"column":7}}],"line":486},"66":{"loc":{"start":{"line":492,"column":6},"end":{"line":496,"column":7}},"type":"if","locations":[{"start":{"line":492,"column":6},"end":{"line":496,"column":7}},{"start":{"line":492,"column":6},"end":{"line":496,"column":7}}],"line":492},"67":{"loc":{"start":{"line":504,"column":4},"end":{"line":506,"column":5}},"type":"if","locations":[{"start":{"line":504,"column":4},"end":{"line":506,"column":5}},{"start":{"line":504,"column":4},"end":{"line":506,"column":5}}],"line":504},"68":{"loc":{"start":{"line":511,"column":6},"end":{"line":513,"column":7}},"type":"if","locations":[{"start":{"line":511,"column":6},"end":{"line":513,"column":7}},{"start":{"line":511,"column":6},"end":{"line":513,"column":7}}],"line":511},"69":{"loc":{"start":{"line":515,"column":8},"end":{"line":515,"column":77}},"type":"cond-expr","locations":[{"start":{"line":515,"column":38},"end":{"line":515,"column":53}},{"start":{"line":515,"column":56},"end":{"line":515,"column":77}}],"line":515},"70":{"loc":{"start":{"line":521,"column":6},"end":{"line":524,"column":7}},"type":"if","locations":[{"start":{"line":521,"column":6},"end":{"line":524,"column":7}},{"start":{"line":521,"column":6},"end":{"line":524,"column":7}}],"line":521},"71":{"loc":{"start":{"line":542,"column":16},"end":{"line":542,"column":60}},"type":"default-arg","locations":[{"start":{"line":542,"column":27},"end":{"line":542,"column":60}}],"line":542},"72":{"loc":{"start":{"line":543,"column":4},"end":{"line":545,"column":5}},"type":"if","locations":[{"start":{"line":543,"column":4},"end":{"line":545,"column":5}},{"start":{"line":543,"column":4},"end":{"line":545,"column":5}}],"line":543},"73":{"loc":{"start":{"line":543,"column":8},"end":{"line":543,"column":53}},"type":"binary-expr","locations":[{"start":{"line":543,"column":8},"end":{"line":543,"column":29}},{"start":{"line":543,"column":33},"end":{"line":543,"column":53}}],"line":543},"74":{"loc":{"start":{"line":548,"column":4},"end":{"line":553,"column":5}},"type":"if","locations":[{"start":{"line":548,"column":4},"end":{"line":553,"column":5}},{"start":{"line":548,"column":4},"end":{"line":553,"column":5}}],"line":548},"75":{"loc":{"start":{"line":549,"column":6},"end":{"line":550,"column":55}},"type":"binary-expr","locations":[{"start":{"line":549,"column":6},"end":{"line":549,"column":30}},{"start":{"line":550,"column":6},"end":{"line":550,"column":55}}],"line":549},"76":{"loc":{"start":{"line":556,"column":4},"end":{"line":558,"column":5}},"type":"if","locations":[{"start":{"line":556,"column":4},"end":{"line":558,"column":5}},{"start":{"line":556,"column":4},"end":{"line":558,"column":5}}],"line":556},"77":{"loc":{"start":{"line":572,"column":6},"end":{"line":574,"column":7}},"type":"if","locations":[{"start":{"line":572,"column":6},"end":{"line":574,"column":7}},{"start":{"line":572,"column":6},"end":{"line":574,"column":7}}],"line":572},"78":{"loc":{"start":{"line":576,"column":6},"end":{"line":579,"column":7}},"type":"if","locations":[{"start":{"line":576,"column":6},"end":{"line":579,"column":7}},{"start":{"line":576,"column":6},"end":{"line":579,"column":7}}],"line":576},"79":{"loc":{"start":{"line":582,"column":6},"end":{"line":590,"column":7}},"type":"if","locations":[{"start":{"line":582,"column":6},"end":{"line":590,"column":7}},{"start":{"line":582,"column":6},"end":{"line":590,"column":7}}],"line":582},"80":{"loc":{"start":{"line":585,"column":8},"end":{"line":589,"column":9}},"type":"if","locations":[{"start":{"line":585,"column":8},"end":{"line":589,"column":9}},{"start":{"line":585,"column":8},"end":{"line":589,"column":9}}],"line":585},"81":{"loc":{"start":{"line":587,"column":12},"end":{"line":587,"column":79}},"type":"cond-expr","locations":[{"start":{"line":587,"column":42},"end":{"line":587,"column":60}},{"start":{"line":587,"column":63},"end":{"line":587,"column":79}}],"line":587},"82":{"loc":{"start":{"line":587,"column":12},"end":{"line":587,"column":39}},"type":"binary-expr","locations":[{"start":{"line":587,"column":12},"end":{"line":587,"column":17}},{"start":{"line":587,"column":21},"end":{"line":587,"column":39}}],"line":587},"83":{"loc":{"start":{"line":596,"column":10},"end":{"line":596,"column":73}},"type":"cond-expr","locations":[{"start":{"line":596,"column":40},"end":{"line":596,"column":66}},{"start":{"line":596,"column":69},"end":{"line":596,"column":73}}],"line":596},"84":{"loc":{"start":{"line":601,"column":6},"end":{"line":603,"column":7}},"type":"if","locations":[{"start":{"line":601,"column":6},"end":{"line":603,"column":7}},{"start":{"line":601,"column":6},"end":{"line":603,"column":7}}],"line":601},"85":{"loc":{"start":{"line":605,"column":6},"end":{"line":607,"column":7}},"type":"if","locations":[{"start":{"line":605,"column":6},"end":{"line":607,"column":7}},{"start":{"line":605,"column":6},"end":{"line":607,"column":7}}],"line":605},"86":{"loc":{"start":{"line":609,"column":6},"end":{"line":611,"column":7}},"type":"if","locations":[{"start":{"line":609,"column":6},"end":{"line":611,"column":7}},{"start":{"line":609,"column":6},"end":{"line":611,"column":7}}],"line":609},"87":{"loc":{"start":{"line":619,"column":8},"end":{"line":621,"column":9}},"type":"if","locations":[{"start":{"line":619,"column":8},"end":{"line":621,"column":9}},{"start":{"line":619,"column":8},"end":{"line":621,"column":9}}],"line":619},"88":{"loc":{"start":{"line":623,"column":8},"end":{"line":625,"column":9}},"type":"if","locations":[{"start":{"line":623,"column":8},"end":{"line":625,"column":9}},{"start":{"line":623,"column":8},"end":{"line":625,"column":9}}],"line":623},"89":{"loc":{"start":{"line":634,"column":16},"end":{"line":634,"column":60}},"type":"default-arg","locations":[{"start":{"line":634,"column":27},"end":{"line":634,"column":60}}],"line":634},"90":{"loc":{"start":{"line":635,"column":4},"end":{"line":637,"column":5}},"type":"if","locations":[{"start":{"line":635,"column":4},"end":{"line":637,"column":5}},{"start":{"line":635,"column":4},"end":{"line":637,"column":5}}],"line":635},"91":{"loc":{"start":{"line":635,"column":8},"end":{"line":635,"column":53}},"type":"binary-expr","locations":[{"start":{"line":635,"column":8},"end":{"line":635,"column":29}},{"start":{"line":635,"column":33},"end":{"line":635,"column":53}}],"line":635},"92":{"loc":{"start":{"line":641,"column":4},"end":{"line":643,"column":5}},"type":"if","locations":[{"start":{"line":641,"column":4},"end":{"line":643,"column":5}},{"start":{"line":641,"column":4},"end":{"line":643,"column":5}}],"line":641},"93":{"loc":{"start":{"line":645,"column":4},"end":{"line":647,"column":5}},"type":"if","locations":[{"start":{"line":645,"column":4},"end":{"line":647,"column":5}},{"start":{"line":645,"column":4},"end":{"line":647,"column":5}}],"line":645},"94":{"loc":{"start":{"line":656,"column":8},"end":{"line":656,"column":71}},"type":"cond-expr","locations":[{"start":{"line":656,"column":38},"end":{"line":656,"column":64}},{"start":{"line":656,"column":67},"end":{"line":656,"column":71}}],"line":656},"95":{"loc":{"start":{"line":666,"column":4},"end":{"line":668,"column":5}},"type":"if","locations":[{"start":{"line":666,"column":4},"end":{"line":668,"column":5}},{"start":{"line":666,"column":4},"end":{"line":668,"column":5}}],"line":666},"96":{"loc":{"start":{"line":666,"column":8},"end":{"line":666,"column":76}},"type":"binary-expr","locations":[{"start":{"line":666,"column":8},"end":{"line":666,"column":31}},{"start":{"line":666,"column":35},"end":{"line":666,"column":76}}],"line":666},"97":{"loc":{"start":{"line":678,"column":8},"end":{"line":680,"column":9}},"type":"if","locations":[{"start":{"line":678,"column":8},"end":{"line":680,"column":9}},{"start":{"line":678,"column":8},"end":{"line":680,"column":9}}],"line":678},"98":{"loc":{"start":{"line":678,"column":12},"end":{"line":678,"column":77}},"type":"binary-expr","locations":[{"start":{"line":678,"column":12},"end":{"line":678,"column":31}},{"start":{"line":678,"column":35},"end":{"line":678,"column":77}}],"line":678},"99":{"loc":{"start":{"line":682,"column":8},"end":{"line":685,"column":9}},"type":"if","locations":[{"start":{"line":682,"column":8},"end":{"line":685,"column":9}},{"start":{"line":682,"column":8},"end":{"line":685,"column":9}}],"line":682},"100":{"loc":{"start":{"line":699,"column":4},"end":{"line":701,"column":5}},"type":"if","locations":[{"start":{"line":699,"column":4},"end":{"line":701,"column":5}},{"start":{"line":699,"column":4},"end":{"line":701,"column":5}}],"line":699},"101":{"loc":{"start":{"line":704,"column":4},"end":{"line":706,"column":5}},"type":"if","locations":[{"start":{"line":704,"column":4},"end":{"line":706,"column":5}},{"start":{"line":704,"column":4},"end":{"line":706,"column":5}}],"line":704},"102":{"loc":{"start":{"line":719,"column":4},"end":{"line":723,"column":5}},"type":"if","locations":[{"start":{"line":719,"column":4},"end":{"line":723,"column":5}},{"start":{"line":719,"column":4},"end":{"line":723,"column":5}}],"line":719},"103":{"loc":{"start":{"line":719,"column":8},"end":{"line":719,"column":52}},"type":"binary-expr","locations":[{"start":{"line":719,"column":8},"end":{"line":719,"column":26}},{"start":{"line":719,"column":30},"end":{"line":719,"column":52}}],"line":719},"104":{"loc":{"start":{"line":721,"column":17},"end":{"line":721,"column":55}},"type":"binary-expr","locations":[{"start":{"line":721,"column":17},"end":{"line":721,"column":29}},{"start":{"line":721,"column":33},"end":{"line":721,"column":55}}],"line":721},"105":{"loc":{"start":{"line":725,"column":4},"end":{"line":727,"column":5}},"type":"if","locations":[{"start":{"line":725,"column":4},"end":{"line":727,"column":5}},{"start":{"line":725,"column":4},"end":{"line":727,"column":5}}],"line":725}},"s":{"0":5,"1":87,"2":3,"3":84,"4":84,"5":84,"6":84,"7":84,"8":84,"9":84,"10":84,"11":84,"12":84,"13":84,"14":84,"15":84,"16":84,"17":84,"18":84,"19":6,"20":6,"21":84,"22":10,"23":84,"24":79,"25":84,"26":84,"27":84,"28":84,"29":0,"30":0,"31":0,"32":0,"33":0,"34":0,"35":0,"36":0,"37":0,"38":0,"39":0,"40":0,"41":20,"42":20,"43":0,"44":20,"45":0,"46":0,"47":20,"48":20,"49":0,"50":0,"51":20,"52":0,"53":0,"54":0,"55":20,"56":20,"57":4,"58":2,"59":16,"60":7,"61":7,"62":0,"63":7,"64":7,"65":7,"66":1,"67":1,"68":1,"69":6,"70":5,"71":5,"72":5,"73":0,"74":5,"75":5,"76":5,"77":5,"78":5,"79":5,"80":0,"81":11,"82":0,"83":11,"84":11,"85":0,"86":11,"87":11,"88":1,"89":10,"90":3,"91":0,"92":3,"93":0,"94":0,"95":0,"96":0,"97":0,"98":0,"99":0,"100":0,"101":0,"102":0,"103":0,"104":0,"105":0,"106":3,"107":3,"108":0,"109":3,"110":0,"111":0,"112":0,"113":0,"114":3,"115":0,"116":0,"117":0,"118":0,"119":27,"120":27,"121":35,"122":35,"123":35,"124":35,"125":35,"126":5,"127":5,"128":0,"129":28,"130":28,"131":28,"132":28,"133":28,"134":28,"135":28,"136":0,"137":35,"138":0,"139":35,"140":31,"141":29,"142":29,"143":0,"144":2,"145":2,"146":1,"147":31,"148":0,"149":0,"150":0,"151":31,"152":31,"153":30,"154":68,"155":35,"156":0,"157":35,"158":35,"159":35,"160":0,"161":0,"162":0,"163":0,"164":0,"165":0,"166":0,"167":0,"168":0,"169":0,"170":0,"171":0,"172":24,"173":13,"174":11,"175":11,"176":22,"177":0,"178":22,"179":11,"180":0,"181":0,"182":0,"183":11,"184":11,"185":11,"186":2,"187":2,"188":33,"189":1,"190":32,"191":0,"192":32,"193":1,"194":31,"195":31,"196":31,"197":31,"198":31,"199":27,"200":19,"201":8,"202":8,"203":8,"204":0,"205":0,"206":0,"207":0,"208":8,"209":8,"210":8,"211":8,"212":4,"213":8,"214":0,"215":8,"216":8,"217":0,"218":0,"219":0,"220":0,"221":0,"222":0,"223":26,"224":0,"225":26,"226":26,"227":0,"228":26,"229":0,"230":26,"231":26,"232":26,"233":26,"234":26,"235":0,"236":26,"237":16,"238":13,"239":3,"240":10,"241":0,"242":0,"243":10,"244":10,"245":10,"246":10,"247":17,"248":1,"249":16,"250":4,"251":16,"252":62,"253":16,"254":16,"255":16,"256":32,"257":16,"258":1,"259":1,"260":16,"261":5,"262":16,"263":5,"264":16},"f":{"0":87,"1":0,"2":0,"3":0,"4":0,"5":20,"6":2,"7":7,"8":1,"9":5,"10":11,"11":3,"12":0,"13":3,"14":0,"15":0,"16":27,"17":35,"18":0,"19":31,"20":68,"21":35,"22":0,"23":0,"24":0,"25":0,"26":24,"27":22,"28":0,"29":2,"30":2,"31":33,"32":27,"33":0,"34":26,"35":16,"36":13,"37":17,"38":62,"39":32,"40":1,"41":5},"b":{"0":[3,84],"1":[87,86],"2":[6,78],"3":[10,74],"4":[79,5],"5":[84,83,82],"6":[1,83],"7":[0,0],"8":[0,0],"9":[0,0],"10":[0,0],"11":[0,20],"12":[0,20],"13":[0,20],"14":[0,20],"15":[0,0],"16":[4,16],"17":[0,7],"18":[1,6],"19":[1,0],"20":[0,5],"21":[5,0],"22":[5,1],"23":[0,5],"24":[0,11],"25":[11,0,0],"26":[0,11],"27":[11,0],"28":[1,10],"29":[11,2,2],"30":[0,3],"31":[3,3,0,0],"32":[0,3],"33":[0,0],"34":[0,0],"35":[0,0],"36":[0,3],"37":[3,3],"38":[0,3],"39":[0,0],"40":[0,0],"41":[0,0],"42":[0,0],"43":[0,35],"44":[35,0],"45":[35,0],"46":[0,35],"47":[35,35],"48":[0,35],"49":[35,35],"50":[0,35],"51":[35,35],"52":[0,5],"53":[5,0],"54":[0,28],"55":[28,0],"56":[29,2],"57":[0,29],"58":[1,1],"59":[2,1],"60":[0,31],"61":[0,0],"62":[30,1],"63":[68,0,0,0],"64":[0,35],"65":[0,0],"66":[0,0],"67":[13,11],"68":[0,22],"69":[0,22],"70":[0,0],"71":[30],"72":[1,32],"73":[33,33],"74":[0,32],"75":[32,32],"76":[1,31],"77":[19,8],"78":[8,0],"79":[0,8],"80":[0,0],"81":[0,0],"82":[0,0],"83":[8,0],"84":[8,0],"85":[4,4],"86":[0,8],"87":[0,0],"88":[0,0],"89":[20],"90":[0,26],"91":[26,26],"92":[0,26],"93":[0,26],"94":[26,0],"95":[0,26],"96":[26,0],"97":[3,10],"98":[13,13],"99":[0,10],"100":[1,16],"101":[4,12],"102":[1,15],"103":[16,1],"104":[1,1],"105":[5,11]},"_coverageSchema":"332fd63041d2c1bcb487cc26dd0d5f7d97098a6c","hash":"c8c519df5bcb4d9f8ca6f60db89588442460770f"}
,"/Users/carboncopy/Sites/Play/tippyjs/src/js/defaults.js": {"path":"/Users/carboncopy/Sites/Play/tippyjs/src/js/defaults.js","statementMap":{"0":{"start":{"line":1,"column":22},"end":{"line":42,"column":1}},"1":{"start":{"line":24,"column":18},"end":{"line":24,"column":31}},"2":{"start":{"line":44,"column":27},"end":{"line":46,"column":1}},"3":{"start":{"line":45,"column":2},"end":{"line":45,"column":48}}},"fnMap":{"0":{"name":"(anonymous_0)","decl":{"start":{"line":24,"column":12},"end":{"line":24,"column":13}},"loc":{"start":{"line":24,"column":18},"end":{"line":24,"column":31}},"line":24},"1":{"name":"(anonymous_1)","decl":{"start":{"line":44,"column":27},"end":{"line":44,"column":28}},"loc":{"start":{"line":44,"column":46},"end":{"line":46,"column":1}},"line":44}},"branchMap":{},"s":{"0":5,"1":84,"2":5,"3":2},"f":{"0":84,"1":2},"b":{},"_coverageSchema":"332fd63041d2c1bcb487cc26dd0d5f7d97098a6c","hash":"0d520eff995da689ad7487df01efd292b43d850e"}
,"/Users/carboncopy/Sites/Play/tippyjs/src/js/selectors.js": {"path":"/Users/carboncopy/Sites/Play/tippyjs/src/js/selectors.js","statementMap":{"0":{"start":{"line":1,"column":25},"end":{"line":9,"column":1}}},"fnMap":{},"branchMap":{},"s":{"0":5},"f":{},"b":{},"_coverageSchema":"332fd63041d2c1bcb487cc26dd0d5f7d97098a6c","hash":"f681bba167c997b2d4f996d03dd1efbb7fc281e9"}
,"/Users/carboncopy/Sites/Play/tippyjs/src/js/tippy.js": {"path":"/Users/carboncopy/Sites/Play/tippyjs/src/js/tippy.js","statementMap":{"0":{"start":{"line":13,"column":26},"end":{"line":13,"column":31}},"1":{"start":{"line":16,"column":2},"end":{"line":19,"column":3}},"2":{"start":{"line":17,"column":4},"end":{"line":17,"column":30}},"3":{"start":{"line":18,"column":4},"end":{"line":18,"column":30}},"4":{"start":{"line":22,"column":2},"end":{"line":26,"column":3}},"5":{"start":{"line":23,"column":4},"end":{"line":25,"column":5}},"6":{"start":{"line":24,"column":6},"end":{"line":24,"column":62}},"7":{"start":{"line":28,"column":18},"end":{"line":28,"column":53}},"8":{"start":{"line":32,"column":2},"end":{"line":34,"column":3}},"9":{"start":{"line":33,"column":4},"end":{"line":33,"column":52}},"10":{"start":{"line":36,"column":21},"end":{"line":36,"column":48}},"11":{"start":{"line":37,"column":25},"end":{"line":37,"column":38}},"12":{"start":{"line":39,"column":20},"end":{"line":45,"column":8}},"13":{"start":{"line":43,"column":16},"end":{"line":43,"column":47}},"14":{"start":{"line":44,"column":4},"end":{"line":44,"column":38}},"15":{"start":{"line":47,"column":2},"end":{"line":58,"column":3}},"16":{"start":{"line":53,"column":6},"end":{"line":55,"column":8}},"17":{"start":{"line":54,"column":8},"end":{"line":54,"column":26}},"18":{"start":{"line":56,"column":6},"end":{"line":56,"column":25}},"19":{"start":{"line":64,"column":0},"end":{"line":64,"column":23}},"20":{"start":{"line":65,"column":0},"end":{"line":65,"column":25}},"21":{"start":{"line":66,"column":0},"end":{"line":66,"column":23}},"22":{"start":{"line":71,"column":0},"end":{"line":71,"column":31}},"23":{"start":{"line":72,"column":0},"end":{"line":72,"column":76}},"24":{"start":{"line":72,"column":34},"end":{"line":72,"column":76}},"25":{"start":{"line":73,"column":0},"end":{"line":79,"column":1}},"26":{"start":{"line":74,"column":2},"end":{"line":78,"column":4}},"27":{"start":{"line":84,"column":24},"end":{"line":91,"column":1}},"28":{"start":{"line":85,"column":2},"end":{"line":90,"column":4}},"29":{"start":{"line":86,"column":20},"end":{"line":86,"column":49}},"30":{"start":{"line":87,"column":4},"end":{"line":89,"column":5}},"31":{"start":{"line":88,"column":6},"end":{"line":88,"column":28}},"32":{"start":{"line":92,"column":0},"end":{"line":94,"column":1}},"33":{"start":{"line":93,"column":2},"end":{"line":93,"column":12}}},"fnMap":{"0":{"name":"tippy","decl":{"start":{"line":15,"column":24},"end":{"line":15,"column":29}},"loc":{"start":{"line":15,"column":61},"end":{"line":59,"column":1}},"line":15},"1":{"name":"(anonymous_1)","decl":{"start":{"line":42,"column":11},"end":{"line":42,"column":12}},"loc":{"start":{"line":42,"column":31},"end":{"line":45,"column":3}},"line":42},"2":{"name":"(anonymous_2)","decl":{"start":{"line":53,"column":29},"end":{"line":53,"column":30}},"loc":{"start":{"line":53,"column":41},"end":{"line":55,"column":7}},"line":53},"3":{"name":"(anonymous_3)","decl":{"start":{"line":72,"column":12},"end":{"line":72,"column":13}},"loc":{"start":{"line":72,"column":34},"end":{"line":72,"column":76}},"line":72},"4":{"name":"(anonymous_4)","decl":{"start":{"line":73,"column":26},"end":{"line":73,"column":27}},"loc":{"start":{"line":73,"column":32},"end":{"line":79,"column":1}},"line":73},"5":{"name":"(anonymous_5)","decl":{"start":{"line":84,"column":24},"end":{"line":84,"column":25}},"loc":{"start":{"line":84,"column":30},"end":{"line":91,"column":1}},"line":84},"6":{"name":"(anonymous_6)","decl":{"start":{"line":85,"column":61},"end":{"line":85,"column":62}},"loc":{"start":{"line":85,"column":67},"end":{"line":90,"column":3}},"line":85}},"branchMap":{"0":{"loc":{"start":{"line":16,"column":2},"end":{"line":19,"column":3}},"type":"if","locations":[{"start":{"line":16,"column":2},"end":{"line":19,"column":3}},{"start":{"line":16,"column":2},"end":{"line":19,"column":3}}],"line":16},"1":{"loc":{"start":{"line":22,"column":20},"end":{"line":22,"column":41}},"type":"binary-expr","locations":[{"start":{"line":22,"column":20},"end":{"line":22,"column":35}},{"start":{"line":22,"column":39},"end":{"line":22,"column":41}}],"line":22},"2":{"loc":{"start":{"line":23,"column":4},"end":{"line":25,"column":5}},"type":"if","locations":[{"start":{"line":23,"column":4},"end":{"line":25,"column":5}},{"start":{"line":23,"column":4},"end":{"line":25,"column":5}}],"line":23},"3":{"loc":{"start":{"line":32,"column":2},"end":{"line":34,"column":3}},"type":"if","locations":[{"start":{"line":32,"column":2},"end":{"line":34,"column":3}},{"start":{"line":32,"column":2},"end":{"line":34,"column":3}}],"line":32},"4":{"loc":{"start":{"line":39,"column":21},"end":{"line":41,"column":16}},"type":"cond-expr","locations":[{"start":{"line":40,"column":6},"end":{"line":40,"column":22}},{"start":{"line":41,"column":6},"end":{"line":41,"column":16}}],"line":39},"5":{"loc":{"start":{"line":39,"column":21},"end":{"line":39,"column":42}},"type":"binary-expr","locations":[{"start":{"line":39,"column":21},"end":{"line":39,"column":24}},{"start":{"line":39,"column":28},"end":{"line":39,"column":42}}],"line":39},"6":{"loc":{"start":{"line":44,"column":11},"end":{"line":44,"column":38}},"type":"cond-expr","locations":[{"start":{"line":44,"column":17},"end":{"line":44,"column":32}},{"start":{"line":44,"column":35},"end":{"line":44,"column":38}}],"line":44},"7":{"loc":{"start":{"line":87,"column":4},"end":{"line":89,"column":5}},"type":"if","locations":[{"start":{"line":87,"column":4},"end":{"line":89,"column":5}},{"start":{"line":87,"column":4},"end":{"line":89,"column":5}}],"line":87},"8":{"loc":{"start":{"line":92,"column":0},"end":{"line":94,"column":1}},"type":"if","locations":[{"start":{"line":92,"column":0},"end":{"line":94,"column":1}},{"start":{"line":92,"column":0},"end":{"line":94,"column":1}}],"line":92}},"s":{"0":4,"1":51,"2":4,"3":4,"4":51,"5":59,"6":1,"7":50,"8":50,"9":1,"10":50,"11":50,"12":50,"13":57,"14":57,"15":50,"16":1,"17":1,"18":1,"19":4,"20":4,"21":4,"22":4,"23":4,"24":36,"25":4,"26":1,"27":4,"28":6,"29":2,"30":2,"31":1,"32":4,"33":4},"f":{"0":51,"1":57,"2":1,"3":36,"4":1,"5":6,"6":2},"b":{"0":[4,47],"1":[51,11],"2":[1,58],"3":[1,49],"4":[36,14],"5":[50,36],"6":[56,1],"7":[1,1],"8":[4,0]},"_coverageSchema":"332fd63041d2c1bcb487cc26dd0d5f7d97098a6c","hash":"f4d729b087fb8578925f6cb6ffe2f7b873cdfe48"}
,"/Users/carboncopy/Sites/Play/tippyjs/src/js/utils.js": {"path":"/Users/carboncopy/Sites/Play/tippyjs/src/js/utils.js","statementMap":{"0":{"start":{"line":8,"column":25},"end":{"line":21,"column":1}},"1":{"start":{"line":9,"column":2},"end":{"line":20,"column":3}},"2":{"start":{"line":10,"column":17},"end":{"line":10,"column":64}},"3":{"start":{"line":11,"column":18},"end":{"line":11,"column":49}},"4":{"start":{"line":12,"column":4},"end":{"line":12,"column":27}},"5":{"start":{"line":13,"column":4},"end":{"line":13,"column":45}},"6":{"start":{"line":15,"column":4},"end":{"line":19,"column":5}},"7":{"start":{"line":16,"column":6},"end":{"line":16,"column":36}},"8":{"start":{"line":18,"column":6},"end":{"line":18,"column":53}},"9":{"start":{"line":26,"column":23},"end":{"line":26,"column":52}},"10":{"start":{"line":26,"column":32},"end":{"line":26,"column":52}},"11":{"start":{"line":31,"column":23},"end":{"line":33,"column":1}},"12":{"start":{"line":32,"column":2},"end":{"line":32,"column":30}},"13":{"start":{"line":38,"column":26},"end":{"line":44,"column":1}},"14":{"start":{"line":39,"column":2},"end":{"line":43,"column":3}},"15":{"start":{"line":40,"column":4},"end":{"line":40,"column":42}},"16":{"start":{"line":42,"column":4},"end":{"line":42,"column":80}},"17":{"start":{"line":49,"column":38},"end":{"line":55,"column":10}},"18":{"start":{"line":50,"column":2},"end":{"line":55,"column":10}},"19":{"start":{"line":60,"column":39},"end":{"line":64,"column":1}},"20":{"start":{"line":61,"column":2},"end":{"line":63,"column":4}},"21":{"start":{"line":62,"column":4},"end":{"line":62,"column":57}},"22":{"start":{"line":69,"column":27},"end":{"line":77,"column":1}},"23":{"start":{"line":70,"column":17},"end":{"line":70,"column":45}},"24":{"start":{"line":70,"column":22},"end":{"line":70,"column":45}},"25":{"start":{"line":71,"column":2},"end":{"line":76,"column":3}},"26":{"start":{"line":82,"column":29},"end":{"line":83,"column":49}},"27":{"start":{"line":83,"column":3},"end":{"line":83,"column":48}},"28":{"start":{"line":88,"column":19},"end":{"line":88,"column":54}},"29":{"start":{"line":88,"column":25},"end":{"line":88,"column":54}},"30":{"start":{"line":93,"column":28},"end":{"line":97,"column":1}},"31":{"start":{"line":94,"column":12},"end":{"line":94,"column":23}},"32":{"start":{"line":95,"column":2},"end":{"line":96,"column":61}},"33":{"start":{"line":102,"column":34},"end":{"line":118,"column":1}},"34":{"start":{"line":103,"column":2},"end":{"line":105,"column":3}},"35":{"start":{"line":104,"column":4},"end":{"line":104,"column":18}},"36":{"start":{"line":106,"column":2},"end":{"line":108,"column":3}},"37":{"start":{"line":107,"column":4},"end":{"line":107,"column":25}},"38":{"start":{"line":109,"column":2},"end":{"line":111,"column":3}},"39":{"start":{"line":110,"column":4},"end":{"line":110,"column":16}},"40":{"start":{"line":113,"column":2},"end":{"line":117,"column":3}},"41":{"start":{"line":114,"column":4},"end":{"line":114,"column":52}},"42":{"start":{"line":116,"column":4},"end":{"line":116,"co
[...]
:96,"column":57},"end":{"line":96,"column":61}}],"line":96},"12":{"loc":{"start":{"line":96,"column":35},"end":{"line":96,"column":53}},"type":"binary-expr","locations":[{"start":{"line":96,"column":35},"end":{"line":96,"column":38}},{"start":{"line":96,"column":42},"end":{"line":96,"column":53}}],"line":96},"13":{"loc":{"start":{"line":103,"column":2},"end":{"line":105,"column":3}},"type":"if","locations":[{"start":{"line":103,"column":2},"end":{"line":105,"column":3}},{"start":{"line":103,"column":2},"end":{"line":105,"column":3}}],"line":103},"14":{"loc":{"start":{"line":103,"column":6},"end":{"line":103,"column":54}},"type":"binary-expr","locations":[{"start":{"line":103,"column":6},"end":{"line":103,"column":30}},{"start":{"line":103,"column":34},"end":{"line":103,"column":54}}],"line":103},"15":{"loc":{"start":{"line":106,"column":2},"end":{"line":108,"column":3}},"type":"if","locations":[{"start":{"line":106,"column":2},"end":{"line":108,"column":3}},{"start":{"line":106,"column":2},"end":{"line":108,"column":3}}],"line":106},"16":{"loc":{"start":{"line":109,"column":2},"end":{"line":111,"column":3}},"type":"if","locations":[{"start":{"line":109,"column":2},"end":{"line":111,"column":3}},{"start":{"line":109,"column":2},"end":{"line":111,"column":3}}],"line":109},"17":{"loc":{"start":{"line":123,"column":34},"end":{"line":123,"column":76}},"type":"binary-expr","locations":[{"start":{"line":123,"column":34},"end":{"line":123,"column":47}},{"start":{"line":123,"column":51},"end":{"line":123,"column":76}}],"line":123},"18":{"loc":{"start":{"line":129,"column":2},"end":{"line":129,"column":45}},"type":"cond-expr","locations":[{"start":{"line":129,"column":25},"end":{"line":129,"column":37}},{"start":{"line":129,"column":40},"end":{"line":129,"column":45}}],"line":129},"19":{"loc":{"start":{"line":153,"column":2},"end":{"line":156,"column":3}},"type":"if","locations":[{"start":{"line":153,"column":2},"end":{"line":156,"column":3}},{"start":{"line":153,"column":2},"end":{"line":156,"column":3}}],"line":153},"20":{"loc":{"start":{"line":158,"column":2},"end":{"line":170,"column":3}},"type":"if","locations":[{"start":{"line":158,"column":2},"end":{"line":170,"column":3}},{"start":{"line":158,"column":2},"end":{"line":170,"column":3}}],"line":158},"21":{"loc":{"start":{"line":160,"column":4},"end":{"line":168,"column":5}},"type":"if","locations":[{"start":{"line":160,"column":4},"end":{"line":168,"column":5}},{"start":{"line":160,"column":4},"end":{"line":168,"column":5}}],"line":160},"22":{"loc":{"start":{"line":172,"column":2},"end":{"line":178,"column":3}},"type":"if","locations":[{"start":{"line":172,"column":2},"end":{"line":178,"column":3}},{"start":{"line":172,"column":2},"end":{"line":178,"column":3}}],"line":172},"23":{"loc":{"start":{"line":180,"column":2},"end":{"line":182,"column":3}},"type":"if","locations":[{"start":{"line":180,"column":2},"end":{"line":182,"column":3}},{"start":{"line":180,"column":2},"end":{"line":182,"column":3}}],"line":180},"24":{"loc":{"start":{"line":198,"column":4},"end":{"line":200,"column":5}},"type":"if","locations":[{"start":{"line":198,"column":4},"end":{"line":200,"column":5}},{"start":{"line":198,"column":4},"end":{"line":200,"column":5}}],"line":198},"25":{"loc":{"start":{"line":204,"column":4},"end":{"line":209,"column":5}},"type":"if","locations":[{"start":{"line":204,"column":4},"end":{"line":209,"column":5}},{"start":{"line":204,"column":4},"end":{"line":209,"column":5}}],"line":204},"26":{"loc":{"start":{"line":205,"column":6},"end":{"line":206,"column":55}},"type":"binary-expr","locations":[{"start":{"line":205,"column":7},"end":{"line":205,"column":35}},{"start":{"line":205,"column":39},"end":{"line":205,"column":76}},{"start":{"line":206,"column":7},"end":{"line":206,"column":20}},{"start":{"line":206,"column":24},"end":{"line":206,"column":54}}],"line":205},"27":{"loc":{"start":{"line":225,"column":6},"end":{"line":227,"column":7}},"type":"if","locations":[{"start":{"line":225,"column":6},"end":{"line":227,"column":7}},{"start":{"line":225,"column":6},"end":{"line":227,"column":7}}],"line":225},"28":{"loc":{"start":{"line":234,"column":6},"end":{"line":258,"column":7}},"type":"if","locations":[{"start":{"line":234,"column":6},"end":{"line":258,"column":7}},{"start":{"line":234,"column":6},"end":{"line":258,"column":7}}],"line":234},"29":{"loc":{"start":{"line":236,"column":8},"end":{"line":243,"column":9}},"type":"switch","locations":[{"start":{"line":237,"column":10},"end":{"line":239,"column":17}},{"start":{"line":240,"column":10},"end":{"line":242,"column":17}}],"line":236},"30":{"loc":{"start":{"line":241,"column":15},"end":{"line":241,"column":49}},"type":"cond-expr","locations":[{"start":{"line":241,"column":30},"end":{"line":241,"column":40}},{"start":{"line":241,"column":43},"end":{"line":241,"column":49}}],"line":241},"31":{"loc":{"start":{"line":245,"column":8},"end":{"line":257,"column":9}},"type":"switch","locations":[{"start":{"line":246,"column":10},"end":{"line":249,"column":17}},{"start":{"line":250,"column":10},"end":{"line":253,"column":17}},{"start":{"line":254,"column":10},"end":{"line":256,"column":17}}],"line":245},"32":{"loc":{"start":{"line":270,"column":6},"end":{"line":270,"column":55}},"type":"binary-expr","locations":[{"start":{"line":270,"column":6},"end":{"line":270,"column":49}},{"start":{"line":270,"column":53},"end":{"line":270,"column":55}}],"line":270},"33":{"loc":{"start":{"line":273,"column":4},"end":{"line":275,"column":5}},"type":"if","locations":[{"start":{"line":273,"column":4},"end":{"line":275,"column":5}},{"start":{"line":273,"column":4},"end":{"line":275,"column":5}}],"line":273},"34":{"loc":{"start":{"line":277,"column":4},"end":{"line":287,"column":5}},"type":"if","locations":[{"start":{"line":277,"column":4},"end":{"line":287,"column":5}},{"start":{"line":277,"column":4},"end":{"line":287,"column":5}}],"line":277},"35":{"loc":{"start":{"line":279,"column":11},"end":{"line":287,"column":5}},"type":"if","locations":[{"start":{"line":279,"column":11},"end":{"line":287,"column":5}},{"start":{"line":279,"column":11},"end":{"line":287,"column":5}}],"line":279},"36":{"loc":{"start":{"line":281,"column":11},"end":{"line":287,"column":5}},"type":"if","locations":[{"start":{"line":281,"column":11},"end":{"line":287,"column":5}},{"start":{"line":281,"column":11},"end":{"line":287,"column":5}}],"line":281},"37":{"loc":{"start":{"line":283,"column":11},"end":{"line":287,"column":5}},"type":"if","locations":[{"start":{"line":283,"column":11},"end":{"line":287,"column":5}},{"start":{"line":283,"column":11},"end":{"line":287,"column":5}}],"line":283},"38":{"loc":{"start":{"line":283,"column":15},"end":{"line":283,"column":59}},"type":"binary-expr","locations":[{"start":{"line":283,"column":15},"end":{"line":283,"column":31}},{"start":{"line":283,"column":35},"end":{"line":283,"column":59}}],"line":283},"39":{"loc":{"start":{"line":298,"column":14},"end":{"line":298,"column":47}},"type":"binary-expr","locations":[{"start":{"line":298,"column":14},"end":{"line":298,"column":41}},{"start":{"line":298,"column":45},"end":{"line":298,"column":47}}],"line":298},"40":{"loc":{"start":{"line":331,"column":2},"end":{"line":348,"column":3}},"type":"if","locations":[{"start":{"line":331,"column":2},"end":{"line":348,"column":3}},{"start":{"line":331,"column":2},"end":{"line":348,"column":3}}],"line":331},"41":{"loc":{"start":{"line":334,"column":6},"end":{"line":346,"column":7}},"type":"binary-expr","locations":[{"start":{"line":334,"column":6},"end":{"line":334,"column":15}},{"start":{"line":335,"column":6},"end":{"line":335,"column":23}},{"start":{"line":336,"column":6},"end":{"line":336,"column":29}},{"start":{"line":337,"column":6},"end":{"line":337,"column":26}},{"start":{"line":338,"column":6},"end":{"line":338,"column":25}},{"start":{"line":339,"column":6},"end":{"line":346,"column":7}}],"line":334},"42":{"loc":{"start":{"line":340,"column":25},"end":{"line":340,"column":60}},"type":"binary-expr","locations":[{"start":{"line":340,"column":25},"end":{"line":340,"column":38}},{"start":{"line":340,"column":42},"end":{"line":340,"column":60}}],"line":340},"43":{"loc":{"start":{"line":344,"column":15},"end":{"line":344,"column":51}},"type":"binary-expr","locations":[{"start":{"line":344,"column":15},"end":{"line":344,"column":23}},{"start":{"line":344,"column":27},"end":{"line":344,"column":51}}],"line":344},"44":{"loc":{"start":{"line":356,"column":4},"end":{"line":365,"column":5}},"type":"binary-expr","locations":[{"start":{"line":356,"column":4},"end":{"line":356,"column":29}},{"start":{"line":357,"column":4},"end":{"line":365,"column":5}}],"line":356},"45":{"loc":{"start":{"line":360,"column":8},"end":{"line":362,"column":9}},"type":"if","locations":[{"start":{"line":360,"column":8},"end":{"line":362,"column":9}},{"start":{"line":360,"column":8},"end":{"line":362,"column":9}}],"line":360},"46":{"loc":{"start":{"line":372,"column":12},"end":{"line":372,"column":48}},"type":"binary-expr","locations":[{"start":{"line":372,"column":12},"end":{"line":372,"column":26}},{"start":{"line":372,"column":30},"end":{"line":372,"column":48}}],"line":372},"47":{"loc":{"start":{"line":373,"column":12},"end":{"line":373,"column":48}},"type":"binary-expr","locations":[{"start":{"line":373,"column":12},"end":{"line":373,"column":26}},{"start":{"line":373,"column":30},"end":{"line":373,"column":48}}],"line":373},"48":{"loc":{"start":{"line":389,"column":2},"end":{"line":391,"column":3}},"type":"if","locations":[{"start":{"line":389,"column":2},"end":{"line":391,"column":3}},{"start":{"line":389,"column":2},"end":{"line":391,"column":3}}],"line":389},"49":{"loc":{"start":{"line":392,"column":9},"end":{"line":397,"column":13}},"type":"cond-expr","locations":[{"start":{"line":393,"column":6},"end":{"line":393,"column":10}},{"start":{"line":394,"column":6},"end":{"line":397,"column":13}}],"line":392},"50":{"loc":{"start":{"line":409,"column":2},"end":{"line":411,"column":3}},"type":"if","locations":[{"start":{"line":409,"column":2},"end":{"line":411,"column":3}},{"start":{"line":409,"column":2},"end":{"line":411,"column":3}}],"line":409},"51":{"loc":{"start":{"line":409,"column":6},"end":{"line":409,"column":14}},"type":"binary-expr","locations":[{"start":{"line":409,"column":6},"end":{"line":409,"column":8}},{"start":{"line":409,"column":12},"end":{"line":409,"column":14}}],"line":409},"52":{"loc":{"start":{"line":415,"column":6},"end":{"line":419,"column":7}},"type":"if","locations":[{"start":{"line":415,"column":6},"end":{"line":419,"column":7}},{"start":{"line":415,"column":6},"end":{"line":419,"column":7}}],"line":415},"53":{"loc":{"start":{"line":418,"column":15},"end":{"line":418,"column":55}},"type":"cond-expr","locations":[{"start":{"line":418,"column":28},"end":{"line":418,"column":40}},{"start":{"line":418,"column":43},"end":{"line":418,"column":55}}],"line":418},"54":{"loc":{"start":{"line":422,"column":6},"end":{"line":430,"column":7}},"type":"if","locations":[{"start":{"line":422,"column":6},"end":{"line":430,"column":7}},{"start":{"line":422,"column":6},"end":{"line":430,"column":7}}],"line":422},"55":{"loc":{"start":{"line":423,"column":15},"end":{"line":423,"column":47}},"type":"cond-expr","locations":[{"start":{"line":423,"column":27},"end":{"line":423,"column":36}},{"start":{"line":423,"column":39},"end":{"line":423,"column":47}}],"line":423},"56":{"loc":{"start":{"line":425,"column":8},"end":{"line":429,"column":9}},"type":"if","locations":[{"start":{"line":425,"column":8},"end":{"line":429,"column":9}},{"start":{"line":425,"column":8},"end":{"line":429,"column":9}}],"line":425},"57":{"loc":{"start":{"line":426,"column":17},"end":{"line":426,"column":65}},"type":"cond-expr","locations":[{"start":{"line":426,"column":29},"end":{"line":426,"column":46}},{"start":{"line":426,"column":49},"end":{"line":426,"column":65}}],"line":426},"58":{"loc":{"start":{"line":428,"column":17},"end":{"line":428,"column":65}},"type":"cond-expr","locations":[{"start":{"line":428,"column":29},"end":{"line":428,"column":46}},{"start":{"line":428,"column":49},"end":{"line":428,"column":65}}],"line":428},"59":{"loc":{"start":{"line":442,"column":9},"end":{"line":442,"column":30}},"type":"cond-expr","locations":[{"start":{"line":442,"column":17},"end":{"line":442,"column":25}},{"start":{"line":442,"column":28},"end":{"line":442,"column":30}}],"line":442},"60":{"loc":{"start":{"line":450,"column":9},"end":{"line":450,"column":57}},"type":"cond-expr","locations":[{"start":{"line":450,"column":17},"end":{"line":450,"column":52}},{"start":{"line":450,"column":55},"end":{"line":450,"column":57}}],"line":450},"61":{"loc":{"start":{"line":463,"column":21},"end":{"line":463,"column":66}},"type":"binary-expr","locations":[{"start":{"line":463,"column":21},"end":{"line":463,"column":40}},{"start":{"line":463,"column":44},"end":{"line":463,"column":66}}],"line":463},"62":{"loc":{"start":{"line":464,"column":20},"end":{"line":464,"column":67}},"type":"binary-expr","locations":[{"start":{"line":464,"column":20},"end":{"line":464,"column":41}},{"start":{"line":464,"column":45},"end":{"line":464,"column":67}}],"line":464},"63":{"loc":{"start":{"line":527,"column":25},"end":{"line":527,"column":63}},"type":"cond-expr","locations":[{"start":{"line":527,"column":34},"end":{"line":527,"column":52}},{"start":{"line":527,"column":55},"end":{"line":527,"column":63}}],"line":527},"64":{"loc":{"start":{"line":528,"column":4},"end":{"line":530,"column":5}},"type":"if","locations":[{"start":{"line":528,"column":4},"end":{"line":530,"column":5}},{"start":{"line":528,"column":4},"end":{"line":530,"column":5}}],"line":528},"65":{"loc":{"start":{"line":550,"column":4},"end":{"line":550,"column":26}},"type":"binary-expr","locations":[{"start":{"line":550,"column":4},"end":{"line":550,"column":12}},{"start":{"line":550,"column":16},"end":{"line":550,"column":26}}],"line":550},"66":{"loc":{"start":{"line":556,"column":2},"end":{"line":558,"column":3}},"type":"if","locations":[{"start":{"line":556,"column":2},"end":{"line":558,"column":3}},{"start":{"line":556,"column":2},"end":{"line":558,"column":3}}],"line":556},"67":{"loc":{"start":{"line":583,"column":5},"end":{"line":585,"column":25}},"type":"cond-expr","locations":[{"start":{"line":584,"column":8},"end":{"line":584,"column":36}},{"start":{"line":585,"column":8},"end":{"line":585,"column":25}}],"line":583},"68":{"loc":{"start":{"line":589,"column":5},"end":{"line":591,"column":25}},"type":"cond-expr","locations":[{"start":{"line":590,"column":8},"end":{"line":590,"column":36}},{"start":{"line":591,"column":8},"end":{"line":591,"column":25}}],"line":589},"69":{"loc":{"start":{"line":595,"column":5},"end":{"line":597,"column":25}},"type":"cond-expr","locations":[{"start":{"line":596,"column":8},"end":{"line":596,"column":36}},{"start":{"line":597,"column":8},"end":{"line":597,"column":25}}],"line":595},"70":{"loc":{"start":{"line":601,"column":5},"end":{"line":603,"column":25}},"type":"cond-expr","locations":[{"start":{"line":602,"column":8},"end":{"line":602,"column":36}},{"start":{"line":603,"column":8},"end":{"line":603,"column":25}}],"line":601},"71":{"loc":{"start":{"line":605,"column":9},"end":{"line":605,"column":67}},"type":"binary-expr","locations":[{"start":{"line":605,"column":9},"end":{"line":605,"column":19}},{"start":{"line":605,"column":23},"end":{"line":605,"column":36}},{"start":{"line":605,"column":40},"end":{"line":605,"column":51}},{"start":{"line":605,"column":55},"end":{"line":605,"column":67}}],"line":605},"72":{"loc":{"start":{"line":627,"column":8},"end":{"line":627,"column":79}},"type":"cond-expr","locations":[{"start":{"line":627,"column":40},"end":{"line":627,"column":42}},{"start":{"line":627,"column":45},"end":{"line":627,"column":79}}],"line":627},"73":{"loc":{"start":{"line":630,"column":2},"end":{"line":632,"column":3}},"type":"if","locations":[{"start":{"line":630,"column":2},"end":{"line":632,"column":3}},{"start":{"line":630,"column":2},"end":{"line":632,"column":3}}],"line":630},"74":{"loc":{"start":{"line":634,"column":2},"end":{"line":636,"column":3}},"type":"if","locations":[{"start":{"line":634,"column":2},"end":{"line":636,"column":3}},{"start":{"line":634,"column":2},"end":{"line":636,"column":3}}],"line":634},"75":{"loc":{"start":{"line":638,"column":2},"end":{"line":640,"column":3}},"type":"if","locations":[{"start":{"line":638,"column":2},"end":{"line":640,"column":3}},{"start":{"line":638,"column":2},"end":{"line":640,"column":3}}],"line":638}},"s":{"0":5,"1":1,"2":1,"3":1,"4":1,"5":1,"6":1,"7":0,"8":1,"9":5,"10":17,"11":5,"12":692,"13":5,"14":110,"15":1,"16":109,"17":5,"18":92,"19":5,"20":66,"21":198,"22":5,"23":109,"24":531,"25":109,"26":5,"27":70,"28":5,"29":437,"30":5,"31":3,"32":3,"33":5,"34":56,"35":48,"36":8,"37":0,"38":8,"39":3,"40":5,"41":5,"42":0,"43":5,"44":15,"45":5,"46":84,"47":5,"48":108,"49":108,"50":108,"51":108,"52":108,"53":108,"54":108,"55":108,"56":108,"57":108,"58":108,"59":112,"60":108,"61":108,"62":108,"63":5,"64":5,"65":108,"66":16,"67":16,"68":2,"69":2,"70":14,"71":16,"72":108,"73":96,"74":96,"75":96,"76":96,"77":96,"78":108,"79":1,"80":108,"81":108,"82":108,"83":108,"84":5,"85":3,"86":12,"87":12,"88":0,"89":12,"90":12,"91":12,"92":5,"93":91,"94":171,"95":1,"96":170,"97":337,"98":337,"99":170,"100":168,"101":168,"102":85,"103":85,"104":80,"105":80,"106":2,"107":1,"108":1,"109":1,"110":1,"111":1,"112":1,"113":0,"114":0,"115":170,"116":5,"117":96,"118":3840,"119":3840,"120":3833,"121":7,"122":1,"123":6,"124":1,"125":5,"126":2,"127":3,"128":2,"129":1,"130":7,"131":5,"132":2,"133":2,"134":41,"135":1,"136":1,"137":1,"138":1,"139":1,"140":5,"141":5,"142":5,"143":5,"144":0,"145":0,"146":0,"147":0,"148":5,"149":12,"150":12,"151":12,"152":25,"153":8,"154":17,"155":5,"156":1,"157":1,"158":1,"159":1,"160":5,"161":27,"162":5,"163":13,"164":9,"165":4,"166":5,"167":24,"168":4,"169":20,"170":20,"171":8,"172":12,"173":20,"174":8,"175":12,"176":8,"177":4,"178":20,"179":5,"180":20,"181":20,"182":5,"183":14,"184":14,"185":5,"186":5,"187":4,"188":4,"189":4,"190":4,"191":4,"192":4,"193":5,"194":36,"195":74,"196":5,"197":212,"198":212,"199":212,"200":411,"201":411,"202":411,"203":212,"204":0,"205":5,"206":31,"207":31,"208":31,"209":31,"210":27,"211":27,"212":27,"213":27,"214":27,"215":31,"216":0,"217":5,"218":26,"219":5,"220":40,"221":40,"222":40,"223":40,"224":40,"225":40,"226":40,"227":5,"228":37,"229":5,"230":55,"231":5,"232":92,"233":92,"234":10,"235":92,"236":85,"237":92,"238":1,"239":92},"f":{"0":1,"1":17,"2":692,"3":110,"4":92,"5":66,"6":198,"7":109,"8":531,"9":70,"10":437,"11":3,"12":56,"13":15,"14":84,"15":108,"16":112,"17":3,"18":12,"19":91,"20":171,"21":337,"22":96,"23":3840,"24":2,"25":5,"26":0,"27":12,"28":12,"29":1,"30":27,"31":13,"32":24,"33":20,"34":20,"35":20,"36":14,"37":4,"38":36,"39":74,"40":212,"41":31,"42":27,"43":26,"44":40,"45":37,"46":55,"47":92},"b":{"0":[1,0],"1":[1,1],"2":[1,0],"3":[0,1],"4":[187],"5":[1,109],"6":[107,2],"7":[90,2],"8":[90,9],"9":[109,95],"10":[3,3],"11":[0,3],"12":[0,0],"13":[48,8],"14":[56,10],"15":[0,8],"16":[3,5],"17":[15,7],"18":[36,48],"19":[5,103],"20":[16,92],"21":[2,14],"22":[96,12],"23":[1,107],"24":[0,12],"25":[12,0],"26":[12,0,12,0],"27":[1,170],"28":[168,2],"29":[85,80],"30":[0,80],"31":[1,1,0],"32":[3840,3833],"33":[3833,7],"34":[1,6],"35":[1,5],"36":[2,3],"37":[2,1],"38":[3,3],"39":[2,1],"40":[5,0],"41":[5,0,0,0,0,0],"42":[0,0],"43":[0,0],"44":[12,12],"45":[8,17],"46":[1,1],"47":[1,1],"48":[9,4],"49":[2,2],"50":[4,20],"51":[24,4],"52":[8,12],"53":[8,4],"54":[8,12],"55":[4,4],"56":[8,4],"57":[5,3],"58":[2,2],"59":[12,8],"60":[10,4],"61":[4,3],"62":[4,4],"63":[199,212],"64":[212,199],"65":[27,27],"66":[0,31],"67":[10,30],"68":[10,30],"69":[10,30],"70":[10,30],"71":[40,32,24,20],"72":[0,92],"73":[10,82],"74":[85,7],"75":[1,91]},"_coverageSchema":"332fd63041d2c1bcb487cc26dd0d5f7d97098a6c","hash":"086a7331dfdc5fc7db46b8bfdf9962fa311f7f2b"}
}
