{"/Users/carboncopy/Sites/Play/tippyjs/src/js/bindGlobalEventListeners.js": {"path":"/Users/carboncopy/Sites/Play/tippyjs/src/js/bindGlobalEventListeners.js","statementMap":{"0":{"start":{"line":7,"column":31},"end":{"line":23,"column":1}},"1":{"start":{"line":8,"column":2},"end":{"line":10,"column":3}},"2":{"start":{"line":9,"column":4},"end":{"line":9,"column":10}},"3":{"start":{"line":12,"column":2},"end":{"line":12,"column":29}},"4":{"start":{"line":14,"column":2},"end":{"line":16,"column":3}},"5":{"start":{"line":15,"column":4},"end":{"line":15,"column":44}},"6":{"start":{"line":18,"column":2},"end":{"line":20,"column":3}},"7":{"start":{"line":19,"column":4},"end":{"line":19,"column":63}},"8":{"start":{"line":22,"column":2},"end":{"line":22,"column":36}},"9":{"start":{"line":25,"column":24},"end":{"line":25,"column":25}},"10":{"start":{"line":26,"column":35},"end":{"line":40,"column":1}},"11":{"start":{"line":27,"column":14},"end":{"line":27,"column":31}},"12":{"start":{"line":30,"column":2},"end":{"line":37,"column":3}},"13":{"start":{"line":31,"column":4},"end":{"line":31,"column":32}},"14":{"start":{"line":32,"column":4},"end":{"line":32,"column":66}},"15":{"start":{"line":33,"column":4},"end":{"line":35,"column":5}},"16":{"start":{"line":34,"column":6},"end":{"line":34,"column":49}},"17":{"start":{"line":36,"column":4},"end":{"line":36,"column":38}},"18":{"start":{"line":39,"column":2},"end":{"line":39,"column":25}},"19":{"start":{"line":42,"column":31},"end":{"line":76,"column":1}},"20":{"start":{"line":44,"column":2},"end":{"line":46,"column":3}},"21":{"start":{"line":45,"column":4},"end":{"line":45,"column":27}},"22":{"start":{"line":48,"column":20},"end":{"line":48,"column":62}},"23":{"start":{"line":49,"column":17},"end":{"line":49,"column":56}},"24":{"start":{"line":52,"column":2},"end":{"line":54,"column":3}},"25":{"start":{"line":53,"column":4},"end":{"line":53,"column":10}},"26":{"start":{"line":57,"column":2},"end":{"line":73,"column":3}},"27":{"start":{"line":58,"column":22},"end":{"line":58,"column":38}},"28":{"start":{"line":60,"column":23},"end":{"line":60,"column":37}},"29":{"start":{"line":61,"column":27},"end":{"line":61,"column":62}},"30":{"start":{"line":63,"column":4},"end":{"line":68,"column":5}},"31":{"start":{"line":67,"column":6},"end":{"line":67,"column":45}},"32":{"start":{"line":70,"column":4},"end":{"line":72,"column":5}},"33":{"start":{"line":71,"column":6},"end":{"line":71,"column":12}},"34":{"start":{"line":75,"column":2},"end":{"line":75,"column":18}},"35":{"start":{"line":78,"column":28},"end":{"line":83,"column":1}},"36":{"start":{"line":79,"column":32},"end":{"line":79,"column":40}},"37":{"start":{"line":80,"column":2},"end":{"line":82,"column":3}},"38":{"start":{"line":81,"column":4},"end":{"line":81,"column":13}},"39":{"start":{"line":85,"column":30},"end":{"line":92,"column":1}},"40":{"start":{"line":86,"column":2},"end":{"line":91,"column":4}},"41":{"start":{"line":87,"column":26},"end":{"line":87,"column":39}},"42":{"start":{"line":88,"column":4},"end":{"line":90,"column":5}},"43":{"start":{"line":89,"column":6},"end":{"line":89,"column":51}},"44":{"start":{"line":98,"column":2},"end":{"line":98,"column":53}},"45":{"start":{"line":99,"column":2},"end":{"line":99,"column":58}},"46":{"start":{"line":100,"column":2},"end":{"line":100,"column":47}},"47":{"start":{"line":101,"column":2},"end":{"line":101,"column":51}},"48":{"start":{"line":103,"column":2},"end":{"line":108,"column":3}},"49":{"start":{"line":107,"column":4},"end":{"line":107,"column":61}}},"fnMap":{"0":{"name":"(anonymous_0)","decl":{"start":{"line":7,"column":31},"end":{"line":7,"column":32}},"loc":{"start":{"line":7,"column":37},"end":{"line":23,"column":1}},"line":7},"1":{"name":"(anonymous_1)","decl":{"start":{"line":26,"column":35},"end":{"line":26,"column":36}},"loc":{"start":{"line":26,"column":41},"end":{"line":40,"column":1}},"line":26},"2":{"name":"(anonymous_2)","decl":{"start":{"line":42,"column":31},"end":{"line":42,"column":32}},"loc":{"start":{"line":42,"column":40},"end":{"line":76,"column":1}},"line":42},"3":{"name":"(anonymous_3)","decl":{"start":{"line":78,"column":28},"end":{"line":78,"column":29}},"loc":{"start":{"line":78,"column":34},"end":{"line":83,"column":1}},"line":78},"4":{"name":"(anonymous_4)","decl":{"start":{"line":85,"column":30},"end":{"line":85,"column":31}},"loc":{"start":{"line":85,"column":36},"end":{"line":92,"column":1}},"line":85},"5":{"name":"(anonymous_5)","decl":{"start":{"line":86,"column":63},"end":{"line":86,"column":64}},"loc":{"start":{"line":86,"column":73},"end":{"line":91,"column":3}},"line":86},"6":{"name":"bindEventListeners","decl":{"start":{"line":97,"column":24},"end":{"line":97,"column":42}},"loc":{"start":{"line":97,"column":45},"end":{"line":109,"column":1}},"line":97}},"branchMap":{"0":{"loc":{"start":{"line":8,"column":2},"end":{"line":10,"column":3}},"type":"if","locations":[{"start":{"line":8,"column":2},"end":{"line":10,"column":3}},{"start":{"line":8,"column":2},"end":{"line":10,"column":3}}],"line":8},"1":{"loc":{"start":{"line":14,"column":2},"end":{"line":16,"column":3}},"type":"if","locations":[{"start":{"line":14,"column":2},"end":{"line":16,"column":3}},{"start":{"line":14,"column":2},"end":{"line":16,"column":3}}],"line":14},"2":{"loc":{"start":{"line":18,"column":2},"end":{"line":20,"column":3}},"type":"if","locations":[{"start":{"line":18,"column":2},"end":{"line":20,"column":3}},{"start":{"line":18,"column":2},"end":{"line":20,"column":3}}],"line":18},"3":{"loc":{"start":{"line":18,"column":6},"end":{"line":18,"column":61}},"type":"binary-expr","locations":[{"start":{"line":18,"column":6},"end":{"line":18,"column":39}},{"start":{"line":18,"column":43},"end":{"line":18,"column":61}}],"line":18},"4":{"loc":{"start":{"line":30,"column":2},"end":{"line":37,"column":3}},"type":"if","locations":[{"start":{"line":30,"column":2},"end":{"line":37,"column":3}},{"start":{"line":30,"column":2},"end":{"line":37,"column":3}}],"line":30},"5":{"loc":{"start":{"line":33,"column":4},"end":{"line":35,"column":5}},"type":"if","locations":[{"start":{"line":33,"column":4},"end":{"line":35,"column":5}},{"start":{"line":33,"column":4},"end":{"line":35,"column":5}}],"line":33},"6":{"loc":{"start":{"line":44,"column":2},"end":{"line":46,"column":3}},"type":"if","locations":[{"start":{"line":44,"column":2},"end":{"line":46,"column":3}},{"start":{"line":44,"column":2},"end":{"line":46,"column":3}}],"line":44},"7":{"loc":{"start":{"line":52,"column":2},"end":{"line":54,"column":3}},"type":"if","locations":[{"start":{"line":52,"column":2},"end":{"line":54,"column":3}},{"start":{"line":52,"column":2},"end":{"line":54,"column":3}}],"line":52},"8":{"loc":{"start":{"line":52,"column":6},"end":{"line":52,"column":64}},"type":"binary-expr","locations":[{"start":{"line":52,"column":6},"end":{"line":52,"column":12}},{"start":{"line":52,"column":16},"end":{"line":52,"column":29}},{"start":{"line":52,"column":33},"end":{"line":52,"column":64}}],"line":52},"9":{"loc":{"start":{"line":57,"column":2},"end":{"line":73,"column":3}},"type":"if","locations":[{"start":{"line":57,"column":2},"end":{"line":73,"column":3}},{"start":{"line":57,"column":2},"end":{"line":73,"column":3}}],"line":57},"10":{"loc":{"start":{"line":57,"column":6},"end":{"line":57,"column":35}},"type":"binary-expr","locations":[{"start":{"line":57,"column":6},"end":{"line":57,"column":15}},{"start":{"line":57,"column":19},"end":{"line":57,"column":35}}],"line":57},"11":{"loc":{"start":{"line":63,"column":4},"end":{"line":68,"column":5}},"type":"if","locations":[{"start":{"line":63,"column":4},"end":{"line":68,"column":5}},{"start":{"line":63,"column":4},"end":{"line":68,"column":5}}],"line":63},"12":{"loc":{"start":{"line":64,"column":6},"end":{"line":65,"column":37}},"type":"binary-expr","locations":[{"start":{"line":64,"column":7},"end":{"line":64,"column":18}},{"start":{"line":64,"column":22},"end":{"line":64,"column":42}},{"start":{"line":65,"column":7},"end":{"line":65,"column":18}},{"start":{"line":65,"column":22},"end":{"line":65,"column":36}}],"line":64},"13":{"loc":{"start":{"line":70,"column":4},"end":{"line":72,"column":5}},"type":"if","locations":[{"start":{"line":70,"column":4},"end":{"line":72,"column":5}},{"start":{"line":70,"column":4},"end":{"line":72,"column":5}}],"line":70},"14":{"loc":{"start":{"line":70,"column":8},"end":{"line":70,"column":52}},"type":"binary-expr","locations":[{"start":{"line":70,"column":8},"end":{"line":70,"column":34}},{"start":{"line":70,"column":38},"end":{"line":70,"column":52}}],"line":70},"15":{"loc":{"start":{"line":80,"column":2},"end":{"line":82,"column":3}},"type":"if","locations":[{"start":{"line":80,"column":2},"end":{"line":82,"column":3}},{"start":{"line":80,"column":2},"end":{"line":82,"column":3}}],"line":80},"16":{"loc":{"start":{"line":80,"column":6},"end":{"line":80,"column":60}},"type":"binary-expr","locations":[{"start":{"line":80,"column":6},"end":{"line":80,"column":8}},{"start":{"line":80,"column":12},"end":{"line":80,"column":19}},{"start":{"line":80,"column":23},"end":{"line":80,"column":60}}],"line":80},"17":{"loc":{"start":{"line":88,"column":4},"end":{"line":90,"column":5}},"type":"if","locations":[{"start":{"line":88,"column":4},"end":{"line":90,"column":5}},{"start":{"line":88,"column":4},"end":{"line":90,"column":5}}],"line":88},"18":{"loc":{"start":{"line":103,"column":2},"end":{"line":108,"column":3}},"type":"if","locations":[{"start":{"line":103,"column":2},"end":{"line":108,"column":3}},{"start":{"line":103,"column":2},"end":{"line":108,"column":3}}],"line":103},"19":{"loc":{"start":{"line":104,"column":4},"end":{"line":105,"column":60}},"type":"binary-expr","locations":[{"start":{"line":104,"column":4},"end":{"line":104,"column":26}},{"start":{"line":105,"column":5},"end":{"line":105,"column":29}},{"start":{"line":105,"column":33},"end":{"line":105,"column":59}}],"line":104}},"s":{"0":4,"1":4,"2":1,"3":3,"4":3,"5":1,"6":3,"7":3,"8":3,"9":4,"10":4,"11":0,"12":0,"13":0,"14":0,"15":0,"16":0,"17":0,"18":0,"19":4,"20":3,"21":0,"22":3,"23":3,"24":3,"25":1,"26":2,"27":0,"28":0,"29":0,"30":0,"31":0,"32":0,"33":0,"34":2,"35":4,"36":1,"37":1,"38":1,"39":4,"40":1,"41":1,"42":1,"43":1,"44":5,"45":5,"46":5,"47":5,"48":5,"49":1},"f":{"0":4,"1":0,"2":3,"3":1,"4":1,"5":1,"6":5},"b":{"0":[1,3],"1":[1,2],"2":[3,0],"3":[3,3],"4":[0,0],"5":[0,0],"6":[0,3],"7":[1,2],"8":[3,2,2],"9":[0,2],"10":[2,0],"11":[0,0],"12":[0,0,0,0],"13":[0,0],"14":[0,0],"15":[1,0],"16":[1,1,1],"17":[1,0],"18":[1,4],"19":[5,5,4]},"_coverageSchema":"332fd63041d2c1bcb487cc26dd0d5f7d97098a6c","hash":"0d250707ff19f48a363240abdcab70501fb8653e"}
,"/Users/carboncopy/Sites/Play/tippyjs/src/js/browser.js": {"path":"/Users/carboncopy/Sites/Play/tippyjs/src/js/browser.js","statementMap":{"0":{"start":{"line":2,"column":2},"end":{"line":2,"column":66}},"1":{"start":{"line":4,"column":12},"end":{"line":4,"column":38}},"2":{"start":{"line":5,"column":12},"end":{"line":5,"column":35}},"3":{"start":{"line":7,"column":23},"end":{"line":15,"column":1}}},"fnMap":{"0":{"name":"(anonymous_0)","decl":{"start":{"line":14,"column":21},"end":{"line":14,"column":22}},"loc":{"start":{"line":14,"column":27},"end":{"line":14,"column":29}},"line":14}},"branchMap":{"0":{"loc":{"start":{"line":2,"column":2},"end":{"line":2,"column":66}},"type":"binary-expr","locations":[{"start":{"line":2,"column":2},"end":{"line":2,"column":31}},{"start":{"line":2,"column":35},"end":{"line":2,"column":66}}],"line":2},"1":{"loc":{"start":{"line":4,"column":12},"end":{"line":4,"column":38}},"type":"cond-expr","locations":[{"start":{"line":4,"column":24},"end":{"line":4,"column":33}},{"start":{"line":4,"column":36},"end":{"line":4,"column":38}}],"line":4},"2":{"loc":{"start":{"line":5,"column":12},"end":{"line":5,"column":35}},"type":"cond-expr","locations":[{"start":{"line":5,"column":24},"end":{"line":5,"column":30}},{"start":{"line":5,"column":33},"end":{"line":5,"column":35}}],"line":5},"3":{"loc":{"start":{"line":9,"column":9},"end":{"line":9,"column":63}},"type":"binary-expr","locations":[{"start":{"line":9,"column":9},"end":{"line":9,"column":46}},{"start":{"line":9,"column":50},"end":{"line":9,"column":63}}],"line":9}},"s":{"0":9,"1":9,"2":9,"3":9},"f":{"0":2},"b":{"0":[9,9],"1":[9,0],"2":[9,0],"3":[9,0]},"_coverageSchema":"332fd63041d2c1bcb487cc26dd0d5f7d97098a6c","hash":"96ef8c58db07b86b622bf5fca7def7ac776456fb"}
,"/Users/carboncopy/Sites/Play/tippyjs/src/js/createTippy.js": {"path":"/Users/carboncopy/Sites/Play/tippyjs/src/js/createTippy.js","statementMap":{"0":{"start":{"line":26,"column":16},"end":{"line":26,"column":17}},"1":{"start":{"line":29,"column":2},"end":{"line":31,"column":3}},"2":{"start":{"line":30,"column":4},"end":{"line":30,"column":52}},"3":{"start":{"line":34,"column":26},"end":{"line":34,"column":28}},"4":{"start":{"line":35,"column":25},"end":{"line":35,"column":27}},"5":{"start":{"line":36,"column":27},"end":{"line":36,"column":29}},"6":{"start":{"line":37,"column":22},"end":{"line":37,"column":23}},"7":{"start":{"line":38,"column":22},"end":{"line":38,"column":23}},"8":{"start":{"line":39,"column":26},"end":{"line":39,"column":31}},"9":{"start":{"line":40,"column":30},"end":{"line":40,"column":38}},"10":{"start":{"line":43,"column":16},"end":{"line":43,"column":57}},"11":{"start":{"line":46,"column":2},"end":{"line":48,"column":3}},"12":{"start":{"line":47,"column":4},"end":{"line":47,"column":15}},"13":{"start":{"line":50,"column":13},"end":{"line":50,"column":24}},"14":{"start":{"line":52,"column":20},"end":{"line":58,"column":4}},"15":{"start":{"line":60,"column":17},"end":{"line":60,"column":47}},"16":{"start":{"line":62,"column":25},"end":{"line":62,"column":44}},"17":{"start":{"line":64,"column":16},"end":{"line":68,"column":3}},"18":{"start":{"line":70,"column":25},"end":{"line":70,"column":29}},"19":{"start":{"line":73,"column":14},"end":{"line":88,"column":3}},"20":{"start":{"line":90,"column":2},"end":{"line":93,"column":3}},"21":{"start":{"line":91,"column":4},"end":{"line":91,"column":47}},"22":{"start":{"line":92,"column":4},"end":{"line":92,"column":46}},"23":{"start":{"line":95,"column":2},"end":{"line":97,"column":3}},"24":{"start":{"line":96,"column":4},"end":{"line":96,"column":11}},"25":{"start":{"line":100,"column":2},"end":{"line":102,"column":3}},"26":{"start":{"line":101,"column":4},"end":{"line":101,"column":39}},"27":{"start":{"line":105,"column":2},"end":{"line":108,"column":3}},"28":{"start":{"line":111,"column":2},"end":{"line":111,"column":24}},"29":{"start":{"line":112,"column":2},"end":{"line":112,"column":21}},"30":{"start":{"line":114,"column":2},"end":{"line":114,"column":12}},"31":{"start":{"line":118,"column":34},"end":{"line":118,"column":60}},"32":{"start":{"line":120,"column":4},"end":{"line":122,"column":5}},"33":{"start":{"line":121,"column":6},"end":{"line":121,"column":12}},"34":{"start":{"line":124,"column":4},"end":{"line":135,"column":5}},"35":{"start":{"line":125,"column":36},"end":{"line":132,"column":7}},"36":{"start":{"line":137,"column":4},"end":{"line":137,"column":39}},"37":{"start":{"line":141,"column":21},"end":{"line":141,"column":60}},"38":{"start":{"line":142,"column":4},"end":{"line":153,"column":5}},"39":{"start":{"line":143,"column":22},"end":{"line":143,"column":39}},"40":{"start":{"line":144,"column":6},"end":{"line":152,"column":7}},"41":{"start":{"line":145,"column":8},"end":{"line":150,"column":10}},"42":{"start":{"line":151,"column":8},"end":{"line":151,"column":20}},"43":{"start":{"line":157,"column":4},"end":{"line":157,"column":24}},"44":{"start":{"line":159,"column":4},"end":{"line":161,"column":5}},"45":{"start":{"line":160,"column":6},"end":{"line":160,"column":12}},"46":{"start":{"line":164,"column":4},"end":{"line":167,"column":5}},"47":{"start":{"line":165,"column":6},"end":{"line":165,"column":37}},"48":{"start":{"line":166,"column":6},"end":{"line":166,"column":12}},"49":{"start":{"line":169,"column":4},"end":{"line":169,"column":28}},"50":{"start":{"line":171,"column":4},"end":{"line":174,"column":5}},"51":{"start":{"line":172,"column":6},"end":{"line":172,"column":33}},"52":{"start":{"line":173,"column":6},"end":{"line":173,"column":12}},"53":{"start":{"line":178,"column":4},"end":{"line":183,"column":5}},"54":{"start":{"line":179,"column":6},"end":{"line":181,"column":7}},"55":{"start":{"line":180,"column":8},"end":{"line":180,"column":47}},"56":{"start":{"line":182,"column":6},"end":{"line":182,"column":66}},"57":{"start":{"line":185,"column":18},"end":{"line":185,"column":46}},"58":{"start":{"line":187,"column":4},"end":{"line":193,"column":5}},"59":{"start":{"line":188,"column":6},"end":{"line":190,"column":15}},"60":{"start":{"line":189,"column":8},"end":{"line":189,"column":14}},"61":{"start":{"line":192,"column":6},"end":{"line":192,"column":12}},"62":{"start":{"line":197,"column":4},"end":{"line":197,"column":24}},"63":{"start":{"line":199,"column":4},"end":{"line":201,"column":5}},"64":{"start":{"line":200,"column":6},"end":{"line":200,"column":12}},"65":{"start":{"line":203,"column":4},"end":{"line":203,"column":29}},"66":{"start":{"line":205,"column":18},"end":{"line":205,"column":46}},"67":{"start":{"line":207,"column":4},"end":{"line":215,"column":5}},"68":{"start":{"line":208,"column":6},"end":{"line":212,"column":15}},"69":{"start":{"line":209,"column":8},"end":{"line":211,"column":9}},"70":{"start":{"line":210,"column":10},"end":{"line":210,"column":16}},"71":{"start":{"line":214,"column":6},"end":{"line":214,"column":12}},"72":{"start":{"line":219,"column":21},"end":{"line":222,"column":6}},"73":{"start":{"line":224,"column":26},"end":{"line":224,"column":35}},"74":{"start":{"line":226,"column":4},"end":{"line":228,"column":5}},"75":{"start":{"line":227,"column":6},"end":{"line":227,"column":48}},"76":{"start":{"line":230,"column":4},"end":{"line":230,"column":54}},"77":{"start":{"line":231,"column":4},"end":{"line":231,"column":27}},"78":{"start":{"line":232,"column":4},"end":{"line":232,"column":48}},"79":{"start":{"line":233,"column":4},"end":{"line":233,"column":66}},"80":{"start":{"line":234,"column":4},"end":{"line":234,"column":24}},"81":{"start":{"line":236,"column":4},"end":{"line":238,"column":5}},"82":{"start":{"line":237,"column":6},"end":{"line":237,"column":13}},"83":{"start":{"line":242,"column":4},"end":{"line":244,"column":5}},"84":{"start":{"line":243,"column":6},"end":{"line":243,"column":12}},"85":{"start":{"line":247,"column":6},"end":{"line":249,"column":67}},"86":{"start":{"line":251,"column":4},"end":{"line":253,"column":5}},"87":{"start":{"line":252,"column":6},"end":{"line":252,"column":12}},"88":{"start":{"line":255,"column":4},"end":{"line":255,"column":28}},"89":{"start":{"line":258,"column":4},"end":{"line":266,"column":5}},"90":{"start":{"line":263,"column":6},"end":{"line":263,"column":13}},"91":{"start":{"line":265,"column":6},"end":{"line":265,"column":18}},"92":{"start":{"line":270,"column":4},"end":{"line":277,"column":5}},"93":{"start":{"line":276,"column":6},"end":{"line":276,"column":12}},"94":{"start":{"line":279,"column":4},"end":{"line":308,"column":5}},"95":{"start":{"line":280,"column":26},"end":{"line":303,"column":7}},"96":{"start":{"line":281,"column":38},"end":{"line":281,"column":80}},"97":{"start":{"line":283,"column":10},"end":{"line":283,"column":64}},"98":{"start":{"line":284,"column":38},"end":{"line":284,"column":77}},"99":{"start":{"line":286,"column":8},"end":{"line":288,"column":9}},"100":{"start":{"line":287,"column":10},"end":{"line":287,"column":16}},"101":{"start":{"line":290,"column":8},"end":{"line":302,"column":9}},"102":{"start":{"line":298,"column":10},"end":{"line":298,"column":64}},"103":{"start":{"line":299,"column":10},"end":{"line":299,"column":64}},"104":{"start":{"line":301,"column":10},"end":{"line":301,"column":17}},"105":{"start":{"line":305,"column":6},"end":{"line":305,"column":60}},"106":{"start":{"line":306,"column":6},"end":{"line":306,"column":57}},"107":{"start":{"line":307,"column":6},"end":{"line":307,"column":12}},"108":{"start":{"line":310,"column":4},"end":{"line":310,"column":11}},"109":{"start":{"line":314,"column":4},"end":{"line":316,"column":5}},"110":{"start":{"line":315,"column":6},"end":{"line":315,"column":12}},"111":{"start":{"line":318,"column":4},"end":{"line":325,"column":5}},"112":{"start":{"line":319,"column":6},"end":{"line":321,"column":7}},"113":{"start":{"line":320,"column":8},"end":{"line":320,"column":14}},"114":{"start":{"line":322,"column":6},"end":{"line":324,"column":7}},"115":{"start":{"line":323,"column":8},"end":{"line":323,"column":14}},"116":{"start":{"line":327,"column":4},"end":{"line":327,"column":11}},"117":{"start":{"line":331,"column":4},"end":{"line":333,"column":5}},"118":{"start":{"line":332,"column":6},"end":{"line":332,"column":18}},"119":{"start":{"line":337,"column":4},"end":{"line":339,"column":5}},"120":{"start":{"line":338,"column":6},"end":{"line":338,"column":13}},"121":{"start":{"line":343,"column":4},"end":{"line":343,"column":31}},"122":{"start":{"line":344,"column":4},"end":{"line":344,"column":31}},"123":{"start":{"line":348,"column":24},"end":{"line":348,"column":42}},"124":{"start":{"line":349,"column":22},"end":{"line":349,"column":31}},"125":{"start":{"line":352,"column":6},"end":{"line":352,"column":74}},"126":{"start":{"line":353,"column":18},"end":{"line":353,"column":54}},"127":{"start":{"line":355,"column":19},"end":{"line":400,"column":5}},"128":{"start":{"line":376,"column":8},"end":{"line":379,"column":9}},"129":{"start":{"line":381,"column":8},"end":{"line":383,"column":9}},"130":{"start":{"line":382,"column":10},"end":{"line":382,"column":64}},"131":{"start":{"line":386,"column":23},"end":{"line":386,"column":36}},"132":{"start":{"line":387,"column":8},"end":{"line":387,"column":23}},"133":{"start":{"line":388,"column":8},"end":{"line":388,"column":26}},"134":{"start":{"line":389,"column":8},"end":{"line":389,"column":24}},"135":{"start":{"line":390,"column":8},"end":{"line":390,"column":25}},"136":{"start":{"line":391,"column":8},"end":{"line":394,"column":9}},"137":{"start":{"line":396,"column":8},"end":{"line":398,"column":9}},"138":{"start":{"line":397,"column":10},"end":{"line":397,"column":64}},"139":{"start":{"line":406,"column":4},"end":{"line":416,"column":6}},"140":{"start":{"line":409,"column":8},"end":{"line":409,"column":35}},"141":{"start":{"line":418,"column":4},"end":{"line":418,"column":56}},"142":{"start":{"line":422,"column":4},"end":{"line":432,"column":5}},"143":{"start":{"line":423,"column":6},"end":{"line":423,"column":49}},"144":{"start":{"line":424,"column":6},"end":{"line":426,"column":7}},"145":{"start":{"line":425,"column":8},"end":{"line":425,"column":50}},"146":{"start":{"line":428,"column":6},"end":{"line":428,"column":41}},"147":{"start":{"line":429,"column":6},"end":{"line":431,"column":7}},"148":{"start":{"line":430,"column":8},"end":{"line":430,"column":49}},"149":{"start":{"line":436,"column":4},"end":{"line":441,"column":5}},"150":{"start":{"line":437,"column":6},"end":{"line":439,"column":7}},"151":{"start":{"line":438,"column":8},"end":{"line":438,"column":50}},"152":{"start":{"line":440,"column":6},"end":{"line":440,"column":50}},"153":{"start":{"line":443,"column":4},"end":{"line":443,"column":63}},"154":{"start":{"line":445,"column":4},"end":{"line":447,"column":5}},"155":{"start":{"line":446,"column":6},"end":{"line":446,"column":48}},"156":{"start":{"line":451,"column":4},"end":{"line":456,"column":5}},"157":{"start":{"line":460,"column":4},"end":{"line":462,"column":5}},"158":{"start":{"line":461,"column":6},"end":{"line":461,"column":12}},"159":{"start":{"line":464,"column":21},"end":{"line":464,"column":51}},"160":{"start":{"line":465,"column":4},"end":{"line":465,"column":35}},"161":{"start":{"line":467,"column":4},"end":{"line":467,"column":36}},"162":{"start":{"line":471,"column":36},"end":{"line":475,"column":5}},"163":{"start":{"line":472,"column":6},"end":{"line":474,"column":10}},"164":{"start":{"line":477,"column":37},"end":{"line":479,"column":5}},"165":{"start":{"line":478,"column":6},"end":{"line":478,"column":57}},"166":{"start":{"line":481,"column":27},"end":{"line":493,"column":5}},"167":{"start":{"line":482,"column":6},"end":{"line":484,"column":7}},"168":{"start":{"line":483,"column":8},"end":{"line":483,"column":43}},"169":{"start":{"line":486,"column":6},"end":{"line":486,"column":31}},"170":{"start":{"line":488,"column":6},"end":{"line":492,"column":7}},"171":{"start":{"line":489,"column":8},"end":{"line":489,"column":45}},"172":{"start":{"line":491,"column":8},"end":{"line":491,"column":34}},"173":{"start":{"line":495,"column":4},"end":{"line":495,"column":20}},"174":{"start":{"line":500,"column":4},"end":{"line":502,"column":5}},"175":{"start":{"line":501,"column":6},"end":{"line":501,"column":23}},"176":{"start":{"line":504,"column":24},"end":{"line":504,"column":42}},"177":{"start":{"line":506,"column":28},"end":{"line":514,"column":5}},"178":{"start":{"line":507,"column":6},"end":{"line":509,"column":7}},"179":{"start":{"line":508,"column":8},"end":{"line":508,"column":14}},"180":{"start":{"line":510,"column":6},"end":{"line":513,"column":7}},"181":{"start":{"line":516,"column":21},"end":{"line":521,"column":5}},"182":{"start":{"line":517,"column":6},"end":{"line":520,"column":7}},"183":{"start":{"line":518,"column":8},"end":{"line":518,"column":43}},"184":{"start":{"line":519,"column":8},"end":{"line":519,"column":18}},"185":{"start":{"line":523,"column":4},"end":{"line":523,"column":52}},"186":{"start":{"line":524,"column":4},"end":{"line":524,"column":36}},"187":{"start":{"line":526,"column":4},"end":{"line":526,"column":36}},"188":{"start":{"line":531,"column":4},"end":{"line":531,"column":30}},"189":{"start":{"line":535,"column":4},"end":{"line":535,"column":31}},"190":{"start":{"line":539,"column":4},"end":{"line":541,"column":5}},"191":{"start":{"line":540,"column":6},"end":{"line":540,"column":12}},"192":{"start":{"line":544,"column":4},"end":{"line":549,"column":5}},"193":{"start":{"line":548,"column":6},"end":{"line":548,"column":22}},"194":{"start":{"line":552,"column":4},"end":{"line":554,"column":5}},"195":{"start":{"line":553,"column":6},"end":{"line":553,"column":12}},"196":{"start":{"line":556,"column":4},"end":{"line":556,"column":25}},"197":{"start":{"line":558,"column":4},"end":{"line":558,"column":43}},"198":{"start":{"line":559,"column":4},"end":{"line":559,"column":30}},"199":{"start":{"line":562,"column":4},"end":{"line":565,"column":5}},"200":{"start":{"line":567,"column":4},"end":{"line":627,"column":6}},"201":{"start":{"line":568,"column":6},"end":{"line":570,"column":7}},"202":{"start":{"line":569,"column":8},"end":{"line":569,"column":14}},"203":{"start":{"line":572,"column":6},"end":{"line":575,"column":7}},"204":{"start":{"line":574,"column":8},"end":{"line":574,"column":43}},"205":{"start":{"line":578,"column":6},"end":{"line":586,"column":7}},"206":{"start":{"line":579,"column":8},"end":{"line":579,"column":50}},"207":{"start":{"line":580,"column":22},"end":{"line":580,"column":50}},"208":{"start":{"line":581,"column":8},"end":{"line":585,"column":9}},"209":{"start":{"line":582,"column":10},"end":{"line":584,"column":11}},"210":{"start":{"line":588,"column":6},"end":{"line":595,"column":7}},"211":{"start":{"line":597,"column":6},"end":{"line":599,"column":7}},"212":{"start":{"line":598,"column":8},"end":{"line":598,"column":74}},"213":{"start":{"line":601,"column":6},"end":{"line":603,"column":7}},"214":{"start":{"line":602,"column":8},"end":{"line":602,"column":51}},"215":{"start":{"line":605,"column":6},"end":{"line":607,"column":7}},"216":{"start":{"line":606,"column":8},"end":{"line":606,"column":20}},"217":{"start":{"line":609,"column":6},"end":{"line":612,"column":7}},"218":{"start":{"line":614,"column":6},"end":{"line":626,"column":8}},"219":{"start":{"line":615,"column":8},"end":{"line":617,"column":9}},"220":{"start":{"line":616,"column":10},"end":{"line":616,"column":72}},"221":{"start":{"line":619,"column":8},"end":{"line":621,"column":9}},"222":{"start":{"line":620,"column":10},"end":{"line":620,"column":27}},"223":{"start":{"line":623,"column":8},"end":{"line":623,"column":69}},"224":{"start":{"line":625,"column":8},"end":{"line":625,"column":30}},"225":{"start":{"line":631,"column":4},"end":{"line":633,"column":5}},"226":{"start":{"line":632,"column":6},"end":{"line":632,"column":12}},"227":{"start":{"line":635,"column":4},"end":{"line":635,"column":25}},"228":{"start":{"line":637,"column":4},"end":{"line":639,"column":5}},"229":{"start":{"line":638,"column":6},"end":{"line":638,"column":71}},"230":{"start":{"line":641,"column":4},"end":{"line":643,"column":5}},"231":{"start":{"line":642,"column":6},"end":{"line":642,"column":52}},"232":{"start":{"line":645,"column":4},"end":{"line":645,"column":42}},"233":{"start":{"line":646,"column":4},"end":{"line":646,"column":31}},"234":{"start":{"line":648,"column":4},"end":{"line":655,"column":5}},"235":{"start":{"line":657,"column":4},"end":{"line":660,"column":5}},"236":{"start":{"line":662,"column":4},"end":{"line":664,"column":5}},"237":{"start":{"line":663,"column":6},"end":{"line":663,"column":26}},"238":{"start":{"line":672,"column":4},"end":{"line":691,"column":6}},"239":{"start":{"line":673,"column":6},"end":{"line":690,"column":8}},"240":{"start":{"line":674,"column":8},"end":{"line":676,"column":9}},"241":{"start":{"line":675,"column":10},"end":{"line":675,"column":16}},"242":{"start":{"line":678,"column":8},"end":{"line":681,"column":9}},"243":{"start":{"line":679,"column":10},"end":{"line":679,"column":73}},"244":{"start":{"line":680,"column":10},"end":{"line":680,"column":35}},"245":{"start":{"line":683,"column":8},"end":{"line":683,"column":57}},"246":{"start":{"line":685,"column":8},"end":{"line":685,"column":50}},"247":{"start":{"line":687,"column":8},"end":{"line":687,"column":50}},"248":{"start":{"line":689,"column":8},"end":{"line":689,"column":31}},"249":{"start":{"line":695,"column":4},"end":{"line":697,"column":5}},"250":{"start":{"line":696,"column":6},"end":{"line":696,"column":12}},"251":{"start":{"line":700,"column":4},"end":{"line":702,"column":5}},"252":{"start":{"line":701,"column":6},"end":{"line":701,"column":13}},"253":{"start":{"line":704,"column":4},"end":{"line":706,"column":6}},"254":{"start":{"line":705,"column":6},"end":{"line":705,"column":59}},"255":{"start":{"line":708,"column":4},"end":{"line":708,"column":31}},"256":{"start":{"line":710,"column":23},"end":{"line":710,"column":70}},"257":{"start":{"line":711,"column":4},"end":{"line":713,"column":6}},"258":{"start":{"line":712,"column":6},"end":{"line":712,"column":41}},"259":{"start":{"line":715,"column":4},"end":{"line":719,"column":5}},"260":{"start":{"line":716,"column":6},"end":{"line":718,"column":7}},"261":{"start":{"line":717,"column":17},"end":{"line":717,"column":55}},"262":{"start":{"line":721,"column":4},"end":{"line":723,"column":5}},"263":{"start":{"line":722,"column":6},"end":{"line":722,"column":34}},"264":{"start":{"line":725,"column":4},"end":{"line":727,"column":6}},"265":{"start":{"line":726,"column":6},"end":{"line":726,"column":27}},"266":{"start":{"line":729,"column":4},"end":{"line":729,"column":32}}},"fnMap":{"0":{"name":"createTippy","decl":{"start":{"line":28,"column":24},"end":{"line":28,"column":35}},"loc":{"start":{"line":28,"column":64},"end":{"line":731,"column":1}},"line":28},"1":{"name":"(anonymous_1)","decl":{"start":{"line":40,"column":30},"end":{"line":40,"column":31}},"loc":{"start":{"line":40,"column":36},"end":{"line":40,"column":38}},"line":40},"2":{"name":"followCursorListener","decl":{"start":{"line":117,"column":11},"end":{"line":117,"column":31}},"loc":{"start":{"line":117,"column":39},"end":{"line":138,"column":3}},"line":117},"3":{"name":"(anonymous_3)","decl":{"start":{"line":125,"column":29},"end":{"line":125,"column":30}},"loc":{"start":{"line":125,"column":36},"end":{"line":132,"column":7}},"line":125},"4":{"name":"createDelegateChildTippy","decl":{"start":{"line":140,"column":11},"end":{"line":140,"column":35}},"loc":{"start":{"line":140,"column":43},"end":{"line":154,"column":3}},"line":140},"5":{"name":"enter","decl":{"start":{"line":156,"column":11},"end":{"line":156,"column":16}},"loc":{"start":{"line":156,"column":24},"end":{"line":194,"column":3}},"line":156},"6":{"name":"(anonymous_6)","decl":{"start":{"line":188,"column":33},"end":{"line":188,"column":34}},"loc":{"start":{"line":188,"column":39},"end":{"line":190,"column":7}},"line":188},"7":{"name":"leave","decl":{"start":{"line":196,"column":11},"end":{"line":196,"column":16}},"loc":{"start":{"line":196,"column":19},"end":{"line":216,"column":3}},"line":196},"8":{"name":"(anonymous_8)","decl":{"start":{"line":208,"column":33},"end":{"line":208,"column":34}},"loc":{"start":{"line":208,"column":39},"end":{"line":212,"column":7}},"line":208},"9":{"name":"set","decl":{"start":{"line":218,"column":11},"end":{"line":218,"column":14}},"loc":{"start":{"line":218,"column":29},"end":{"line":239,"column":3}},"line":218},"10":{"name":"onTrigger","decl":{"start":{"line":241,"column":11},"end":{"line":241,"column":20}},"loc":{"start":{"line":241,"column":28},"end":{"line":267,"column":3}},"line":241},"11":{"name":"onMouseLeave","decl":{"start":{"line":269,"column":11},"end":{"line":269,"column":23}},"loc":{"start":{"line":269,"column":31},"end":{"line":311,"column":3}},"line":269},"12":{"name":"(anonymous_12)","decl":{"start":{"line":280,"column":26},"end":{"line":280,"column":27}},"loc":{"start":{"line":280,"column":35},"end":{"line":303,"column":7}},"line":280},"13":{"name":"onBlur","decl":{"start":{"line":313,"column":11},"end":{"line":313,"column":17}},"loc":{"start":{"line":313,"column":25},"end":{"line":328,"column":3}},"line":313},"14":{"name":"onDelegateShow","decl":{"start":{"line":330,"column":11},"end":{"line":330,"column":25}},"loc":{"start":{"line":330,"column":33},"end":{"line":334,"column":3}},"line":330},"15":{"name":"onDelegateHide","decl":{"start":{"line":336,"column":11},"end":{"line":336,"column":25}},"loc":{"start":{"line":336,"column":33},"end":{"line":340,"column":3}},"line":336},"16":{"name":"clearDelayTimeouts","decl":{"start":{"line":342,"column":11},"end":{"line":342,"column":29}},"loc":{"start":{"line":342,"column":32},"end":{"line":345,"column":3}},"line":342},"17":{"name":"createPopperInstance","decl":{"start":{"line":347,"column":11},"end":{"line":347,"column":31}},"loc":{"start":{"line":347,"column":34},"end":{"line":419,"column":3}},"line":347},"18":{"name":"(anonymous_18)","decl":{"start":{"line":408,"column":16},"end":{"line":408,"column":17}},"loc":{"start":{"line":408,"column":22},"end":{"line":410,"column":7}},"line":408},"19":{"name":"mount","decl":{"start":{"line":421,"column":11},"end":{"line":421,"column":16}},"loc":{"start":{"line":421,"column":30},"end":{"line":448,"column":3}},"line":421},"20":{"name":"hasFollowCursorBehavior","decl":{"start":{"line":450,"column":11},"end":{"line":450,"column":34}},"loc":{"start":{"line":450,"column":37},"end":{"line":457,"column":3}},"line":450},"21":{"name":"addMutationObserver","decl":{"start":{"line":459,"column":11},"end":{"line":459,"column":30}},"loc":{"start":{"line":459,"column":60},"end":{"line":468,"column":3}},"line":459},"22":{"name":"makeSticky","decl":{"start":{"line":470,"column":11},"end":{"line":470,"column":21}},"loc":{"start":{"line":470,"column":24},"end":{"line":496,"column":3}},"line":470},"23":{"name":"(anonymous_23)","decl":{"start":{"line":471,"column":36},"end":{"line":471,"column":37}},"loc":{"start":{"line":471,"column":42},"end":{"line":475,"column":5}},"line":471},"24":{"name":"(anonymous_24)","decl":{"start":{"line":477,"column":37},"end":{"line":477,"column":38}},"loc":{"start":{"line":477,"column":43},"end":{"line":479,"column":5}},"line":477},"25":{"name":"(anonymous_25)","decl":{"start":{"line":481,"column":27},"end":{"line":481,"column":28}},"loc":{"start":{"line":481,"column":33},"end":{"line":493,"column":5}},"line":481},"26":{"name":"onTransitionEnd","decl":{"start":{"line":498,"column":11},"end":{"line":498,"column":26}},"loc":{"start":{"line":498,"column":47},"end":{"line":527,"column":3}},"line":498},"27":{"name":"(anonymous_27)","decl":{"start":{"line":506,"column":28},"end":{"line":506,"column":29}},"loc":{"start":{"line":506,"column":50},"end":{"line":514,"column":5}},"line":506},"28":{"name":"(anonymous_28)","decl":{"start":{"line":516,"column":21},"end":{"line":516,"column":22}},"loc":{"start":{"line":516,"column":26},"end":{"line":521,"column":5}},"line":516},"29":{"name":"enable","decl":{"start":{"line":530,"column":11},"end":{"line":530,"column":17}},"loc":{"start":{"line":530,"column":20},"end":{"line":532,"column":3}},"line":530},"30":{"name":"disable","decl":{"start":{"line":534,"column":11},"end":{"line":534,"column":18}},"loc":{"start":{"line":534,"column":21},"end":{"line":536,"column":3}},"line":534},"31":{"name":"show","decl":{"start":{"line":538,"column":11},"end":{"line":538,"column":15}},"loc":{"start":{"line":538,"column":60},"end":{"line":628,"column":3}},"line":538},"32":{"name":"(anonymous_32)","decl":{"start":{"line":567,"column":10},"end":{"line":567,"column":11}},"loc":{"start":{"line":567,"column":16},"end":{"line":627,"column":5}},"line":567},"33":{"name":"(anonymous_33)","decl":{"start":{"line":614,"column":32},"end":{"line":614,"column":33}},"loc":{"start":{"line":614,"column":38},"end":{"line":626,"column":7}},"line":614},"34":{"name":"hide","decl":{"start":{"line":630,"column":11},"end":{"line":630,"column":15}},"loc":{"start":{"line":630,"column":60},"end":{"line":692,"column":3}},"line":630},"35":{"name":"(anonymous_35)","decl":{"start":{"line":672,"column":10},"end":{"line":672,"column":11}},"loc":{"start":{"line":672,"column":16},"end":{"line":691,"column":5}},"line":672},"36":{"name":"(anonymous_36)","decl":{"start":{"line":673,"column":32},"end":{"line":673,"column":33}},"loc":{"start":{"line":673,"column":38},"end":{"line":690,"column":7}},"line":673},"37":{"name":"destroy","decl":{"start":{"line":694,"column":11},"end":{"line":694,"column":18}},"loc":{"start":{"line":694,"column":43},"end":{"line":730,"column":3}},"line":694},"38":{"name":"(anonymous_38)","decl":{"start":{"line":704,"column":26},"end":{"line":704,"column":27}},"loc":{"start":{"line":704,"column":54},"end":{"line":706,"column":5}},"line":704},"39":{"name":"(anonymous_39)","decl":{"start":{"line":711,"column":23},"end":{"line":711,"column":24}},"loc":{"start":{"line":711,"column":31},"end":{"line":713,"column":5}},"line":711},"40":{"name":"(anonymous_40)","decl":{"start":{"line":717,"column":8},"end":{"line":717,"column":9}},"loc":{"start":{"line":717,"column":17},"end":{"line":717,"column":55}},"line":717},"41":{"name":"(anonymous_41)","decl":{"start":{"line":725,"column":30},"end":{"line":725,"column":31}},"loc":{"start":{"line":725,"column":42},"end":{"line":727,"column":5}},"line":725}},"branchMap":{"0":{"loc":{"start":{"line":29,"column":2},"end":{"line":31,"column":3}},"type":"if","locations":[{"start":{"line":29,"column":2},"end":{"line":31,"column":3}},{"start":{"line":29,"column":2},"end":{"line":31,"column":3}}],"line":29},"1":{"loc":{"start":{"line":46,"column":2},"end":{"line":48,"column":3}},"type":"if","locations":[{"start":{"line":46,"column":2},"end":{"line":48,"column":3}},{"start":{"line":46,"column":2},"end":{"line":48,"column":3}}],"line":46},"2":{"loc":{"start":{"line":46,"column":6},"end":{"line":46,"column":41}},"type":"binary-expr","locations":[{"start":{"line":46,"column":6},"end":{"line":46,"column":21}},{"start":{"line":46,"column":25},"end":{"line":46,"column":41}}],"line":46},"3":{"loc":{"start":{"line":90,"column":2},"end":{"line":93,"column":3}},"type":"if","locations":[{"start":{"line":90,"column":2},"end":{"line":93,"column":3}},{"start":{"line":90,"column":2},"end":{"line":93,"column":3}}],"line":90},"4":{"loc":{"start":{"line":95,"column":2},"end":{"line":97,"column":3}},"type":"if","locations":[{"start":{"line":95,"column":2},"end":{"line":97,"column":3}},{"start":{"line":95,"column":2},"end":{"line":97,"column":3}}],"line":95},"5":{"loc":{"start":{"line":100,"column":2},"end":{"line":102,"column":3}},"type":"if","locations":[{"start":{"line":100,"column":2},"end":{"line":102,"column":3}},{"start":{"line":100,"column":2},"end":{"line":102,"column":3}}],"line":100},"6":{"loc":{"start":{"line":100,"column":6},"end":{"line":100,"column":71}},"type":"binary-expr","locations":[{"start":{"line":100,"column":6},"end":{"line":100,"column":16}},{"start":{"line":100,"column":20},"end":{"line":100,"column":33}},{"start":{"line":100,"column":37},"end":{"line":100,"column":71}}],"line":100},"7":{"loc":{"start":{"line":107,"column":4},"end":{"line":107,"column":65}},"type":"cond-expr","locations":[{"start":{"line":107,"column":19},"end":{"line":107,"column":40}},{"start":{"line":107,"column":43},"end":{"line":107,"column":65}}],"line":107},"8":{"loc":{"start":{"line":120,"column":4},"end":{"line":122,"column":5}},"type":"if","locations":[{"start":{"line":120,"column":4},"end":{"line":122,"column":5}},{"start":{"line":120,"column":4},"end":{"line":122,"column":5}}],"line":120},"9":{"loc":{"start":{"line":142,"column":4},"end":{"line":153,"column":5}},"type":"if","locations":[{"start":{"line":142,"column":4},"end":{"line":153,"column":5}},{"start":{"line":142,"column":4},"end":{"line":153,"column":5}}],"line":142},"10":{"loc":{"start":{"line":142,"column":8},"end":{"line":142,"column":36}},"type":"binary-expr","locations":[{"start":{"line":142,"column":8},"end":{"line":142,"column":16}},{"start":{"line":142,"column":20},"end":{"line":142,"column":36}}],"line":142},"11":{"loc":{"start":{"line":144,"column":6},"end":{"line":152,"column":7}},"type":"if","locations":[{"start":{"line":144,"column":6},"end":{"line":152,"column":7}},{"start":{"line":144,"column":6},"end":{"line":152,"column":7}}],"line":144},"12":{"loc":{"start":{"line":159,"column":4},"end":{"line":161,"column":5}},"type":"if","locations":[{"start":{"line":159,"column":4},"end":{"line":161,"column":5}},{"start":{"line":159,"column":4},"end":{"line":161,"column":5}}],"line":159},"13":{"loc":{"start":{"line":164,"column":4},"end":{"line":167,"column":5}},"type":"if","locations":[{"start":{"line":164,"column":4},"end":{"line":167,"column":5}},{"start":{"line":164,"column":4},"end":{"line":167,"column":5}}],"line":164},"14":{"loc":{"start":{"line":171,"column":4},"end":{"line":174,"column":5}},"type":"if","locations":[{"start":{"line":171,"column":4},"end":{"line":174,"column":5}},{"start":{"line":171,"column":4},"end":{"line":174,"column":5}}],"line":171},"15":{"loc":{"start":{"line":178,"column":4},"end":{"line":183,"column":5}},"type":"if","locations":[{"start":{"line":178,"column":4},"end":{"line":183,"column":5}},{"start":{"line":178,"column":4},"end":{"line":183,"column":5}}],"line":178},"16":{"loc":{"start":{"line":179,"column":6},"end":{"line":181,"column":7}},"type":"if","locations":[{"start":{"line":179,"column":6},"end":{"line":181,"column":7}},{"start":{"line":179,"column":6},"end":{"line":181,"column":7}}],"line":179},"17":{"loc":{"start":{"line":187,"column":4},"end":{"line":193,"column":5}},"type":"if","locations":[{"start":{"line":187,"column":4},"end":{"line":193,"column":5}},{"start":{"line":187,"column":4},"end":{"line":193,"column":5}}],"line":187},"18":{"loc":{"start":{"line":199,"column":4},"end":{"line":201,"column":5}},"type":"if","locations":[{"start":{"line":199,"column":4},"end":{"line":201,"column":5}},{"start":{"line":199,"column":4},"end":{"line":201,"column":5}}],"line":199},"19":{"loc":{"start":{"line":207,"column":4},"end":{"line":215,"column":5}},"type":"if","locations":[{"start":{"line":207,"column":4},"end":{"line":215,"column":5}},{"start":{"line":207,"column":4},"end":{"line":215,"column":5}}],"line":207},"20":{"loc":{"start":{"line":209,"column":8},"end":{"line":211,"column":9}},"type":"if","locations":[{"start":{"line":209,"column":8},"end":{"line":211,"column":9}},{"start":{"line":209,"column":8},"end":{"line":211,"column":9}}],"line":209},"21":{"loc":{"start":{"line":226,"column":4},"end":{"line":228,"column":5}},"type":"if","locations":[{"start":{"line":226,"column":4},"end":{"line":228,"column":5}},{"start":{"line":226,"column":4},"end":{"line":228,"column":5}}],"line":226},"22":{"loc":{"start":{"line":226,"column":8},"end":{"line":226,"column":60}},"type":"binary-expr","locations":[{"start":{"line":226,"column":8},"end":{"line":226,"column":17}},{"start":{"line":226,"column":21},"end":{"line":226,"column":60}}],"line":226},"23":{"loc":{"start":{"line":233,"column":4},"end":{"line":233,"column":66}},"type":"binary-expr","locations":[{"start":{"line":233,"column":4},"end":{"line":233,"column":22}},{"start":{"line":233,"column":27},"end":{"line":233,"column":65}}],"line":233},"24":{"loc":{"start":{"line":236,"column":4},"end":{"line":238,"column":5}},"type":"if","locations":[{"start":{"line":236,"column":4},"end":{"line":238,"column":5}},{"start":{"line":236,"column":4},"end":{"line":238,"column":5}}],"line":236},"25":{"loc":{"start":{"line":242,"column":4},"end":{"line":244,"column":5}},"type":"if","locations":[{"start":{"line":242,"column":4},"end":{"line":244,"column":5}},{"start":{"line":242,"column":4},"end":{"line":244,"column":5}}],"line":242},"26":{"loc":{"start":{"line":247,"column":6},"end":{"line":249,"column":67}},"type":"binary-expr","locations":[{"start":{"line":247,"column":6},"end":{"line":247,"column":27}},{"start":{"line":248,"column":6},"end":{"line":248,"column":26}},{"start":{"line":249,"column":6},"end":{"line":249,"column":67}}],"line":247},"27":{"loc":{"start":{"line":251,"column":4},"end":{"line":253,"column":5}},"type":"if","locations":[{"start":{"line":251,"column":4},"end":{"line":253,"column":5}},{"start":{"line":251,"column":4},"end":{"line":253,"column":5}}],"line":251},"28":{"loc":{"start":{"line":251,"column":8},"end":{"line":251,"column":46}},"type":"binary-expr","locations":[{"start":{"line":251,"column":8},"end":{"line":251,"column":23}},{"start":{"line":251,"column":27},"end":{"line":251,"column":46}}],"line":251},"29":{"loc":{"start":{"line":258,"column":4},"end":{"line":266,"column":5}},"type":"if","locations":[{"start":{"line":258,"column":4},"end":{"line":266,"column":5}},{"start":{"line":258,"column":4},"end":{"line":266,"column":5}}],"line":258},"30":{"loc":{"start":{"line":259,"column":6},"end":{"line":261,"column":25}},"type":"binary-expr","locations":[{"start":{"line":259,"column":6},"end":{"line":259,"column":28}},{"start":{"line":260,"column":6},"end":{"line":260,"column":44}},{"start":{"line":261,"column":6},"end":{"line":261,"column":25}}],"line":259},"31":{"loc":{"start":{"line":270,"column":4},"end":{"line":277,"column":5}},"type":"if","locations":[{"start":{"line":270,"column":4},"end":{"line":277,"column":5}},{"start":{"line":270,"column":4},"end":{"line":277,"column":5}}],"line":270},"32":{"loc":{"start":{"line":271,"column":6},"end":{"line":274,"column":25}},"type":"binary-expr","locations":[{"start":{"line":271,"column":6},"end":{"line":271,"column":57}},{"start":{"line":272,"column":6},"end":{"line":272,"column":27}},{"start":{"line":273,"column":6},"end":{"line":273,"column":26}},{"start":{"line":274,"column":6},"end":{"line":274,"column":25}}],"line":271},"33":{"loc":{"start":{"line":279,"column":4},"end":{"line":308,"column":5}},"type":"if","locations":[{"start":{"line":279,"column":4},"end":{"line":308,"column":5}},{"start":{"line":279,"column":4},"end":{"line":308,"column":5}}],"line":279},"34":{"loc":{"start":{"line":286,"column":8},"end":{"line":288,"column":9}},"type":"if","locations":[{"start":{"line":286,"column":8},"end":{"line":288,"column":9}},{"start":{"line":286,"column":8},"end":{"line":288,"column":9}}],"line":286},"35":{"loc":{"start":{"line":286,"column":12},"end":{"line":286,"column":55}},"type":"binary-expr","locations":[{"start":{"line":286,"column":12},"end":{"line":286,"column":30}},{"start":{"line":286,"column":34},"end":{"line":286,"column":55}}],"line":286},"36":{"loc":{"start":{"line":290,"column":8},"end":{"line":302,"column":9}},"type":"if","locations":[{"start":{"line":290,"column":8},"end":{"line":302,"column":9}},{"start":{"line":290,"column":8},"end":{"line":302,"column":9}}],"line":290},"37":{"loc":{"start":{"line":314,"column":4},"end":{"line":316,"column":5}},"type":"if","locations":[{"start":{"line":314,"column":4},"end":{"line":316,"column":5}},{"start":{"line":314,"column":4},"end":{"line":316,"column":5}}],"line":314},"38":{"loc":{"start":{"line":314,"column":8},"end":{"line":314,"column":62}},"type":"binary-expr","locations":[{"start":{"line":314,"column":8},"end":{"line":314,"column":38}},{"start":{"line":314,"column":42},"end":{"line":314,"column":62}}],"line":314},"39":{"loc":{"start":{"line":318,"column":4},"end":{"line":325,"column":5}},"type":"if","locations":[{"start":{"line":318,"column":4},"end":{"line":325,"column":5}},{"start":{"line":318,"column":4},"end":{"line":325,"column":5}}],"line":318},"40":{"loc":{"start":{"line":319,"column":6},"end":{"line":321,"column":7}},"type":"if","locations":[{"start":{"line":319,"column":6},"end":{"line":321,"column":7}},{"start":{"line":319,"column":6},"end":{"line":321,"column":7}}],"line":319},"41":{"loc":{"start":{"line":322,"column":6},"end":{"line":324,"column":7}},"type":"if","locations":[{"start":{"line":322,"column":6},"end":{"line":324,"column":7}},{"start":{"line":322,"column":6},"end":{"line":324,"column":7}}],"line":322},"42":{"loc":{"start":{"line":331,"column":4},"end":{"line":333,"column":5}},"type":"if","locations":[{"start":{"line":331,"column":4},"end":{"line":333,"column":5}},{"start":{"line":331,"column":4},"end":{"line":333,"column":5}}],"line":331},"43":{"loc":{"start":{"line":337,"column":4},"end":{"line":339,"column":5}},"type":"if","locations":[{"start":{"line":337,"column":4},"end":{"line":339,"column":5}},{"start":{"line":337,"column":4},"end":{"line":339,"column":5}}],"line":337},"44":{"loc":{"start":{"line":352,"column":16},"end":{"line":352,"column":73}},"type":"cond-expr","locations":[{"start":{"line":352,"column":50},"end":{"line":352,"column":63}},{"start":{"line":352,"column":66},"end":{"line":352,"column":73}}],"line":352},"45":{"loc":{"start":{"line":357,"column":10},"end":{"line":357,"column":21}},"type":"binary-expr","locations":[{"start":{"line":357,"column":10},"end":{"line":357,"column":15}},{"start":{"line":357,"column":19},"end":{"line":357,"column":21}}],"line":357},"46":{"loc":{"start":{"line":359,"column":12},"end":{"line":359,"column":40}},"type":"cond-expr","locations":[{"start":{"line":359,"column":20},"end":{"line":359,"column":35}},{"start":{"line":359,"column":38},"end":{"line":359,"column":40}}],"line":359},"47":{"loc":{"start":{"line":362,"column":14},"end":{"line":362,"column":67}},"type":"cond-expr","locations":[{"start":{"line":362,"column":41},"end":{"line":362,"column":62}},{"start":{"line":362,"column":65},"end":{"line":362,"column":67}}],"line":362},"48":{"loc":{"start":{"line":362,"column":14},"end":{"line":362,"column":38}},"type":"binary-expr","locations":[{"start":{"line":362,"column":14},"end":{"line":362,"column":19}},{"start":{"line":362,"column":23},"end":{"line":362,"column":38}}],"line":362},"49":{"loc":{"start":{"line":368,"column":14},"end":{"line":368,"column":66}},"type":"cond-expr","locations":[{"start":{"line":368,"column":41},"end":{"line":368,"column":61}},{"start":{"line":368,"column":64},"end":{"line":368,"column":66}}],"line":368},"50":{"loc":{"start":{"line":368,"column":14},"end":{"line":368,"column":38}},"type":"binary-expr","locations":[{"start":{"line":368,"column":14},"end":{"line":368,"column":19}},{"start":{"line":368,"column":23},"end":{"line":368,"column":38}}],"line":368},"51":{"loc":{"start":{"line":372,"column":14},"end":{"line":372,"column":68}},"type":"cond-expr","locations":[{"start":{"line":372,"column":41},"end":{"line":372,"column":63}},{"start":{"line":372,"column":66},"end":{"line":372,"column":68}}],"line":372},"52":{"loc":{"start":{"line":372,"column":14},"end":{"line":372,"column":38}},"type":"binary-expr","locations":[{"start":{"line":372,"column":14},"end":{"line":372,"column":19}},{"start":{"line":372,"column":23},"end":{"line":372,"column":38}}],"line":372},"53":{"loc":{"start":{"line":381,"column":8},"end":{"line":383,"column":9}},"type":"if","locations":[{"start":{"line":381,"column":8},"end":{"line":383,"column":9}},{"start":{"line":381,"column":8},"end":{"line":383,"column":9}}],"line":381},"54":{"loc":{"start":{"line":381,"column":12},"end":{"line":381,"column":45}},"type":"binary-expr","locations":[{"start":{"line":381,"column":12},"end":{"line":381,"column":17}},{"start":{"line":381,"column":21},"end":{"line":381,"column":45}}],"line":381},"55":{"loc":{"start":{"line":396,"column":8},"end":{"line":398,"column":9}},"type":"if","locations":[{"start":{"line":396,"column":8},"end":{"line":398,"column":9}},{"start":{"line":396,"column":8},"end":{"line":398,"column":9}}],"line":396},"56":{"loc":{"start":{"line":396,"column":12},"end":{"line":396,"column":45}},"type":"binary-expr","locations":[{"start":{"line":396,"column":12},"end":{"line":396,"column":17}},{"start":{"line":396,"column":21},"end":{"line":396,"column":45}}],"line":396},"57":{"loc":{"start":{"line":422,"column":4},"end":{"line":432,"column":5}},"type":"if","locations":[{"start":{"line":422,"column":4},"end":{"line":432,"column":5}},{"start":{"line":422,"column":4},"end":{"line":432,"column":5}}],"line":422},"58":{"loc":{"start":{"line":424,"column":6},"end":{"line":426,"column":7}},"type":"if","locations":[{"start":{"line":424,"column":6},"end":{"line":426,"column":7}},{"start":{"line":424,"column":6},"end":{"line":426,"column":7}}],"line":424},"59":{"loc":{"start":{"line":429,"column":6},"end":{"line":431,"column":7}},"type":"if","locations":[{"start":{"line":429,"column":6},"end":{"line":431,"column":7}},{"start":{"line":429,"column":6},"end":{"line":431,"column":7}}],"line":429},"60":{"loc":{"start":{"line":429,"column":10},"end":{"line":429,"column":63}},"type":"binary-expr","locations":[{"start":{"line":429,"column":10},"end":{"line":429,"column":33}},{"start":{"line":429,"column":37},"end":{"line":429,"column":63}}],"line":429},"61":{"loc":{"start":{"line":436,"column":4},"end":{"line":441,"column":5}},"type":"if","locations":[{"start":{"line":436,"column":4},"end":{"line":441,"column":5}},{"start":{"line":436,"column":4},"end":{"line":441,"column":5}}],"line":436},"62":{"loc":{"start":{"line":437,"column":6},"end":{"line":439,"column":7}},"type":"if","locations":[{"start":{"line":437,"column":6},"end":{"line":439,"column":7}},{"start":{"line":437,"column":6},"end":{"line":439,"column":7}}],"line":437},"63":{"loc":{"start":{"line":445,"column":4},"end":{"line":447,"column":5}},"type":"if","locations":[{"start":{"line":445,"column":4},"end":{"line":447,"column":5}},{"start":{"line":445,"column":4},"end":{"line":447,"column":5}}],"line":445},"64":{"loc":{"start":{"line":452,"column":6},"end":{"line":455,"column":39}},"type":"binary-expr","locations":[{"start":{"line":452,"column":6},"end":{"line":452,"column":28}},{"start":{"line":453,"column":6},"end":{"line":453,"column":27}},{"start":{"line":454,"column":6},"end":{"line":454,"column":22}},{"start":{"line":455,"column":6},"end":{"line":455,"column":39}}],"line":452},"65":{"loc":{"start":{"line":460,"column":4},"end":{"line":462,"column":5}},"type":"if","locations":[{"start":{"line":460,"column":4},"end":{"line":462,"column":5}},{"start":{"line":460,"column":4},"end":{"line":462,"column":5}}],"line":460},"66":{"loc":{"start":{"line":482,"column":6},"end":{"line":484,"column":7}},"type":"if","locations":[{"start":{"line":482,"column":6},"end":{"line":484,"column":7}},{"start":{"line":482,"column":6},"end":{"line":484,"column":7}}],"line":482},"67":{"loc":{"start":{"line":488,"column":6},"end":{"line":492,"column":7}},"type":"if","locations":[{"start":{"line":488,"column":6},"end":{"line":492,"column":7}},{"start":{"line":488,"column":6},"end":{"line":492,"column":7}}],"line":488},"68":{"loc":{"start":{"line":500,"column":4},"end":{"line":502,"column":5}},"type":"if","locations":[{"start":{"line":500,"column":4},"end":{"line":502,"column":5}},{"start":{"line":500,"column":4},"end":{"line":502,"column":5}}],"line":500},"69":{"loc":{"start":{"line":507,"column":6},"end":{"line":509,"column":7}},"type":"if","locations":[{"start":{"line":507,"column":6},"end":{"line":509,"column":7}},{"start":{"line":507,"column":6},"end":{"line":509,"column":7}}],"line":507},"70":{"loc":{"start":{"line":511,"column":8},"end":{"line":511,"column":77}},"type":"cond-expr","locations":[{"start":{"line":511,"column":38},"end":{"line":511,"column":53}},{"start":{"line":511,"column":56},"end":{"line":511,"column":77}}],"line":511},"71":{"loc":{"start":{"line":517,"column":6},"end":{"line":520,"column":7}},"type":"if","locations":[{"start":{"line":517,"column":6},"end":{"line":520,"column":7}},{"start":{"line":517,"column":6},"end":{"line":520,"column":7}}],"line":517},"72":{"loc":{"start":{"line":538,"column":16},"end":{"line":538,"column":58}},"type":"default-arg","locations":[{"start":{"line":538,"column":27},"end":{"line":538,"column":58}}],"line":538},"73":{"loc":{"start":{"line":539,"column":4},"end":{"line":541,"column":5}},"type":"if","locations":[{"start":{"line":539,"column":4},"end":{"line":541,"column":5}},{"start":{"line":539,"column":4},"end":{"line":541,"column":5}}],"line":539},"74":{"loc":{"start":{"line":539,"column":8},"end":{"line":539,"column":53}},"type":"binary-expr","locations":[{"start":{"line":539,"column":8},"end":{"line":539,"column":29}},{"start":{"line":539,"column":33},"end":{"line":539,"column":53}}],"line":539},"75":{"loc":{"start":{"line":544,"column":4},"end":{"line":549,"column":5}},"type":"if","locations":[{"start":{"line":544,"column":4},"end":{"line":549,"column":5}},{"start":{"line":544,"column":4},"end":{"line":549,"column":5}}],"line":544},"76":{"loc":{"start":{"line":545,"column":6},"end":{"line":546,"column":55}},"type":"binary-expr","locations":[{"start":{"line":545,"column":6},"end":{"line":545,"column":30}},{"start":{"line":546,"column":6},"end":{"line":546,"column":55}}],"line":545},"77":{"loc":{"start":{"line":552,"column":4},"end":{"line":554,"column":5}},"type":"if","locations":[{"start":{"line":552,"column":4},"end":{"line":554,"column":5}},{"start":{"line":552,"column":4},"end":{"line":554,"column":5}}],"line":552},"78":{"loc":{"start":{"line":568,"column":6},"end":{"line":570,"column":7}},"type":"if","locations":[{"start":{"line":568,"column":6},"end":{"line":570,"column":7}},{"start":{"line":568,"column":6},"end":{"line":570,"column":7}}],"line":568},"79":{"loc":{"start":{"line":572,"column":6},"end":{"line":575,"column":7}},"type":"if","locations":[{"start":{"line":572,"column":6},"end":{"line":575,"column":7}},{"start":{"line":572,"column":6},"end":{"line":575,"column":7}}],"line":572},"80":{"loc":{"start":{"line":578,"column":6},"end":{"line":586,"column":7}},"type":"if","locations":[{"start":{"line":578,"column":6},"end":{"line":586,"column":7}},{"start":{"line":578,"column":6},"end":{"line":586,"column":7}}],"line":578},"81":{"loc":{"start":{"line":581,"column":8},"end":{"line":585,"column":9}},"type":"if","locations":[{"start":{"line":581,"column":8},"end":{"line":585,"column":9}},{"start":{"line":581,"column":8},"end":{"line":585,"column":9}}],"line":581},"82":{"loc":{"start":{"line":583,"column":12},"end":{"line":583,"column":79}},"type":"cond-expr","locations":[{"start":{"line":583,"column":42},"end":{"line":583,"column":60}},{"start":{"line":583,"column":63},"end":{"line":583,"column":79}}],"line":583},"83":{"loc":{"start":{"line":583,"column":12},"end":{"line":583,"column":39}},"type":"binary-expr","locations":[{"start":{"line":583,"column":12},"end":{"line":583,"column":17}},{"start":{"line":583,"column":21},"end":{"line":583,"column":39}}],"line":583},"84":{"loc":{"start":{"line":592,"column":10},"end":{"line":592,"column":73}},"type":"cond-expr","locations":[{"start":{"line":592,"column":40},"end":{"line":592,"column":66}},{"start":{"line":592,"column":69},"end":{"line":592,"column":73}}],"line":592},"85":{"loc":{"start":{"line":597,"column":6},"end":{"line":599,"column":7}},"type":"if","locations":[{"start":{"line":597,"column":6},"end":{"line":599,"column":7}},{"start":{"line":597,"column":6},"end":{"line":599,"column":7}}],"line":597},"86":{"loc":{"start":{"line":601,"column":6},"end":{"line":603,"column":7}},"type":"if","locations":[{"start":{"line":601,"column":6},"end":{"line":603,"column":7}},{"start":{"line":601,"column":6},"end":{"line":603,"column":7}}],"line":601},"87":{"loc":{"start":{"line":605,"column":6},"end":{"line":607,"column":7}},"type":"if","locations":[{"start":{"line":605,"column":6},"end":{"line":607,"column":7}},{"start":{"line":605,"column":6},"end":{"line":607,"column":7}}],"line":605},"88":{"loc":{"start":{"line":615,"column":8},"end":{"line":617,"column":9}},"type":"if","locations":[{"start":{"line":615,"column":8},"end":{"line":617,"column":9}},{"start":{"line":615,"column":8},"end":{"line":617,"column":9}}],"line":615},"89":{"loc":{"start":{"line":619,"column":8},"end":{"line":621,"column":9}},"type":"if","locations":[{"start":{"line":619,"column":8},"end":{"line":621,"column":9}},{"start":{"line":619,"column":8},"end":{"line":621,"column":9}}],"line":619},"90":{"loc":{"start":{"line":630,"column":16},"end":{"line":630,"column":58}},"type":"default-arg","locations":[{"start":{"line":630,"column":27},"end":{"line":630,"column":58}}],"line":630},"91":{"loc":{"start":{"line":631,"column":4},"end":{"line":633,"column":5}},"type":"if","locations":[{"start":{"line":631,"column":4},"end":{"line":633,"column":5}},{"start":{"line":631,"column":4},"end":{"line":633,"column":5}}],"line":631},"92":{"loc":{"start":{"line":631,"column":8},"end":{"line":631,"column":53}},"type":"binary-expr","locations":[{"start":{"line":631,"column":8},"end":{"line":631,"column":29}},{"start":{"line":631,"column":33},"end":{"line":631,"column":53}}],"line":631},"93":{"loc":{"start":{"line":637,"column":4},"end":{"line":639,"column":5}},"type":"if","locations":[{"start":{"line":637,"column":4},"end":{"line":639,"column":5}},{"start":{"line":637,"column":4},"end":{"line":639,"column":5}}],"line":637},"94":{"loc":{"start":{"line":641,"column":4},"end":{"line":643,"column":5}},"type":"if","locations":[{"start":{"line":641,"column":4},"end":{"line":643,"column":5}},{"start":{"line":641,"column":4},"end":{"line":643,"column":5}}],"line":641},"95":{"loc":{"start":{"line":652,"column":8},"end":{"line":652,"column":71}},"type":"cond-expr","locations":[{"start":{"line":652,"column":38},"end":{"line":652,"column":64}},{"start":{"line":652,"column":67},"end":{"line":652,"column":71}}],"line":652},"96":{"loc":{"start":{"line":662,"column":4},"end":{"line":664,"column":5}},"type":"if","locations":[{"start":{"line":662,"column":4},"end":{"line":664,"column":5}},{"start":{"line":662,"column":4},"end":{"line":664,"column":5}}],"line":662},"97":{"loc":{"start":{"line":662,"column":8},"end":{"line":662,"column":72}},"type":"binary-expr","locations":[{"start":{"line":662,"column":8},"end":{"line":662,"column":29}},{"start":{"line":662,"column":33},"end":{"line":662,"column":72}}],"line":662},"98":{"loc":{"start":{"line":674,"column":8},"end":{"line":676,"column":9}},"type":"if","locations":[{"start":{"line":674,"column":8},"end":{"line":676,"column":9}},{"start":{"line":674,"column":8},"end":{"line":676,"column":9}}],"line":674},"99":{"loc":{"start":{"line":674,"column":12},"end":{"line":674,"column":75}},"type":"binary-expr","locations":[{"start":{"line":674,"column":12},"end":{"line":674,"column":31}},{"start":{"line":674,"column":35},"end":{"line":674,"column":75}}],"line":674},"100":{"loc":{"start":{"line":678,"column":8},"end":{"line":681,"column":9}},"type":"if","locations":[{"start":{"line":678,"column":8},"end":{"line":681,"column":9}},{"start":{"line":678,"column":8},"end":{"line":681,"column":9}}],"line":678},"101":{"loc":{"start":{"line":695,"column":4},"end":{"line":697,"column":5}},"type":"if","locations":[{"start":{"line":695,"column":4},"end":{"line":697,"column":5}},{"start":{"line":695,"column":4},"end":{"line":697,"column":5}}],"line":695},"102":{"loc":{"start":{"line":700,"column":4},"end":{"line":702,"column":5}},"type":"if","locations":[{"start":{"line":700,"column":4},"end":{"line":702,"column":5}},{"start":{"line":700,"column":4},"end":{"line":702,"column":5}}],"line":700},"103":{"loc":{"start":{"line":715,"column":4},"end":{"line":719,"column":5}},"type":"if","locations":[{"start":{"line":715,"column":4},"end":{"line":719,"column":5}},{"start":{"line":715,"column":4},"end":{"line":719,"column":5}}],"line":715},"104":{"loc":{"start":{"line":715,"column":8},"end":{"line":715,"column":50}},"type":"binary-expr","locations":[{"start":{"line":715,"column":8},"end":{"line":715,"column":24}},{"start":{"line":715,"column":28},"end":{"line":715,"column":50}}],"line":715},"105":{"loc":{"start":{"line":717,"column":17},"end":{"line":717,"column":55}},"type":"binary-expr","locations":[{"start":{"line":717,"column":17},"end":{"line":717,"column":29}},{"start":{"line":717,"column":33},"end":{"line":717,"column":55}}],"line":717},"106":{"loc":{"start":{"line":721,"column":4},"end":{"line":723,"column":5}},"type":"if","locations":[{"start":{"line":721,"column":4},"end":{"line":723,"column":5}},{"start":{"line":721,"column":4},"end":{"line":723,"column":5}}],"line":721}},"s":{"0":5,"1":87,"2":1,"3":86,"4":86,"5":86,"6":86,"7":86,"8":86,"9":86,"10":86,"11":86,"12":2,"13":84,"14":84,"15":84,"16":84,"17":84,"18":84,"19":84,"20":84,"21":6,"22":6,"23":84,"24":10,"25":84,"26":79,"27":84,"28":84,"29":84,"30":84,"31":0,"32":0,"33":0,"34":0,"35":0,"36":0,"37":0,"38":0,"39":0,"40":0,"41":0,"42":0,"43":20,"44":20,"45":0,"46":20,"47":0,"48":0,"49":20,"50":20,"51":0,"52":0,"53":20,"54":0,"55":0,"56":0,"57":20,"58":20,"59":4,"60":2,"61":16,"62":7,"63":7,"64":0,"65":7,"66":7,"67":7,"68":1,"69":1,"70":1,"71":6,"72":5,"73":5,"74":5,"75":0,"76":5,"77":5,"78":5,"79":5,"80":5,"81":5,"82":0,"83":11,"84":0,"85":11,"86":11,"87":0,"88":11,"89":11,"90":1,"91":10,"92":3,"93":0,"94":3,"95":0,"96":0,"97":0,"98":0,"99":0,"100":0,"101":0,"102":0,"103":0,"104":0,"105":0,"106":0,"107":0,"108":3,"109":3,"110":0,"111":3,"112":0,"113":0,"114":0,"115":0,"116":3,"117":0,"118":0,"119":0,"120":0,"121":27,"122":27,"123":35,"124":35,"125":35,"126":35,"127":35,"128":5,"129":5,"130":0,"131":28,"132":28,"133":28,"134":28,"135":28,"136":28,"137":28,"138":0,"139":35,"140":0,"141":35,"142":31,"143":29,"144":29,"145":0,"146":2,"147":2,"148":1,"149":31,"150":0,"151":0,"152":0,"153":31,"154":31,"155":30,"156":68,"157":35,"158":0,"159":35,"160":35,"161":35,"162":0,"163":0,"164":0,"165":0,"166":0,"167":0,"168":0,"169":0,"170":0,"171":0,"172":0,"173":0,"174":24,"175":13,"176":11,"177":11,"178":22,"179":0,"180":22,"181":11,"182":0,"183":0,"184":0,"185":11,"186":11,"187":11,"188":2,"189":2,"190":33,"191":1,"192":32,"193":0,"194":32,"195":1,"196":31,"197":31,"198":31,"199":31,"200":31,"201":27,"202":19,"203":8,"204":8,"205":8,"206":0,"207":0,"208":0,"209":0,"210":8,"211":8,"212":8,"213":8,"214":4,"215":8,"216":0,"217":8,"218":8,"219":0,"220":0,"221":0,"222":0,"223":0,"224":0,"225":26,"226":0,"227":26,"228":26,"229":0,"230":26,"231":0,"232":26,"233":26,"234":26,"235":26,"236":26,"237":0,"238":26,"239":16,"240":13,"241":3,"242":10,"243":0,"244":0,"245":10,"246":10,"247":10,"248":10,"249":17,"250":1,"251":16,"252":4,"253":16,"254":62,"255":16,"256":16,"257":16,"258":32,"259":16,"260":1,"261":1,"262":16,"263":5,"264":16,"265":5,"266":16},"f":{"0":87,"1":0,"2":0,"3":0,"4":0,"5":20,"6":2,"7":7,"8":1,"9":5,"10":11,"11":3,"12":0,"13":3,"14":0,"15":0,"16":27,"17":35,"18":0,"19":31,"20":68,"21":35,"22":0,"23":0,"24":0,"25":0,"26":24,"27":22,"28":0,"29":2,"30":2,"31":33,"32":27,"33":0,"34":26,"35":16,"36":13,"37":17,"38":62,"39":32,"40":1,"41":5},"b":{"0":[1,86],"1":[2,84],"2":[86,86],"3":[6,78],"4":[10,74],"5":[79,5],"6":[84,83,82],"7":[1,83],"8":[0,0],"9":[0,0],"10":[0,0],"11":[0,0],"12":[0,20],"13":[0,20],"14":[0,20],"15":[0,20],"16":[0,0],"17":[4,16],"18":[0,7],"19":[1,6],"20":[1,0],"21":[0,5],"22":[5,0],"23":[5,1],"24":[0,5],"25":[0,11],"26":[11,0,0],"27":[0,11],"28":[11,0],"29":[1,10],"30":[11,2,2],"31":[0,3],"32":[3,3,0,0],"33":[0,3],"34":[0,0],"35":[0,0],"36":[0,0],"37":[0,3],"38":[3,3],"39":[0,3],"40":[0,0],"41":[0,0],"42":[0,0],"43":[0,0],"44":[0,35],"45":[35,35],"46":[0,35],"47":[0,35],"48":[35,0],"49":[0,35],"50":[35,0],"51":[0,35],"52":[35,0],"53":[0,5],"54":[5,0],"55":[0,28],"56":[28,0],"57":[29,2],"58":[0,29],"59":[1,1],"60":[2,1],"61":[0,31],"62":[0,0],"63":[30,1],"64":[68,0,0,0],"65":[0,35],"66":[0,0],"67":[0,0],"68":[13,11],"69":[0,22],"70":[0,22],"71":[0,0],"72":[30],"73":[1,32],"74":[33,33],"75":[0,32],"76":[32,32],"77":[1,31],"78":[19,8],"79":[8,0],"80":[0,8],"81":[0,0],"82":[0,0],"83":[0,0],"84":[8,0],"85":[8,0],"86":[4,4],"87":[0,8],"88":[0,0],"89":[0,0],"90":[20],"91":[0,26],"92":[26,26],"93":[0,26],"94":[0,26],"95":[26,0],"96":[0,26],"97":[26,0],"98":[3,10],"99":[13,13],"100":[0,10],"101":[1,16],"102":[4,12],"103":[1,15],"104":[16,1],"105":[1,1],"106":[5,11]},"_coverageSchema":"332fd63041d2c1bcb487cc26dd0d5f7d97098a6c","hash":"be55d8f083a88860def69046cb274bdf352bdbaa"}
,"/Users/carboncopy/Sites/Play/tippyjs/src/js/defaults.js": {"path":"/Users/carboncopy/Sites/Play/tippyjs/src/js/defaults.js","statementMap":{"0":{"start":{"line":1,"column":22},"end":{"line":42,"column":1}},"1":{"start":{"line":24,"column":18},"end":{"line":24,"column":31}},"2":{"start":{"line":44,"column":27},"end":{"line":46,"column":1}},"3":{"start":{"line":45,"column":2},"end":{"line":45,"column":48}}},"fnMap":{"0":{"name":"(anonymous_0)","decl":{"start":{"line":24,"column":12},"end":{"line":24,"column":13}},"loc":{"start":{"line":24,"column":18},"end":{"line":24,"column":31}},"line":24},"1":{"name":"(anonymous_1)","decl":{"start":{"line":44,"column":27},"end":{"line":44,"column":28}},"loc":{"start":{"line":44,"column":46},"end":{"line":46,"column":1}},"line":44}},"branchMap":{},"s":{"0":5,"1":86,"2":5,"3":2},"f":{"0":86,"1":2},"b":{},"_coverageSchema":"332fd63041d2c1bcb487cc26dd0d5f7d97098a6c","hash":"0d520eff995da689ad7487df01efd292b43d850e"}
,"/Users/carboncopy/Sites/Play/tippyjs/src/js/selectors.js": {"path":"/Users/carboncopy/Sites/Play/tippyjs/src/js/selectors.js","statementMap":{"0":{"start":{"line":1,"column":25},"end":{"line":9,"column":1}}},"fnMap":{},"branchMap":{},"s":{"0":5},"f":{},"b":{},"_coverageSchema":"332fd63041d2c1bcb487cc26dd0d5f7d97098a6c","hash":"f681bba167c997b2d4f996d03dd1efbb7fc281e9"}
,"/Users/carboncopy/Sites/Play/tippyjs/src/js/tippy.js": {"path":"/Users/carboncopy/Sites/Play/tippyjs/src/js/tippy.js","statementMap":{"0":{"start":{"line":13,"column":26},"end":{"line":13,"column":31}},"1":{"start":{"line":16,"column":2},"end":{"line":19,"column":3}},"2":{"start":{"line":17,"column":4},"end":{"line":17,"column":30}},"3":{"start":{"line":18,"column":4},"end":{"line":18,"column":30}},"4":{"start":{"line":22,"column":2},"end":{"line":26,"column":3}},"5":{"start":{"line":23,"column":4},"end":{"line":25,"column":5}},"6":{"start":{"line":24,"column":6},"end":{"line":24,"column":58}},"7":{"start":{"line":28,"column":16},"end":{"line":28,"column":43}},"8":{"start":{"line":32,"column":2},"end":{"line":34,"column":3}},"9":{"start":{"line":33,"column":4},"end":{"line":33,"column":52}},"10":{"start":{"line":36,"column":21},"end":{"line":36,"column":48}},"11":{"start":{"line":37,"column":25},"end":{"line":37,"column":38}},"12":{"start":{"line":39,"column":20},"end":{"line":45,"column":8}},"13":{"start":{"line":43,"column":16},"end":{"line":43,"column":45}},"14":{"start":{"line":44,"column":4},"end":{"line":44,"column":38}},"15":{"start":{"line":47,"column":2},"end":{"line":58,"column":3}},"16":{"start":{"line":53,"column":6},"end":{"line":55,"column":8}},"17":{"start":{"line":54,"column":8},"end":{"line":54,"column":26}},"18":{"start":{"line":56,"column":6},"end":{"line":56,"column":25}},"19":{"start":{"line":64,"column":0},"end":{"line":64,"column":23}},"20":{"start":{"line":65,"column":0},"end":{"line":65,"column":25}},"21":{"start":{"line":66,"column":0},"end":{"line":66,"column":23}},"22":{"start":{"line":71,"column":0},"end":{"line":71,"column":31}},"23":{"start":{"line":72,"column":0},"end":{"line":72,"column":76}},"24":{"start":{"line":72,"column":34},"end":{"line":72,"column":76}},"25":{"start":{"line":73,"column":0},"end":{"line":79,"column":1}},"26":{"start":{"line":74,"column":2},"end":{"line":78,"column":4}},"27":{"start":{"line":84,"column":24},"end":{"line":91,"column":1}},"28":{"start":{"line":85,"column":2},"end":{"line":90,"column":4}},"29":{"start":{"line":86,"column":20},"end":{"line":86,"column":49}},"30":{"start":{"line":87,"column":4},"end":{"line":89,"column":5}},"31":{"start":{"line":88,"column":6},"end":{"line":88,"column":28}},"32":{"start":{"line":92,"column":0},"end":{"line":94,"column":1}},"33":{"start":{"line":93,"column":2},"end":{"line":93,"column":12}}},"fnMap":{"0":{"name":"tippy","decl":{"start":{"line":15,"column":24},"end":{"line":15,"column":29}},"loc":{"start":{"line":15,"column":53},"end":{"line":59,"column":1}},"line":15},"1":{"name":"(anonymous_1)","decl":{"start":{"line":42,"column":11},"end":{"line":42,"column":12}},"loc":{"start":{"line":42,"column":31},"end":{"line":45,"column":3}},"line":42},"2":{"name":"(anonymous_2)","decl":{"start":{"line":53,"column":29},"end":{"line":53,"column":30}},"loc":{"start":{"line":53,"column":41},"end":{"line":55,"column":7}},"line":53},"3":{"name":"(anonymous_3)","decl":{"start":{"line":72,"column":12},"end":{"line":72,"column":13}},"loc":{"start":{"line":72,"column":34},"end":{"line":72,"column":76}},"line":72},"4":{"name":"(anonymous_4)","decl":{"start":{"line":73,"column":26},"end":{"line":73,"column":27}},"loc":{"start":{"line":73,"column":32},"end":{"line":79,"column":1}},"line":73},"5":{"name":"(anonymous_5)","decl":{"start":{"line":84,"column":24},"end":{"line":84,"column":25}},"loc":{"start":{"line":84,"column":30},"end":{"line":91,"column":1}},"line":84},"6":{"name":"(anonymous_6)","decl":{"start":{"line":85,"column":61},"end":{"line":85,"column":62}},"loc":{"start":{"line":85,"column":67},"end":{"line":90,"column":3}},"line":85}},"branchMap":{"0":{"loc":{"start":{"line":16,"column":2},"end":{"line":19,"column":3}},"type":"if","locations":[{"start":{"line":16,"column":2},"end":{"line":19,"column":3}},{"start":{"line":16,"column":2},"end":{"line":19,"column":3}}],"line":16},"1":{"loc":{"start":{"line":22,"column":20},"end":{"line":22,"column":33}},"type":"binary-expr","locations":[{"start":{"line":22,"column":20},"end":{"line":22,"column":27}},{"start":{"line":22,"column":31},"end":{"line":22,"column":33}}],"line":22},"2":{"loc":{"start":{"line":23,"column":4},"end":{"line":25,"column":5}},"type":"if","locations":[{"start":{"line":23,"column":4},"end":{"line":25,"column":5}},{"start":{"line":23,"column":4},"end":{"line":25,"column":5}}],"line":23},"3":{"loc":{"start":{"line":32,"column":2},"end":{"line":34,"column":3}},"type":"if","locations":[{"start":{"line":32,"column":2},"end":{"line":34,"column":3}},{"start":{"line":32,"column":2},"end":{"line":34,"column":3}}],"line":32},"4":{"loc":{"start":{"line":39,"column":21},"end":{"line":41,"column":16}},"type":"cond-expr","locations":[{"start":{"line":40,"column":6},"end":{"line":40,"column":22}},{"start":{"line":41,"column":6},"end":{"line":41,"column":16}}],"line":39},"5":{"loc":{"start":{"line":39,"column":21},"end":{"line":39,"column":42}},"type":"binary-expr","locations":[{"start":{"line":39,"column":21},"end":{"line":39,"column":24}},{"start":{"line":39,"column":28},"end":{"line":39,"column":42}}],"line":39},"6":{"loc":{"start":{"line":44,"column":11},"end":{"line":44,"column":38}},"type":"cond-expr","locations":[{"start":{"line":44,"column":17},"end":{"line":44,"column":32}},{"start":{"line":44,"column":35},"end":{"line":44,"column":38}}],"line":44},"7":{"loc":{"start":{"line":87,"column":4},"end":{"line":89,"column":5}},"type":"if","locations":[{"start":{"line":87,"column":4},"end":{"line":89,"column":5}},{"start":{"line":87,"column":4},"end":{"line":89,"column":5}}],"line":87},"8":{"loc":{"start":{"line":92,"column":0},"end":{"line":94,"column":1}},"type":"if","locations":[{"start":{"line":92,"column":0},"end":{"line":94,"column":1}},{"start":{"line":92,"column":0},"end":{"line":94,"column":1}}],"line":92}},"s":{"0":4,"1":51,"2":4,"3":4,"4":51,"5":59,"6":1,"7":50,"8":50,"9":1,"10":50,"11":50,"12":50,"13":57,"14":57,"15":50,"16":1,"17":1,"18":1,"19":4,"20":4,"21":4,"22":4,"23":4,"24":36,"25":4,"26":1,"27":4,"28":6,"29":2,"30":2,"31":1,"32":4,"33":4},"f":{"0":51,"1":57,"2":1,"3":36,"4":1,"5":6,"6":2},"b":{"0":[4,47],"1":[51,11],"2":[1,58],"3":[1,49],"4":[36,14],"5":[50,36],"6":[56,1],"7":[1,1],"8":[4,0]},"_coverageSchema":"332fd63041d2c1bcb487cc26dd0d5f7d97098a6c","hash":"2042578a25f7874efd99ac50f32aff7b966d56d6"}
,"/Users/carboncopy/Sites/Play/tippyjs/src/js/utils.js": {"path":"/Users/carboncopy/Sites/Play/tippyjs/src/js/utils.js","statementMap":{"0":{"start":{"line":8,"column":25},"end":{"line":21,"column":1}},"1":{"start":{"line":9,"column":2},"end":{"line":20,"column":3}},"2":{"start":{"line":10,"column":17},"end":{"line":10,"column":64}},"3":{"start":{"line":11,"column":18},"end":{"line":11,"column":49}},"4":{"start":{"line":12,"column":4},"end":{"line":12,"column":27}},"5":{"start":{"line":13,"column":4},"end":{"line":13,"column":45}},"6":{"start":{"line":15,"column":4},"end":{"line":19,"column":5}},"7":{"start":{"line":16,"column":6},"end":{"line":16,"column":36}},"8":{"start":{"line":18,"column":6},"end":{"line":18,"column":53}},"9":{"start":{"line":26,"column":23},"end":{"line":26,"column":52}},"10":{"start":{"line":26,"column":32},"end":{"line":26,"column":52}},"11":{"start":{"line":31,"column":23},"end":{"line":33,"column":1}},"12":{"start":{"line":32,"column":2},"end":{"line":32,"column":30}},"13":{"start":{"line":38,"column":26},"end":{"line":44,"column":1}},"14":{"start":{"line":39,"column":2},"end":{"line":43,"column":3}},"15":{"start":{"line":40,"column":4},"end":{"line":40,"column":40}},"16":{"start":{"line":42,"column":4},"end":{"line":42,"column":76}},"17":{"start":{"line":49,"column":38},"end":{"line":55,"column":10}},"18":{"start":{"line":50,"column":2},"end":{"line":55,"column":10}},"19":{"start":{"line":60,"column":39},"end":{"line":64,"column":1}},"20":{"start":{"line":61,"column":2},"end":{"line":63,"column":4}},"21":{"start":{"line":62,"column":4},"end":{"line":62,"column":57}},"22":{"start":{"line":69,"column":27},"end":{"line":77,"column":1}},"23":{"start":{"line":70,"column":17},"end":{"line":70,"column":45}},"24":{"start":{"line":70,"column":22},"end":{"line":70,"column":45}},"25":{"start":{"line":71,"column":2},"end":{"line":76,"column":3}},"26":{"start":{"line":82,"column":29},"end":{"line":83,"column":49}},"27":{"start":{"line":83,"column":3},"end":{"line":83,"column":48}},"28":{"start":{"line":88,"column":19},"end":{"line":88,"column":54}},"29":{"start":{"line":88,"column":25},"end":{"line":88,"column":54}},"30":{"start":{"line":93,"column":28},"end":{"line":97,"column":1}},"31":{"start":{"line":94,"column":12},"end":{"line":94,"column":23}},"32":{"start":{"line":95,"column":2},"end":{"line":96,"column":61}},"33":{"start":{"line":102,"column":34},"end":{"line":118,"column":1}},"34":{"start":{"line":103,"column":2},"end":{"line":105,"column":3}},"35":{"start":{"line":104,"column":4},"end":{"line":104,"column":18}},"36":{"start":{"line":106,"column":2},"end":{"line":108
[...]
:96,"column":57},"end":{"line":96,"column":61}}],"line":96},"12":{"loc":{"start":{"line":96,"column":35},"end":{"line":96,"column":53}},"type":"binary-expr","locations":[{"start":{"line":96,"column":35},"end":{"line":96,"column":38}},{"start":{"line":96,"column":42},"end":{"line":96,"column":53}}],"line":96},"13":{"loc":{"start":{"line":103,"column":2},"end":{"line":105,"column":3}},"type":"if","locations":[{"start":{"line":103,"column":2},"end":{"line":105,"column":3}},{"start":{"line":103,"column":2},"end":{"line":105,"column":3}}],"line":103},"14":{"loc":{"start":{"line":103,"column":6},"end":{"line":103,"column":54}},"type":"binary-expr","locations":[{"start":{"line":103,"column":6},"end":{"line":103,"column":30}},{"start":{"line":103,"column":34},"end":{"line":103,"column":54}}],"line":103},"15":{"loc":{"start":{"line":106,"column":2},"end":{"line":108,"column":3}},"type":"if","locations":[{"start":{"line":106,"column":2},"end":{"line":108,"column":3}},{"start":{"line":106,"column":2},"end":{"line":108,"column":3}}],"line":106},"16":{"loc":{"start":{"line":109,"column":2},"end":{"line":111,"column":3}},"type":"if","locations":[{"start":{"line":109,"column":2},"end":{"line":111,"column":3}},{"start":{"line":109,"column":2},"end":{"line":111,"column":3}}],"line":109},"17":{"loc":{"start":{"line":123,"column":34},"end":{"line":123,"column":76}},"type":"binary-expr","locations":[{"start":{"line":123,"column":34},"end":{"line":123,"column":47}},{"start":{"line":123,"column":51},"end":{"line":123,"column":76}}],"line":123},"18":{"loc":{"start":{"line":129,"column":2},"end":{"line":129,"column":45}},"type":"cond-expr","locations":[{"start":{"line":129,"column":25},"end":{"line":129,"column":37}},{"start":{"line":129,"column":40},"end":{"line":129,"column":45}}],"line":129},"19":{"loc":{"start":{"line":153,"column":2},"end":{"line":156,"column":3}},"type":"if","locations":[{"start":{"line":153,"column":2},"end":{"line":156,"column":3}},{"start":{"line":153,"column":2},"end":{"line":156,"column":3}}],"line":153},"20":{"loc":{"start":{"line":158,"column":2},"end":{"line":170,"column":3}},"type":"if","locations":[{"start":{"line":158,"column":2},"end":{"line":170,"column":3}},{"start":{"line":158,"column":2},"end":{"line":170,"column":3}}],"line":158},"21":{"loc":{"start":{"line":160,"column":4},"end":{"line":168,"column":5}},"type":"if","locations":[{"start":{"line":160,"column":4},"end":{"line":168,"column":5}},{"start":{"line":160,"column":4},"end":{"line":168,"column":5}}],"line":160},"22":{"loc":{"start":{"line":172,"column":2},"end":{"line":178,"column":3}},"type":"if","locations":[{"start":{"line":172,"column":2},"end":{"line":178,"column":3}},{"start":{"line":172,"column":2},"end":{"line":178,"column":3}}],"line":172},"23":{"loc":{"start":{"line":180,"column":2},"end":{"line":182,"column":3}},"type":"if","locations":[{"start":{"line":180,"column":2},"end":{"line":182,"column":3}},{"start":{"line":180,"column":2},"end":{"line":182,"column":3}}],"line":180},"24":{"loc":{"start":{"line":198,"column":4},"end":{"line":200,"column":5}},"type":"if","locations":[{"start":{"line":198,"column":4},"end":{"line":200,"column":5}},{"start":{"line":198,"column":4},"end":{"line":200,"column":5}}],"line":198},"25":{"loc":{"start":{"line":204,"column":4},"end":{"line":209,"column":5}},"type":"if","locations":[{"start":{"line":204,"column":4},"end":{"line":209,"column":5}},{"start":{"line":204,"column":4},"end":{"line":209,"column":5}}],"line":204},"26":{"loc":{"start":{"line":205,"column":6},"end":{"line":206,"column":55}},"type":"binary-expr","locations":[{"start":{"line":205,"column":7},"end":{"line":205,"column":33}},{"start":{"line":205,"column":37},"end":{"line":205,"column":72}},{"start":{"line":206,"column":7},"end":{"line":206,"column":20}},{"start":{"line":206,"column":24},"end":{"line":206,"column":54}}],"line":205},"27":{"loc":{"start":{"line":225,"column":6},"end":{"line":227,"column":7}},"type":"if","locations":[{"start":{"line":225,"column":6},"end":{"line":227,"column":7}},{"start":{"line":225,"column":6},"end":{"line":227,"column":7}}],"line":225},"28":{"loc":{"start":{"line":234,"column":6},"end":{"line":258,"column":7}},"type":"if","locations":[{"start":{"line":234,"column":6},"end":{"line":258,"column":7}},{"start":{"line":234,"column":6},"end":{"line":258,"column":7}}],"line":234},"29":{"loc":{"start":{"line":236,"column":8},"end":{"line":243,"column":9}},"type":"switch","locations":[{"start":{"line":237,"column":10},"end":{"line":239,"column":17}},{"start":{"line":240,"column":10},"end":{"line":242,"column":17}}],"line":236},"30":{"loc":{"start":{"line":241,"column":15},"end":{"line":241,"column":49}},"type":"cond-expr","locations":[{"start":{"line":241,"column":30},"end":{"line":241,"column":40}},{"start":{"line":241,"column":43},"end":{"line":241,"column":49}}],"line":241},"31":{"loc":{"start":{"line":245,"column":8},"end":{"line":257,"column":9}},"type":"switch","locations":[{"start":{"line":246,"column":10},"end":{"line":249,"column":17}},{"start":{"line":250,"column":10},"end":{"line":253,"column":17}},{"start":{"line":254,"column":10},"end":{"line":256,"column":17}}],"line":245},"32":{"loc":{"start":{"line":270,"column":6},"end":{"line":270,"column":55}},"type":"binary-expr","locations":[{"start":{"line":270,"column":6},"end":{"line":270,"column":49}},{"start":{"line":270,"column":53},"end":{"line":270,"column":55}}],"line":270},"33":{"loc":{"start":{"line":273,"column":4},"end":{"line":275,"column":5}},"type":"if","locations":[{"start":{"line":273,"column":4},"end":{"line":275,"column":5}},{"start":{"line":273,"column":4},"end":{"line":275,"column":5}}],"line":273},"34":{"loc":{"start":{"line":277,"column":4},"end":{"line":287,"column":5}},"type":"if","locations":[{"start":{"line":277,"column":4},"end":{"line":287,"column":5}},{"start":{"line":277,"column":4},"end":{"line":287,"column":5}}],"line":277},"35":{"loc":{"start":{"line":279,"column":11},"end":{"line":287,"column":5}},"type":"if","locations":[{"start":{"line":279,"column":11},"end":{"line":287,"column":5}},{"start":{"line":279,"column":11},"end":{"line":287,"column":5}}],"line":279},"36":{"loc":{"start":{"line":281,"column":11},"end":{"line":287,"column":5}},"type":"if","locations":[{"start":{"line":281,"column":11},"end":{"line":287,"column":5}},{"start":{"line":281,"column":11},"end":{"line":287,"column":5}}],"line":281},"37":{"loc":{"start":{"line":283,"column":11},"end":{"line":287,"column":5}},"type":"if","locations":[{"start":{"line":283,"column":11},"end":{"line":287,"column":5}},{"start":{"line":283,"column":11},"end":{"line":287,"column":5}}],"line":283},"38":{"loc":{"start":{"line":283,"column":15},"end":{"line":283,"column":59}},"type":"binary-expr","locations":[{"start":{"line":283,"column":15},"end":{"line":283,"column":31}},{"start":{"line":283,"column":35},"end":{"line":283,"column":59}}],"line":283},"39":{"loc":{"start":{"line":298,"column":14},"end":{"line":298,"column":47}},"type":"binary-expr","locations":[{"start":{"line":298,"column":14},"end":{"line":298,"column":41}},{"start":{"line":298,"column":45},"end":{"line":298,"column":47}}],"line":298},"40":{"loc":{"start":{"line":331,"column":2},"end":{"line":348,"column":3}},"type":"if","locations":[{"start":{"line":331,"column":2},"end":{"line":348,"column":3}},{"start":{"line":331,"column":2},"end":{"line":348,"column":3}}],"line":331},"41":{"loc":{"start":{"line":334,"column":6},"end":{"line":346,"column":7}},"type":"binary-expr","locations":[{"start":{"line":334,"column":6},"end":{"line":334,"column":15}},{"start":{"line":335,"column":6},"end":{"line":335,"column":23}},{"start":{"line":336,"column":6},"end":{"line":336,"column":29}},{"start":{"line":337,"column":6},"end":{"line":337,"column":26}},{"start":{"line":338,"column":6},"end":{"line":338,"column":25}},{"start":{"line":339,"column":6},"end":{"line":346,"column":7}}],"line":334},"42":{"loc":{"start":{"line":340,"column":25},"end":{"line":340,"column":60}},"type":"binary-expr","locations":[{"start":{"line":340,"column":25},"end":{"line":340,"column":38}},{"start":{"line":340,"column":42},"end":{"line":340,"column":60}}],"line":340},"43":{"loc":{"start":{"line":344,"column":15},"end":{"line":344,"column":51}},"type":"binary-expr","locations":[{"start":{"line":344,"column":15},"end":{"line":344,"column":23}},{"start":{"line":344,"column":27},"end":{"line":344,"column":51}}],"line":344},"44":{"loc":{"start":{"line":356,"column":4},"end":{"line":365,"column":5}},"type":"binary-expr","locations":[{"start":{"line":356,"column":4},"end":{"line":356,"column":29}},{"start":{"line":357,"column":4},"end":{"line":365,"column":5}}],"line":356},"45":{"loc":{"start":{"line":360,"column":8},"end":{"line":362,"column":9}},"type":"if","locations":[{"start":{"line":360,"column":8},"end":{"line":362,"column":9}},{"start":{"line":360,"column":8},"end":{"line":362,"column":9}}],"line":360},"46":{"loc":{"start":{"line":372,"column":12},"end":{"line":372,"column":48}},"type":"binary-expr","locations":[{"start":{"line":372,"column":12},"end":{"line":372,"column":26}},{"start":{"line":372,"column":30},"end":{"line":372,"column":48}}],"line":372},"47":{"loc":{"start":{"line":373,"column":12},"end":{"line":373,"column":48}},"type":"binary-expr","locations":[{"start":{"line":373,"column":12},"end":{"line":373,"column":26}},{"start":{"line":373,"column":30},"end":{"line":373,"column":48}}],"line":373},"48":{"loc":{"start":{"line":389,"column":2},"end":{"line":391,"column":3}},"type":"if","locations":[{"start":{"line":389,"column":2},"end":{"line":391,"column":3}},{"start":{"line":389,"column":2},"end":{"line":391,"column":3}}],"line":389},"49":{"loc":{"start":{"line":392,"column":9},"end":{"line":397,"column":13}},"type":"cond-expr","locations":[{"start":{"line":393,"column":6},"end":{"line":393,"column":10}},{"start":{"line":394,"column":6},"end":{"line":397,"column":13}}],"line":392},"50":{"loc":{"start":{"line":409,"column":2},"end":{"line":411,"column":3}},"type":"if","locations":[{"start":{"line":409,"column":2},"end":{"line":411,"column":3}},{"start":{"line":409,"column":2},"end":{"line":411,"column":3}}],"line":409},"51":{"loc":{"start":{"line":409,"column":6},"end":{"line":409,"column":14}},"type":"binary-expr","locations":[{"start":{"line":409,"column":6},"end":{"line":409,"column":8}},{"start":{"line":409,"column":12},"end":{"line":409,"column":14}}],"line":409},"52":{"loc":{"start":{"line":415,"column":6},"end":{"line":419,"column":7}},"type":"if","locations":[{"start":{"line":415,"column":6},"end":{"line":419,"column":7}},{"start":{"line":415,"column":6},"end":{"line":419,"column":7}}],"line":415},"53":{"loc":{"start":{"line":418,"column":15},"end":{"line":418,"column":55}},"type":"cond-expr","locations":[{"start":{"line":418,"column":28},"end":{"line":418,"column":40}},{"start":{"line":418,"column":43},"end":{"line":418,"column":55}}],"line":418},"54":{"loc":{"start":{"line":422,"column":6},"end":{"line":430,"column":7}},"type":"if","locations":[{"start":{"line":422,"column":6},"end":{"line":430,"column":7}},{"start":{"line":422,"column":6},"end":{"line":430,"column":7}}],"line":422},"55":{"loc":{"start":{"line":423,"column":15},"end":{"line":423,"column":47}},"type":"cond-expr","locations":[{"start":{"line":423,"column":27},"end":{"line":423,"column":36}},{"start":{"line":423,"column":39},"end":{"line":423,"column":47}}],"line":423},"56":{"loc":{"start":{"line":425,"column":8},"end":{"line":429,"column":9}},"type":"if","locations":[{"start":{"line":425,"column":8},"end":{"line":429,"column":9}},{"start":{"line":425,"column":8},"end":{"line":429,"column":9}}],"line":425},"57":{"loc":{"start":{"line":426,"column":17},"end":{"line":426,"column":65}},"type":"cond-expr","locations":[{"start":{"line":426,"column":29},"end":{"line":426,"column":46}},{"start":{"line":426,"column":49},"end":{"line":426,"column":65}}],"line":426},"58":{"loc":{"start":{"line":428,"column":17},"end":{"line":428,"column":65}},"type":"cond-expr","locations":[{"start":{"line":428,"column":29},"end":{"line":428,"column":46}},{"start":{"line":428,"column":49},"end":{"line":428,"column":65}}],"line":428},"59":{"loc":{"start":{"line":442,"column":9},"end":{"line":442,"column":30}},"type":"cond-expr","locations":[{"start":{"line":442,"column":17},"end":{"line":442,"column":25}},{"start":{"line":442,"column":28},"end":{"line":442,"column":30}}],"line":442},"60":{"loc":{"start":{"line":450,"column":9},"end":{"line":450,"column":57}},"type":"cond-expr","locations":[{"start":{"line":450,"column":17},"end":{"line":450,"column":52}},{"start":{"line":450,"column":55},"end":{"line":450,"column":57}}],"line":450},"61":{"loc":{"start":{"line":463,"column":21},"end":{"line":463,"column":66}},"type":"binary-expr","locations":[{"start":{"line":463,"column":21},"end":{"line":463,"column":40}},{"start":{"line":463,"column":44},"end":{"line":463,"column":66}}],"line":463},"62":{"loc":{"start":{"line":464,"column":20},"end":{"line":464,"column":67}},"type":"binary-expr","locations":[{"start":{"line":464,"column":20},"end":{"line":464,"column":41}},{"start":{"line":464,"column":45},"end":{"line":464,"column":67}}],"line":464},"63":{"loc":{"start":{"line":527,"column":25},"end":{"line":527,"column":63}},"type":"cond-expr","locations":[{"start":{"line":527,"column":34},"end":{"line":527,"column":52}},{"start":{"line":527,"column":55},"end":{"line":527,"column":63}}],"line":527},"64":{"loc":{"start":{"line":528,"column":4},"end":{"line":530,"column":5}},"type":"if","locations":[{"start":{"line":528,"column":4},"end":{"line":530,"column":5}},{"start":{"line":528,"column":4},"end":{"line":530,"column":5}}],"line":528},"65":{"loc":{"start":{"line":550,"column":4},"end":{"line":550,"column":26}},"type":"binary-expr","locations":[{"start":{"line":550,"column":4},"end":{"line":550,"column":12}},{"start":{"line":550,"column":16},"end":{"line":550,"column":26}}],"line":550},"66":{"loc":{"start":{"line":556,"column":2},"end":{"line":558,"column":3}},"type":"if","locations":[{"start":{"line":556,"column":2},"end":{"line":558,"column":3}},{"start":{"line":556,"column":2},"end":{"line":558,"column":3}}],"line":556},"67":{"loc":{"start":{"line":583,"column":5},"end":{"line":585,"column":25}},"type":"cond-expr","locations":[{"start":{"line":584,"column":8},"end":{"line":584,"column":36}},{"start":{"line":585,"column":8},"end":{"line":585,"column":25}}],"line":583},"68":{"loc":{"start":{"line":589,"column":5},"end":{"line":591,"column":25}},"type":"cond-expr","locations":[{"start":{"line":590,"column":8},"end":{"line":590,"column":36}},{"start":{"line":591,"column":8},"end":{"line":591,"column":25}}],"line":589},"69":{"loc":{"start":{"line":595,"column":5},"end":{"line":597,"column":25}},"type":"cond-expr","locations":[{"start":{"line":596,"column":8},"end":{"line":596,"column":36}},{"start":{"line":597,"column":8},"end":{"line":597,"column":25}}],"line":595},"70":{"loc":{"start":{"line":601,"column":5},"end":{"line":603,"column":25}},"type":"cond-expr","locations":[{"start":{"line":602,"column":8},"end":{"line":602,"column":36}},{"start":{"line":603,"column":8},"end":{"line":603,"column":25}}],"line":601},"71":{"loc":{"start":{"line":605,"column":9},"end":{"line":605,"column":67}},"type":"binary-expr","locations":[{"start":{"line":605,"column":9},"end":{"line":605,"column":19}},{"start":{"line":605,"column":23},"end":{"line":605,"column":36}},{"start":{"line":605,"column":40},"end":{"line":605,"column":51}},{"start":{"line":605,"column":55},"end":{"line":605,"column":67}}],"line":605},"72":{"loc":{"start":{"line":627,"column":8},"end":{"line":627,"column":67}},"type":"cond-expr","locations":[{"start":{"line":627,"column":28},"end":{"line":627,"column":30}},{"start":{"line":627,"column":33},"end":{"line":627,"column":67}}],"line":627},"73":{"loc":{"start":{"line":630,"column":2},"end":{"line":632,"column":3}},"type":"if","locations":[{"start":{"line":630,"column":2},"end":{"line":632,"column":3}},{"start":{"line":630,"column":2},"end":{"line":632,"column":3}}],"line":630},"74":{"loc":{"start":{"line":634,"column":2},"end":{"line":636,"column":3}},"type":"if","locations":[{"start":{"line":634,"column":2},"end":{"line":636,"column":3}},{"start":{"line":634,"column":2},"end":{"line":636,"column":3}}],"line":634},"75":{"loc":{"start":{"line":638,"column":2},"end":{"line":640,"column":3}},"type":"if","locations":[{"start":{"line":638,"column":2},"end":{"line":640,"column":3}},{"start":{"line":638,"column":2},"end":{"line":640,"column":3}}],"line":638}},"s":{"0":5,"1":1,"2":1,"3":1,"4":1,"5":1,"6":1,"7":0,"8":1,"9":5,"10":17,"11":5,"12":692,"13":5,"14":110,"15":1,"16":109,"17":5,"18":92,"19":5,"20":66,"21":198,"22":5,"23":109,"24":531,"25":109,"26":5,"27":70,"28":5,"29":437,"30":5,"31":3,"32":3,"33":5,"34":56,"35":48,"36":8,"37":0,"38":8,"39":3,"40":5,"41":5,"42":0,"43":5,"44":15,"45":5,"46":84,"47":5,"48":108,"49":108,"50":108,"51":108,"52":108,"53":108,"54":108,"55":108,"56":108,"57":108,"58":108,"59":112,"60":108,"61":108,"62":108,"63":5,"64":5,"65":108,"66":16,"67":16,"68":2,"69":2,"70":14,"71":16,"72":108,"73":96,"74":96,"75":96,"76":96,"77":96,"78":108,"79":1,"80":108,"81":108,"82":108,"83":108,"84":5,"85":3,"86":12,"87":12,"88":0,"89":12,"90":12,"91":12,"92":5,"93":91,"94":171,"95":1,"96":170,"97":337,"98":337,"99":170,"100":168,"101":168,"102":85,"103":85,"104":80,"105":80,"106":2,"107":1,"108":1,"109":1,"110":1,"111":1,"112":1,"113":0,"114":0,"115":170,"116":5,"117":98,"118":3920,"119":3920,"120":3913,"121":7,"122":1,"123":6,"124":1,"125":5,"126":2,"127":3,"128":2,"129":1,"130":7,"131":5,"132":2,"133":2,"134":41,"135":1,"136":1,"137":1,"138":1,"139":1,"140":5,"141":5,"142":5,"143":5,"144":0,"145":0,"146":0,"147":0,"148":5,"149":12,"150":12,"151":12,"152":25,"153":8,"154":17,"155":5,"156":1,"157":1,"158":1,"159":1,"160":5,"161":27,"162":5,"163":13,"164":9,"165":4,"166":5,"167":24,"168":4,"169":20,"170":20,"171":8,"172":12,"173":20,"174":8,"175":12,"176":8,"177":4,"178":20,"179":5,"180":20,"181":20,"182":5,"183":14,"184":14,"185":5,"186":5,"187":4,"188":4,"189":4,"190":4,"191":4,"192":4,"193":5,"194":36,"195":74,"196":5,"197":212,"198":212,"199":212,"200":411,"201":411,"202":411,"203":212,"204":0,"205":5,"206":31,"207":31,"208":31,"209":31,"210":27,"211":27,"212":27,"213":27,"214":27,"215":31,"216":0,"217":5,"218":26,"219":5,"220":40,"221":40,"222":40,"223":40,"224":40,"225":40,"226":40,"227":5,"228":37,"229":5,"230":55,"231":5,"232":94,"233":94,"234":10,"235":94,"236":87,"237":94,"238":1,"239":94},"f":{"0":1,"1":17,"2":692,"3":110,"4":92,"5":66,"6":198,"7":109,"8":531,"9":70,"10":437,"11":3,"12":56,"13":15,"14":84,"15":108,"16":112,"17":3,"18":12,"19":91,"20":171,"21":337,"22":98,"23":3920,"24":2,"25":5,"26":0,"27":12,"28":12,"29":1,"30":27,"31":13,"32":24,"33":20,"34":20,"35":20,"36":14,"37":4,"38":36,"39":74,"40":212,"41":31,"42":27,"43":26,"44":40,"45":37,"46":55,"47":94},"b":{"0":[1,0],"1":[1,1],"2":[1,0],"3":[0,1],"4":[187],"5":[1,109],"6":[107,2],"7":[90,2],"8":[90,9],"9":[109,95],"10":[3,3],"11":[0,3],"12":[0,0],"13":[48,8],"14":[56,10],"15":[0,8],"16":[3,5],"17":[15,7],"18":[36,48],"19":[5,103],"20":[16,92],"21":[2,14],"22":[96,12],"23":[1,107],"24":[0,12],"25":[12,0],"26":[12,0,12,0],"27":[1,170],"28":[168,2],"29":[85,80],"30":[0,80],"31":[1,1,0],"32":[3920,3913],"33":[3913,7],"34":[1,6],"35":[1,5],"36":[2,3],"37":[2,1],"38":[3,3],"39":[2,1],"40":[5,0],"41":[5,0,0,0,0,0],"42":[0,0],"43":[0,0],"44":[12,12],"45":[8,17],"46":[1,1],"47":[1,1],"48":[9,4],"49":[2,2],"50":[4,20],"51":[24,4],"52":[8,12],"53":[8,4],"54":[8,12],"55":[4,4],"56":[8,4],"57":[5,3],"58":[2,2],"59":[12,8],"60":[10,4],"61":[4,3],"62":[4,4],"63":[199,212],"64":[212,199],"65":[27,27],"66":[0,31],"67":[10,30],"68":[10,30],"69":[10,30],"70":[10,30],"71":[40,32,24,20],"72":[0,94],"73":[10,84],"74":[87,7],"75":[1,93]},"_coverageSchema":"332fd63041d2c1bcb487cc26dd0d5f7d97098a6c","hash":"19ff19b3875a037e9e1b2c90a039fbaed439b47d"}
}
