TN:
SF:/Users/carboncopy/Sites/Play/tippyjs/src/js/bindGlobalEventListeners.js
FN:7,(anonymous_0)
FN:26,(anonymous_1)
FN:42,(anonymous_2)
FN:78,(anonymous_3)
FN:85,(anonymous_4)
FN:86,(anonymous_5)
FN:97,bindEventListeners
FNF:7
FNH:6
FNDA:4,(anonymous_0)
FNDA:0,(anonymous_1)
FNDA:3,(anonymous_2)
FNDA:1,(anonymous_3)
FNDA:1,(anonymous_4)
FNDA:1,(anonymous_5)
FNDA:5,bindEventListeners
DA:7,4
DA:8,4
DA:9,1
DA:12,3
DA:14,3
DA:15,1
DA:18,3
DA:19,3
DA:22,3
DA:25,4
DA:26,4
DA:27,0
DA:30,0
DA:31,0
DA:32,0
DA:33,0
DA:34,0
DA:36,0
DA:39,0
DA:42,4
DA:44,3
DA:45,0
DA:48,3
DA:49,3
DA:52,3
DA:53,1
DA:57,2
DA:58,0
DA:60,0
DA:61,0
DA:63,0
DA:67,0
DA:70,0
DA:71,0
DA:75,2
DA:78,4
DA:79,1
DA:80,1
DA:81,1
DA:85,4
DA:86,1
DA:87,1
DA:88,1
DA:89,1
DA:98,5
DA:99,5
DA:100,5
DA:101,5
DA:103,5
DA:107,1
LF:50
LH:34
BRDA:8,0,0,1
BRDA:8,0,1,3
BRDA:14,1,0,1
BRDA:14,1,1,2
BRDA:18,2,0,3
BRDA:18,2,1,0
BRDA:18,3,0,3
BRDA:18,3,1,3
BRDA:30,4,0,0
BRDA:30,4,1,0
BRDA:33,5,0,0
BRDA:33,5,1,0
BRDA:44,6,0,0
BRDA:44,6,1,3
BRDA:52,7,0,1
BRDA:52,7,1,2
BRDA:52,8,0,3
BRDA:52,8,1,2
BRDA:52,8,2,2
BRDA:57,9,0,0
BRDA:57,9,1,2
BRDA:57,10,0,2
BRDA:57,10,1,0
BRDA:63,11,0,0
BRDA:63,11,1,0
BRDA:64,12,0,0
BRDA:64,12,1,0
BRDA:64,12,2,0
BRDA:64,12,3,0
BRDA:70,13,0,0
BRDA:70,13,1,0
BRDA:70,14,0,0
BRDA:70,14,1,0
BRDA:80,15,0,1
BRDA:80,15,1,0
BRDA:80,16,0,1
BRDA:80,16,1,1
BRDA:80,16,2,1
BRDA:88,17,0,1
BRDA:88,17,1,0
BRDA:103,18,0,1
BRDA:103,18,1,4
BRDA:104,19,0,5
BRDA:104,19,1,5
BRDA:104,19,2,4
BRF:45
BRH:25
end_of_record
TN:
SF:/Users/carboncopy/Sites/Play/tippyjs/src/js/browser.js
FN:14,(anonymous_0)
FNF:1
FNH:1
FNDA:2,(anonymous_0)
DA:2,9
DA:4,9
DA:5,9
DA:7,9
LF:4
LH:4
BRDA:2,0,0,9
BRDA:2,0,1,9
BRDA:4,1,0,9
BRDA:4,1,1,0
BRDA:5,2,0,9
BRDA:5,2,1,0
BRDA:9,3,0,9
BRDA:9,3,1,0
BRF:8
BRH:5
end_of_record
TN:
SF:/Users/carboncopy/Sites/Play/tippyjs/src/js/createTippy.js
FN:28,createTippy
FN:40,(anonymous_1)
FN:117,followCursorListener
FN:125,(anonymous_3)
FN:140,createDelegateChildTippy
FN:156,enter
FN:188,(anonymous_6)
FN:196,leave
FN:208,(anonymous_8)
FN:218,set
FN:241,onTrigger
FN:269,onMouseLeave
FN:280,(anonymous_12)
FN:313,onBlur
FN:330,onDelegateShow
FN:336,onDelegateHide
FN:342,clearDelayTimeouts
FN:347,createPopperInstance
FN:408,(anonymous_18)
FN:421,mount
FN:450,hasFollowCursorBehavior
FN:459,addMutationObserver
FN:470,makeSticky
FN:471,(anonymous_23)
FN:477,(anonymous_24)
FN:481,(anonymous_25)
FN:498,onTransitionEnd
FN:506,(anonymous_27)
FN:516,(anonymous_28)
FN:530,enable
FN:534,disable
FN:538,show
FN:567,(anonymous_32)
FN:614,(anonymous_33)
FN:630,hide
FN:672,(anonymous_35)
FN:673,(anonymous_36)
FN:694,destroy
FN:704,(anonymous_38)
FN:711,(anonymous_39)
FN:717,(anonymous_40)
FN:725,(anonymous_41)
FNF:42
FNH:28
FNDA:87,createTippy
FNDA:0,(anonymous_1)
FNDA:0,followCursorListener
FNDA:0,(anonymous_3)
FNDA:0,createDelegateChildTippy
FNDA:20,enter
FNDA:2,(anonymous_6)
FNDA:7,leave
FNDA:1,(anonymous_8)
FNDA:5,set
FNDA:11,onTrigger
FNDA:3,onMouseLeave
FNDA:0,(anonymous_12)
FNDA:3,onBlur
FNDA:0,onDelegateShow
FNDA:0,onDelegateHide
FNDA:27,clearDelayTimeouts
FNDA:35,createPopperInstance
FNDA:0,(anonymous_18)
FNDA:31,mount
FNDA:68,hasFollowCursorBehavior
FNDA:35,addMutationObserver
FNDA:0,makeSticky
FNDA:0,(anonymous_23)
FNDA:0,(anonymous_24)
FNDA:0,(anonymous_25)
FNDA:24,onTransitionEnd
FNDA:22,(anonymous_27)
FNDA:0,(anonymous_28)
FNDA:2,enable
FNDA:2,disable
FNDA:33,show
FNDA:27,(anonymous_32)
FNDA:0,(anonymous_33)
FNDA:26,hide
FNDA:16,(anonymous_35)
FNDA:13,(anonymous_36)
FNDA:17,destroy
FNDA:62,(anonymous_38)
FNDA:32,(anonymous_39)
FNDA:1,(anonymous_40)
FNDA:5,(anonymous_41)
DA:26,5
DA:29,87
DA:30,1
DA:34,86
DA:35,86
DA:36,86
DA:37,86
DA:38,86
DA:39,86
DA:40,86
DA:43,86
DA:46,86
DA:47,2
DA:50,84
DA:52,84
DA:60,84
DA:62,84
DA:64,84
DA:70,84
DA:73,84
DA:90,84
DA:91,6
DA:92,6
DA:95,84
DA:96,10
DA:100,84
DA:101,79
DA:105,84
DA:111,84
DA:112,84
DA:114,84
DA:118,0
DA:120,0
DA:121,0
DA:124,0
DA:125,0
DA:137,0
DA:141,0
DA:142,0
DA:143,0
DA:144,0
DA:145,0
DA:151,0
DA:157,20
DA:159,20
DA:160,0
DA:164,20
DA:165,0
DA:166,0
DA:169,20
DA:171,20
DA:172,0
DA:173,0
DA:178,20
DA:179,0
DA:180,0
DA:182,0
DA:185,20
DA:187,20
DA:188,4
DA:189,2
DA:192,16
DA:197,7
DA:199,7
DA:200,0
DA:203,7
DA:205,7
DA:207,7
DA:208,1
DA:209,1
DA:210,1
DA:214,6
DA:219,5
DA:224,5
DA:226,5
DA:227,0
DA:230,5
DA:231,5
DA:232,5
DA:233,5
DA:234,5
DA:236,5
DA:237,0
DA:242,11
DA:243,0
DA:247,11
DA:251,11
DA:252,0
DA:255,11
DA:258,11
DA:263,1
DA:265,10
DA:270,3
DA:276,0
DA:279,3
DA:280,0
DA:281,0
DA:283,0
DA:284,0
DA:286,0
DA:287,0
DA:290,0
DA:298,0
DA:299,0
DA:301,0
DA:305,0
DA:306,0
DA:307,0
DA:310,3
DA:314,3
DA:315,0
DA:318,3
DA:319,0
DA:320,0
DA:322,0
DA:323,0
DA:327,3
DA:331,0
DA:332,0
DA:337,0
DA:338,0
DA:343,27
DA:344,27
DA:348,35
DA:349,35
DA:352,35
DA:353,35
DA:355,35
DA:376,5
DA:381,5
DA:382,0
DA:386,28
DA:387,28
DA:388,28
DA:389,28
DA:390,28
DA:391,28
DA:396,28
DA:397,0
DA:406,35
DA:409,0
DA:418,35
DA:422,31
DA:423,29
DA:424,29
DA:425,0
DA:428,2
DA:429,2
DA:430,1
DA:436,31
DA:437,0
DA:438,0
DA:440,0
DA:443,31
DA:445,31
DA:446,30
DA:451,68
DA:460,35
DA:461,0
DA:464,35
DA:465,35
DA:467,35
DA:471,0
DA:472,0
DA:477,0
DA:478,0
DA:481,0
DA:482,0
DA:483,0
DA:486,0
DA:488,0
DA:489,0
DA:491,0
DA:495,0
DA:500,24
DA:501,13
DA:504,11
DA:506,11
DA:507,22
DA:508,0
DA:510,22
DA:516,11
DA:517,0
DA:518,0
DA:519,0
DA:523,11
DA:524,11
DA:526,11
DA:531,2
DA:535,2
DA:539,33
DA:540,1
DA:544,32
DA:548,0
DA:552,32
DA:553,1
DA:556,31
DA:558,31
DA:559,31
DA:562,31
DA:567,31
DA:568,27
DA:569,19
DA:572,8
DA:574,8
DA:578,8
DA:579,0
DA:580,0
DA:581,0
DA:582,0
DA:588,8
DA:597,8
DA:598,8
DA:601,8
DA:602,4
DA:605,8
DA:606,0
DA:609,8
DA:614,8
DA:615,0
DA:616,0
DA:619,0
DA:620,0
DA:623,0
DA:625,0
DA:631,26
DA:632,0
DA:635,26
DA:637,26
DA:638,0
DA:641,26
DA:642,0
DA:645,26
DA:646,26
DA:648,26
DA:657,26
DA:662,26
DA:663,0
DA:672,26
DA:673,16
DA:674,13
DA:675,3
DA:678,10
DA:679,0
DA:680,0
DA:683,10
DA:685,10
DA:687,10
DA:689,10
DA:695,17
DA:696,1
DA:700,16
DA:701,4
DA:704,16
DA:705,62
DA:708,16
DA:710,16
DA:711,16
DA:712,32
DA:715,16
DA:716,1
DA:717,1
DA:721,16
DA:722,5
DA:725,16
DA:726,5
DA:729,16
LF:267
LH:177
BRDA:29,0,0,1
BRDA:29,0,1,86
BRDA:46,1,0,2
BRDA:46,1,1,84
BRDA:46,2,0,86
BRDA:46,2,1,86
BRDA:90,3,0,6
BRDA:90,3,1,78
BRDA:95,4,0,10
BRDA:95,4,1,74
BRDA:100,5,0,79
BRDA:100,5,1,5
BRDA:100,6,0,84
BRDA:100,6,1,83
BRDA:100,6,2,82
BRDA:107,7,0,1
BRDA:107,7,1,83
BRDA:120,8,0,0
BRDA:120,8,1,0
BRDA:142,9,0,0
BRDA:142,9,1,0
BRDA:142,10,0,0
BRDA:142,10,1,0
BRDA:144,11,0,0
BRDA:144,11,1,0
BRDA:159,12,0,0
BRDA:159,12,1,20
BRDA:164,13,0,0
BRDA:164,13,1,20
BRDA:171,14,0,0
BRDA:171,14,1,20
BRDA:178,15,0,0
BRDA:178,15,1,20
BRDA:179,16,0,0
BRDA:179,16,1,0
BRDA:187,17,0,4
BRDA:187,17,1,16
BRDA:199,18,0,0
BRDA:199,18,1,7
BRDA:207,19,0,1
BRDA:207,19,1,6
BRDA:209,20,0,1
BRDA:209,20,1,0
BRDA:226,21,0,0
BRDA:226,21,1,5
BRDA:226,22,0,5
BRDA:226,22,1,0
BRDA:233,23,0,5
BRDA:233,23,1,1
BRDA:236,24,0,0
BRDA:236,24,1,5
BRDA:242,25,0,0
BRDA:242,25,1,11
BRDA:247,26,0,11
BRDA:247,26,1,0
BRDA:247,26,2,0
BRDA:251,27,0,0
BRDA:251,27,1,11
BRDA:251,28,0,11
BRDA:251,28,1,0
BRDA:258,29,0,1
BRDA:258,29,1,10
BRDA:259,30,0,11
BRDA:259,30,1,2
BRDA:259,30,2,2
BRDA:270,31,0,0
BRDA:270,31,1,3
BRDA:271,32,0,3
BRDA:271,32,1,3
BRDA:271,32,2,0
BRDA:271,32,3,0
BRDA:279,33,0,0
BRDA:279,33,1,3
BRDA:286,34,0,0
BRDA:286,34,1,0
BRDA:286,35,0,0
BRDA:286,35,1,0
BRDA:290,36,0,0
BRDA:290,36,1,0
BRDA:314,37,0,0
BRDA:314,37,1,3
BRDA:314,38,0,3
BRDA:314,38,1,3
BRDA:318,39,0,0
BRDA:318,39,1,3
BRDA:319,40,0,0
BRDA:319,40,1,0
BRDA:322,41,0,0
BRDA:322,41,1,0
BRDA:331,42,0,0
BRDA:331,42,1,0
BRDA:337,43,0,0
BRDA:337,43,1,0
BRDA:352,44,0,0
BRDA:352,44,1,35
BRDA:357,45,0,35
BRDA:357,45,1,35
BRDA:359,46,0,0
BRDA:359,46,1,35
BRDA:362,47,0,0
BRDA:362,47,1,35
BRDA:362,48,0,35
BRDA:362,48,1,0
BRDA:368,49,0,0
BRDA:368,49,1,35
BRDA:368,50,0,35
BRDA:368,50,1,0
BRDA:372,51,0,0
BRDA:372,51,1,35
BRDA:372,52,0,35
BRDA:372,52,1,0
BRDA:381,53,0,0
BRDA:381,53,1,5
BRDA:381,54,0,5
BRDA:381,54,1,0
BRDA:396,55,0,0
BRDA:396,55,1,28
BRDA:396,56,0,28
BRDA:396,56,1,0
BRDA:422,57,0,29
BRDA:422,57,1,2
BRDA:424,58,0,0
BRDA:424,58,1,29
BRDA:429,59,0,1
BRDA:429,59,1,1
BRDA:429,60,0,2
BRDA:429,60,1,1
BRDA:436,61,0,0
BRDA:436,61,1,31
BRDA:437,62,0,0
BRDA:437,62,1,0
BRDA:445,63,0,30
BRDA:445,63,1,1
BRDA:452,64,0,68
BRDA:452,64,1,0
BRDA:452,64,2,0
BRDA:452,64,3,0
BRDA:460,65,0,0
BRDA:460,65,1,35
BRDA:482,66,0,0
BRDA:482,66,1,0
BRDA:488,67,0,0
BRDA:488,67,1,0
BRDA:500,68,0,13
BRDA:500,68,1,11
BRDA:507,69,0,0
BRDA:507,69,1,22
BRDA:511,70,0,0
BRDA:511,70,1,22
BRDA:517,71,0,0
BRDA:517,71,1,0
BRDA:538,72,0,30
BRDA:539,73,0,1
BRDA:539,73,1,32
BRDA:539,74,0,33
BRDA:539,74,1,33
BRDA:544,75,0,0
BRDA:544,75,1,32
BRDA:545,76,0,32
BRDA:545,76,1,32
BRDA:552,77,0,1
BRDA:552,77,1,31
BRDA:568,78,0,19
BRDA:568,78,1,8
BRDA:572,79,0,8
BRDA:572,79,1,0
BRDA:578,80,0,0
BRDA:578,80,1,8
BRDA:581,81,0,0
BRDA:581,81,1,0
BRDA:583,82,0,0
BRDA:583,82,1,0
BRDA:583,83,0,0
BRDA:583,83,1,0
BRDA:592,84,0,8
BRDA:592,84,1,0
BRDA:597,85,0,8
BRDA:597,85,1,0
BRDA:601,86,0,4
BRDA:601,86,1,4
BRDA:605,87,0,0
BRDA:605,87,1,8
BRDA:615,88,0,0
BRDA:615,88,1,0
BRDA:619,89,0,0
BRDA:619,89,1,0
BRDA:630,90,0,20
BRDA:631,91,0,0
BRDA:631,91,1,26
BRDA:631,92,0,26
BRDA:631,92,1,26
BRDA:637,93,0,0
BRDA:637,93,1,26
BRDA:641,94,0,0
BRDA:641,94,1,26
BRDA:652,95,0,26
BRDA:652,95,1,0
BRDA:662,96,0,0
BRDA:662,96,1,26
BRDA:662,97,0,26
BRDA:662,97,1,0
BRDA:674,98,0,3
BRDA:674,98,1,10
BRDA:674,99,0,13
BRDA:674,99,1,13
BRDA:678,100,0,0
BRDA:678,100,1,10
BRDA:695,101,0,1
BRDA:695,101,1,16
BRDA:700,102,0,4
BRDA:700,102,1,12
BRDA:715,103,0,1
BRDA:715,103,1,15
BRDA:715,104,0,16
BRDA:715,104,1,1
BRDA:717,105,0,1
BRDA:717,105,1,1
BRDA:721,106,0,5
BRDA:721,106,1,11
BRF:219
BRH:124
end_of_record
TN:
SF:/Users/carboncopy/Sites/Play/tippyjs/src/js/defaults.js
FN:24,(anonymous_0)
FN:44,(anonymous_1)
FNF:2
FNH:2
FNDA:86,(anonymous_0)
FNDA:2,(anonymous_1)
DA:1,5
DA:24,86
DA:44,5
DA:45,2
LF:4
LH:4
BRF:0
BRH:0
end_of_record
TN:
SF:/Users/carboncopy/Sites/Play/tippyjs/src/js/selectors.js
FNF:0
FNH:0
DA:1,5
LF:1
LH:1
BRF:0
BRH:0
end_of_record
TN:
SF:/Users/carboncopy/Sites/Play/tippyjs/src/js/tippy.js
FN:15,tippy
FN:42,(anonymous_1)
FN:53,(anonymous_2)
FN:72,(anonymous_3)
FN:73,(anonymous_4)
FN:84,(anonymous_5)
FN:85,(anonymous_6)
FNF:7
FNH:7
FNDA:51,tippy
FNDA:57,(anonymous_1)
FNDA:1,(anonymous_2)
FNDA:36,(anonymous_3)
FNDA:1,(anonymous_4)
FNDA:6,(anonymous_5)
FNDA:2,(anonymous_6)
DA:13,4
DA:16,51
DA:17,4
DA:18,4
DA:22,51
DA:23,59
DA:24,1
DA:28,50
DA:32,50
DA:33,1
DA:36,50
DA:37,50
DA:39,50
DA:43,57
DA:44,57
DA:47,50
DA:53,1
DA:54,1
DA:56,1
DA:64,4
DA:65,4
DA:66,4
DA:71,4
DA:72,36
DA:73,4
DA:74,1
DA:84,4
DA:85,6
DA:86,2
DA:87,2
DA:88,1
DA:92,4
DA:93,4
LF:33
LH:33
BRDA:16,0,0,4
BRDA:16,0,1,47
BRDA:22,1,0,51
BRDA:22,1,1,11
BRDA:23,2,0,1
BRDA:23,2,1,58
BRDA:32,3,0,1
BRDA:32,3,1,49
BRDA:39,4,0,36
BRDA:39,4,1,14
BRDA:39,5,0,50
BRDA:39,5,1,36
BRDA:44,6,0,56
BRDA:44,6,1,1
BRDA:87,7,0,1
BRDA:87,7,1,1
BRDA:92,8,0,4
BRDA:92,8,1,0
BRF:18
BRH:17
end_of_record
TN:
SF:/Users/carboncopy/Sites/Play/tippyjs/src/js/utils.js
FN:8,(anonymous_0)
FN:26,(anonymous_1)
FN:31,(anonymous_2)
FN:38,(anonymous_3)
FN:49,(anonymous_4)
FN:60,(anonymous_5)
FN:61,(anonymous_6)
FN:69,(anonymous_7)
FN:70,(anonymous_8)
FN:82,(anonymous_9)
FN:88,(anonymous_10)
FN:93,(anonymous_11)
FN:102,(anonymous_12)
FN:123,(anonymous_13)
FN:128,(anonymous_14)
FN:134,(anonymous_15)
FN:146,(anonymous_16)
FN:195,(anonymous_17)
FN:196,(anonymous_18)
FN:216,(anonymous_19)
FN:224,(anonymous_20)
FN:229,(anonymous_21)
FN:267,(anonymous_22)
FN:268,(anonymous_23)
FN:295,(anonymous_24)
FN:330,(anonymous_25)
FN:339,(anonymous_26)
FN:354,(anonymous_27)
FN:357,(anonymous_28)
FN:371,(anonymous_29)
FN:381,(anonymous_30)
FN:388,(anonymous_31)
FN:403,(anonymous_32)
FN:414,(anonymous_33)
FN:421,(anonymous_34)
FN:440,(anonymous_35)
FN:448,(anonymous_36)
FN:461,(anonymous_37)
FN:512,(anonymous_38)
FN:513,(anonymous_39)
FN:521,(anonymous_40)
FN:539,(anonymous_41)
FN:548,(anonymous_42)
FN:564,(anonymous_43)
FN:572,(anonymous_44)
FN:612,(anonymous_45)
FN:618,(anonymous_46)
FN:624,(anonymous_47)
FNF:48
FNH:47
FNDA:1,(anonymous_0)
FNDA:17,(anonymous_1)
FNDA:692,(anonymous_2)
FNDA:110,(anonymous_3)
FNDA:92,(anonymous_4)
FNDA:66,(anonymous_5)
FNDA:198,(anonymous_6)
FNDA:109,(anonymous_7)
FNDA:531,(anonymous_8)
FNDA:70,(anonymous_9)
FNDA:437,(anonymous_10)
FNDA:3,(anonymous_11)
FNDA:56,(anonymous_12)
FNDA:15,(anonymous_13)
FNDA:84,(anonymous_14)
FNDA:108,(anonymous_15)
FNDA:112,(anonymous_16)
FNDA:3,(anonymous_17)
FNDA:12,(anonymous_18)
FNDA:91,(anonymous_19)
FNDA:171,(anonymous_20)
FNDA:337,(anonymous_21)
FNDA:98,(anonymous_22)
FNDA:3920,(anonymous_23)
FNDA:2,(anonymous_24)
FNDA:5,(anonymous_25)
FNDA:0,(anonymous_26)
FNDA:12,(anonymous_27)
FNDA:12,(anonymous_28)
FNDA:1,(anonymous_29)
FNDA:27,(anonymous_30)
FNDA:13,(anonymous_31)
FNDA:24,(anonymous_32)
FNDA:20,(anonymous_33)
FNDA:20,(anonymous_34)
FNDA:20,(anonymous_35)
FNDA:14,(anonymous_36)
FNDA:4,(anonymous_37)
FNDA:36,(anonymous_38)
FNDA:74,(anonymous_39)
FNDA:212,(anonymous_40)
FNDA:31,(anonymous_41)
FNDA:27,(anonymous_42)
FNDA:26,(anonymous_43)
FNDA:40,(anonymous_44)
FNDA:37,(anonymous_45)
FNDA:55,(anonymous_46)
FNDA:94,(anonymous_47)
DA:8,5
DA:9,1
DA:10,1
DA:11,1
DA:12,1
DA:13,1
DA:15,1
DA:16,0
DA:18,1
DA:26,17
DA:31,5
DA:32,692
DA:38,5
DA:39,110
DA:40,1
DA:42,109
DA:49,5
DA:50,92
DA:60,5
DA:61,66
DA:62,198
DA:69,5
DA:70,531
DA:71,109
DA:82,5
DA:83,70
DA:88,437
DA:93,5
DA:94,3
DA:95,3
DA:102,5
DA:103,56
DA:104,48
DA:106,8
DA:107,0
DA:109,8
DA:110,3
DA:113,5
DA:114,5
DA:116,0
DA:123,15
DA:128,5
DA:129,84
DA:134,5
DA:135,108
DA:136,108
DA:137,108
DA:138,108
DA:139,108
DA:141,108
DA:142,108
DA:143,108
DA:144,108
DA:145,108
DA:146,108
DA:147,112
DA:150,108
DA:151,108
DA:153,108
DA:154,5
DA:155,5
DA:158,108
DA:159,16
DA:160,16
DA:161,2
DA:162,2
DA:167,14
DA:169,16
DA:172,108
DA:173,96
DA:174,96
DA:175,96
DA:176,96
DA:177,96
DA:180,108
DA:181,1
DA:184,108
DA:186,108
DA:187,108
DA:189,108
DA:195,5
DA:196,3
DA:197,12
DA:198,12
DA:199,0
DA:202,12
DA:204,12
DA:208,12
DA:216,5
DA:221,91
DA:225,171
DA:226,1
DA:229,170
DA:230,337
DA:231,337
DA:234,170
DA:235,168
DA:236,168
DA:238,85
DA:239,85
DA:241,80
DA:242,80
DA:245,2
DA:247,1
DA:248,1
DA:249,1
DA:251,1
DA:252,1
DA:253,1
DA:255,0
DA:256,0
DA:260,170
DA:267,5
DA:268,98
DA:269,3920
DA:273,3920
DA:274,3913
DA:277,7
DA:278,1
DA:279,6
DA:280,1
DA:281,5
DA:282,2
DA:283,3
DA:284,2
DA:286,1
DA:289,7
DA:295,5
DA:300,2
DA:303,41
DA:306,1
DA:309,1
DA:316,1
DA:319,1
DA:322,1
DA:330,5
DA:331,5
DA:332,5
DA:333,5
DA:340,0
DA:343,0
DA:344,0
DA:345,0
DA:354,5
DA:355,12
DA:358,12
DA:359,12
DA:360,25
DA:361,8
DA:363,17
DA:371,5
DA:372,1
DA:373,1
DA:374,1
DA:375,1
DA:381,5
DA:382,27
DA:388,5
DA:389,13
DA:390,9
DA:392,4
DA:403,5
DA:409,24
DA:410,4
DA:413,20
DA:415,20
DA:416,8
DA:418,12
DA:422,20
DA:423,8
DA:425,12
DA:426,8
DA:428,4
DA:434,20
DA:440,5
DA:441,20
DA:442,20
DA:448,5
DA:449,14
DA:450,14
DA:453,5
DA:461,5
DA:462,4
DA:463,4
DA:464,4
DA:466,4
DA:480,4
DA:506,4
DA:512,5
DA:513,36
DA:514,74
DA:521,5
DA:522,212
DA:523,212
DA:525,212
DA:526,411
DA:527,411
DA:528,411
DA:529,212
DA:533,0
DA:539,5
DA:544,31
DA:545,31
DA:546,31
DA:548,31
DA:549,27
DA:550,27
DA:551,27
DA:552,27
DA:553,27
DA:556,31
DA:557,0
DA:564,5
DA:565,26
DA:572,5
DA:578,40
DA:579,40
DA:582,40
DA:588,40
DA:594,40
DA:600,40
DA:605,40
DA:612,5
DA:613,37
DA:618,5
DA:619,55
DA:624,5
DA:625,94
DA:630,94
DA:631,10
DA:634,94
DA:635,87
DA:638,94
DA:639,1
DA:642,94
LF:235
LH:223
BRDA:9,0,0,1
BRDA:9,0,1,0
BRDA:9,1,0,1
BRDA:9,1,1,1
BRDA:10,2,0,1
BRDA:10,2,1,0
BRDA:15,3,0,0
BRDA:15,3,1,1
BRDA:31,4,0,187
BRDA:39,5,0,1
BRDA:39,5,1,109
BRDA:42,6,0,107
BRDA:42,6,1,2
BRDA:50,7,0,90
BRDA:50,7,1,2
BRDA:51,8,0,90
BRDA:51,8,1,9
BRDA:75,9,0,109
BRDA:75,9,1,95
BRDA:95,10,0,3
BRDA:95,10,1,3
BRDA:96,11,0,0
BRDA:96,11,1,3
BRDA:96,12,0,0
BRDA:96,12,1,0
BRDA:103,13,0,48
BRDA:103,13,1,8
BRDA:103,14,0,56
BRDA:103,14,1,10
BRDA:106,15,0,0
BRDA:106,15,1,8
BRDA:109,16,0,3
BRDA:109,16,1,5
BRDA:123,17,0,15
BRDA:123,17,1,7
BRDA:129,18,0,36
BRDA:129,18,1,48
BRDA:153,19,0,5
BRDA:153,19,1,103
BRDA:158,20,0,16
BRDA:158,20,1,92
BRDA:160,21,0,2
BRDA:160,21,1,14
BRDA:172,22,0,96
BRDA:172,22,1,12
BRDA:180,23,0,1
BRDA:180,23,1,107
BRDA:198,24,0,0
BRDA:198,24,1,12
BRDA:204,25,0,12
BRDA:204,25,1,0
BRDA:205,26,0,12
BRDA:205,26,1,0
BRDA:205,26,2,12
BRDA:205,26,3,0
BRDA:225,27,0,1
BRDA:225,27,1,170
BRDA:234,28,0,168
BRDA:234,28,1,2
BRDA:236,29,0,85
BRDA:236,29,1,80
BRDA:241,30,0,0
BRDA:241,30,1,80
BRDA:245,31,0,1
BRDA:245,31,1,1
BRDA:245,31,2,0
BRDA:270,32,0,3920
BRDA:270,32,1,3913
BRDA:273,33,0,3913
BRDA:273,33,1,7
BRDA:277,34,0,1
BRDA:277,34,1,6
BRDA:279,35,0,1
BRDA:279,35,1,5
BRDA:281,36,0,2
BRDA:281,36,1,3
BRDA:283,37,0,2
BRDA:283,37,1,1
BRDA:283,38,0,3
BRDA:283,38,1,3
BRDA:298,39,0,2
BRDA:298,39,1,1
BRDA:331,40,0,5
BRDA:331,40,1,0
BRDA:334,41,0,5
BRDA:334,41,1,0
BRDA:334,41,2,0
BRDA:334,41,3,0
BRDA:334,41,4,0
BRDA:334,41,5,0
BRDA:340,42,0,0
BRDA:340,42,1,0
BRDA:344,43,0,0
BRDA:344,43,1,0
BRDA:356,44,0,12
BRDA:356,44,1,12
BRDA:360,45,0,8
BRDA:360,45,1,17
BRDA:372,46,0,1
BRDA:372,46,1,1
BRDA:373,47,0,1
BRDA:373,47,1,1
BRDA:389,48,0,9
BRDA:389,48,1,4
BRDA:392,49,0,2
BRDA:392,49,1,2
BRDA:409,50,0,4
BRDA:409,50,1,20
BRDA:409,51,0,24
BRDA:409,51,1,4
BRDA:415,52,0,8
BRDA:415,52,1,12
BRDA:418,53,0,8
BRDA:418,53,1,4
BRDA:422,54,0,8
BRDA:422,54,1,12
BRDA:423,55,0,4
BRDA:423,55,1,4
BRDA:425,56,0,8
BRDA:425,56,1,4
BRDA:426,57,0,5
BRDA:426,57,1,3
BRDA:428,58,0,2
BRDA:428,58,1,2
BRDA:442,59,0,12
BRDA:442,59,1,8
BRDA:450,60,0,10
BRDA:450,60,1,4
BRDA:463,61,0,4
BRDA:463,61,1,3
BRDA:464,62,0,4
BRDA:464,62,1,4
BRDA:527,63,0,199
BRDA:527,63,1,212
BRDA:528,64,0,212
BRDA:528,64,1,199
BRDA:550,65,0,27
BRDA:550,65,1,27
BRDA:556,66,0,0
BRDA:556,66,1,31
BRDA:583,67,0,10
BRDA:583,67,1,30
BRDA:589,68,0,10
BRDA:589,68,1,30
BRDA:595,69,0,10
BRDA:595,69,1,30
BRDA:601,70,0,10
BRDA:601,70,1,30
BRDA:605,71,0,40
BRDA:605,71,1,32
BRDA:605,71,2,24
BRDA:605,71,3,20
BRDA:627,72,0,0
BRDA:627,72,1,94
BRDA:630,73,0,10
BRDA:630,73,1,84
BRDA:634,74,0,87
BRDA:634,74,1,7
BRDA:638,75,0,1
BRDA:638,75,1,93
BRF:160
BRH:135
end_of_record
