TN:
SF:/Users/carboncopy/Sites/Play/tippyjs/src/js/bindGlobalEventListeners.js
FN:7,(anonymous_0)
FN:26,(anonymous_1)
FN:42,(anonymous_2)
FN:75,(anonymous_3)
FN:82,(anonymous_4)
FN:83,(anonymous_5)
FN:94,bindEventListeners
FNF:7
FNH:6
FNDA:4,(anonymous_0)
FNDA:0,(anonymous_1)
FNDA:3,(anonymous_2)
FNDA:1,(anonymous_3)
FNDA:1,(anonymous_4)
FNDA:1,(anonymous_5)
FNDA:5,bindEventListeners
DA:7,4
DA:8,4
DA:9,1
DA:12,3
DA:14,3
DA:15,1
DA:18,3
DA:19,3
DA:22,3
DA:25,4
DA:26,4
DA:27,0
DA:30,0
DA:31,0
DA:32,0
DA:33,0
DA:34,0
DA:36,0
DA:39,0
DA:42,4
DA:44,3
DA:45,0
DA:48,3
DA:49,3
DA:51,3
DA:52,1
DA:55,2
DA:56,0
DA:57,0
DA:58,0
DA:60,0
DA:64,0
DA:67,0
DA:68,0
DA:72,2
DA:75,4
DA:76,1
DA:77,1
DA:78,1
DA:82,4
DA:83,1
DA:84,1
DA:85,1
DA:86,1
DA:95,5
DA:96,5
DA:97,5
DA:98,5
DA:100,5
DA:104,1
LF:50
LH:34
BRDA:8,0,0,1
BRDA:8,0,1,3
BRDA:14,1,0,1
BRDA:14,1,1,2
BRDA:18,2,0,3
BRDA:18,2,1,0
BRDA:18,3,0,3
BRDA:18,3,1,3
BRDA:30,4,0,0
BRDA:30,4,1,0
BRDA:33,5,0,0
BRDA:33,5,1,0
BRDA:44,6,0,0
BRDA:44,6,1,3
BRDA:51,7,0,1
BRDA:51,7,1,2
BRDA:51,8,0,3
BRDA:51,8,1,2
BRDA:51,8,2,2
BRDA:55,9,0,0
BRDA:55,9,1,2
BRDA:55,10,0,2
BRDA:55,10,1,0
BRDA:60,11,0,0
BRDA:60,11,1,0
BRDA:61,12,0,0
BRDA:61,12,1,0
BRDA:61,12,2,0
BRDA:61,12,3,0
BRDA:67,13,0,0
BRDA:67,13,1,0
BRDA:67,14,0,0
BRDA:67,14,1,0
BRDA:77,15,0,1
BRDA:77,15,1,0
BRDA:77,16,0,1
BRDA:77,16,1,1
BRDA:77,16,2,1
BRDA:85,17,0,1
BRDA:85,17,1,0
BRDA:100,18,0,1
BRDA:100,18,1,4
BRDA:101,19,0,5
BRDA:101,19,1,5
BRDA:101,19,2,4
BRF:45
BRH:25
end_of_record
TN:
SF:/Users/carboncopy/Sites/Play/tippyjs/src/js/browser.js
FN:14,(anonymous_0)
FNF:1
FNH:1
FNDA:2,(anonymous_0)
DA:2,9
DA:4,9
DA:5,9
DA:7,9
LF:4
LH:4
BRDA:2,0,0,9
BRDA:2,0,1,9
BRDA:4,1,0,9
BRDA:4,1,1,0
BRDA:5,2,0,9
BRDA:5,2,1,0
BRDA:9,3,0,9
BRDA:9,3,1,0
BRF:8
BRH:5
end_of_record
TN:
SF:/Users/carboncopy/Sites/Play/tippyjs/src/js/createTippy.js
FN:28,createTippy
FN:41,(anonymous_1)
FN:115,followCursorListener
FN:123,(anonymous_3)
FN:138,createDelegateChildTippy
FN:154,enter
FN:186,(anonymous_6)
FN:194,leave
FN:206,(anonymous_8)
FN:216,set
FN:239,onTrigger
FN:267,onMouseLeave
FN:278,(anonymous_12)
FN:311,onBlur
FN:328,onDelegateShow
FN:334,onDelegateHide
FN:340,clearDelayTimeouts
FN:345,createPopperInstance
FN:412,(anonymous_18)
FN:425,mount
FN:454,hasFollowCursorBehavior
FN:463,addMutationObserver
FN:474,makeSticky
FN:475,(anonymous_23)
FN:481,(anonymous_24)
FN:485,(anonymous_25)
FN:502,onTransitionEnd
FN:510,(anonymous_27)
FN:520,(anonymous_28)
FN:534,enable
FN:538,disable
FN:542,show
FN:571,(anonymous_32)
FN:618,(anonymous_33)
FN:634,hide
FN:676,(anonymous_35)
FN:677,(anonymous_36)
FN:698,destroy
FN:708,(anonymous_38)
FN:715,(anonymous_39)
FN:721,(anonymous_40)
FN:729,(anonymous_41)
FNF:42
FNH:28
FNDA:87,createTippy
FNDA:0,(anonymous_1)
FNDA:0,followCursorListener
FNDA:0,(anonymous_3)
FNDA:0,createDelegateChildTippy
FNDA:20,enter
FNDA:2,(anonymous_6)
FNDA:7,leave
FNDA:1,(anonymous_8)
FNDA:5,set
FNDA:11,onTrigger
FNDA:3,onMouseLeave
FNDA:0,(anonymous_12)
FNDA:3,onBlur
FNDA:0,onDelegateShow
FNDA:0,onDelegateHide
FNDA:27,clearDelayTimeouts
FNDA:35,createPopperInstance
FNDA:0,(anonymous_18)
FNDA:31,mount
FNDA:68,hasFollowCursorBehavior
FNDA:35,addMutationObserver
FNDA:0,makeSticky
FNDA:0,(anonymous_23)
FNDA:0,(anonymous_24)
FNDA:0,(anonymous_25)
FNDA:24,onTransitionEnd
FNDA:22,(anonymous_27)
FNDA:0,(anonymous_28)
FNDA:2,enable
FNDA:2,disable
FNDA:33,show
FNDA:27,(anonymous_32)
FNDA:0,(anonymous_33)
FNDA:26,hide
FNDA:16,(anonymous_35)
FNDA:13,(anonymous_36)
FNDA:17,destroy
FNDA:62,(anonymous_38)
FNDA:32,(anonymous_39)
FNDA:1,(anonymous_40)
FNDA:5,(anonymous_41)
DA:26,5
DA:30,87
DA:31,3
DA:35,84
DA:36,84
DA:37,84
DA:38,84
DA:39,84
DA:40,84
DA:41,84
DA:45,84
DA:47,84
DA:50,84
DA:58,84
DA:60,84
DA:62,84
DA:68,84
DA:71,84
DA:88,84
DA:89,6
DA:90,6
DA:93,84
DA:94,10
DA:98,84
DA:99,79
DA:103,84
DA:109,84
DA:110,84
DA:112,84
DA:116,0
DA:118,0
DA:119,0
DA:122,0
DA:123,0
DA:135,0
DA:139,0
DA:140,0
DA:141,0
DA:142,0
DA:143,0
DA:149,0
DA:155,20
DA:157,20
DA:158,0
DA:162,20
DA:163,0
DA:164,0
DA:167,20
DA:169,20
DA:170,0
DA:171,0
DA:176,20
DA:177,0
DA:178,0
DA:180,0
DA:183,20
DA:185,20
DA:186,4
DA:187,2
DA:190,16
DA:195,7
DA:197,7
DA:198,0
DA:201,7
DA:203,7
DA:205,7
DA:206,1
DA:207,1
DA:208,1
DA:212,6
DA:217,5
DA:222,5
DA:224,5
DA:225,0
DA:228,5
DA:229,5
DA:230,5
DA:231,5
DA:232,5
DA:234,5
DA:235,0
DA:240,11
DA:241,0
DA:245,11
DA:249,11
DA:250,0
DA:253,11
DA:256,11
DA:261,1
DA:263,10
DA:268,3
DA:274,0
DA:277,3
DA:278,0
DA:279,0
DA:281,0
DA:282,0
DA:284,0
DA:285,0
DA:288,0
DA:296,0
DA:297,0
DA:299,0
DA:303,0
DA:304,0
DA:305,0
DA:308,3
DA:312,3
DA:313,0
DA:316,3
DA:317,0
DA:318,0
DA:320,0
DA:321,0
DA:325,3
DA:329,0
DA:330,0
DA:335,0
DA:336,0
DA:341,27
DA:342,27
DA:346,35
DA:347,35
DA:350,35
DA:351,35
DA:353,35
DA:380,5
DA:385,5
DA:386,0
DA:390,28
DA:391,28
DA:392,28
DA:393,28
DA:394,28
DA:395,28
DA:400,28
DA:401,0
DA:410,35
DA:413,0
DA:422,35
DA:426,31
DA:427,29
DA:428,29
DA:429,0
DA:432,2
DA:433,2
DA:434,1
DA:440,31
DA:441,0
DA:442,0
DA:444,0
DA:447,31
DA:449,31
DA:450,30
DA:455,68
DA:464,35
DA:465,0
DA:468,35
DA:469,35
DA:471,35
DA:475,0
DA:476,0
DA:481,0
DA:482,0
DA:485,0
DA:486,0
DA:487,0
DA:490,0
DA:492,0
DA:493,0
DA:495,0
DA:499,0
DA:504,24
DA:505,13
DA:508,11
DA:510,11
DA:511,22
DA:512,0
DA:514,22
DA:520,11
DA:521,0
DA:522,0
DA:523,0
DA:527,11
DA:528,11
DA:530,11
DA:535,2
DA:539,2
DA:543,33
DA:544,1
DA:548,32
DA:552,0
DA:556,32
DA:557,1
DA:560,31
DA:562,31
DA:563,31
DA:566,31
DA:571,31
DA:572,27
DA:573,19
DA:576,8
DA:578,8
DA:582,8
DA:583,0
DA:584,0
DA:585,0
DA:586,0
DA:592,8
DA:601,8
DA:602,8
DA:605,8
DA:606,4
DA:609,8
DA:610,0
DA:613,8
DA:618,8
DA:619,0
DA:620,0
DA:623,0
DA:624,0
DA:627,0
DA:629,0
DA:635,26
DA:636,0
DA:639,26
DA:641,26
DA:642,0
DA:645,26
DA:646,0
DA:649,26
DA:650,26
DA:652,26
DA:661,26
DA:666,26
DA:667,0
DA:676,26
DA:677,16
DA:678,13
DA:679,3
DA:682,10
DA:683,0
DA:684,0
DA:687,10
DA:689,10
DA:691,10
DA:693,10
DA:699,17
DA:700,1
DA:704,16
DA:705,4
DA:708,16
DA:709,62
DA:712,16
DA:714,16
DA:715,16
DA:716,32
DA:719,16
DA:720,1
DA:721,1
DA:725,16
DA:726,5
DA:729,16
DA:730,5
DA:733,16
LF:265
LH:175
BRDA:30,0,0,3
BRDA:30,0,1,84
BRDA:30,1,0,87
BRDA:30,1,1,86
BRDA:88,2,0,6
BRDA:88,2,1,78
BRDA:93,3,0,10
BRDA:93,3,1,74
BRDA:98,4,0,79
BRDA:98,4,1,5
BRDA:98,5,0,84
BRDA:98,5,1,83
BRDA:98,5,2,82
BRDA:105,6,0,1
BRDA:105,6,1,83
BRDA:118,7,0,0
BRDA:118,7,1,0
BRDA:140,8,0,0
BRDA:140,8,1,0
BRDA:140,9,0,0
BRDA:140,9,1,0
BRDA:142,10,0,0
BRDA:142,10,1,0
BRDA:157,11,0,0
BRDA:157,11,1,20
BRDA:162,12,0,0
BRDA:162,12,1,20
BRDA:169,13,0,0
BRDA:169,13,1,20
BRDA:176,14,0,0
BRDA:176,14,1,20
BRDA:177,15,0,0
BRDA:177,15,1,0
BRDA:185,16,0,4
BRDA:185,16,1,16
BRDA:197,17,0,0
BRDA:197,17,1,7
BRDA:205,18,0,1
BRDA:205,18,1,6
BRDA:207,19,0,1
BRDA:207,19,1,0
BRDA:224,20,0,0
BRDA:224,20,1,5
BRDA:224,21,0,5
BRDA:224,21,1,0
BRDA:231,22,0,5
BRDA:231,22,1,1
BRDA:234,23,0,0
BRDA:234,23,1,5
BRDA:240,24,0,0
BRDA:240,24,1,11
BRDA:245,25,0,11
BRDA:245,25,1,0
BRDA:245,25,2,0
BRDA:249,26,0,0
BRDA:249,26,1,11
BRDA:249,27,0,11
BRDA:249,27,1,0
BRDA:256,28,0,1
BRDA:256,28,1,10
BRDA:257,29,0,11
BRDA:257,29,1,2
BRDA:257,29,2,2
BRDA:268,30,0,0
BRDA:268,30,1,3
BRDA:269,31,0,3
BRDA:269,31,1,3
BRDA:269,31,2,0
BRDA:269,31,3,0
BRDA:277,32,0,0
BRDA:277,32,1,3
BRDA:284,33,0,0
BRDA:284,33,1,0
BRDA:284,34,0,0
BRDA:284,34,1,0
BRDA:288,35,0,0
BRDA:288,35,1,0
BRDA:312,36,0,0
BRDA:312,36,1,3
BRDA:312,37,0,3
BRDA:312,37,1,3
BRDA:316,38,0,0
BRDA:316,38,1,3
BRDA:317,39,0,0
BRDA:317,39,1,0
BRDA:320,40,0,0
BRDA:320,40,1,0
BRDA:329,41,0,0
BRDA:329,41,1,0
BRDA:335,42,0,0
BRDA:335,42,1,0
BRDA:350,43,0,0
BRDA:350,43,1,35
BRDA:355,44,0,35
BRDA:355,44,1,0
BRDA:357,45,0,35
BRDA:357,45,1,0
BRDA:360,46,0,0
BRDA:360,46,1,35
BRDA:360,47,0,35
BRDA:360,47,1,35
BRDA:368,48,0,0
BRDA:368,48,1,35
BRDA:368,49,0,35
BRDA:368,49,1,35
BRDA:374,50,0,0
BRDA:374,50,1,35
BRDA:374,51,0,35
BRDA:374,51,1,35
BRDA:385,52,0,0
BRDA:385,52,1,5
BRDA:385,53,0,5
BRDA:385,53,1,0
BRDA:400,54,0,0
BRDA:400,54,1,28
BRDA:400,55,0,28
BRDA:400,55,1,0
BRDA:426,56,0,29
BRDA:426,56,1,2
BRDA:428,57,0,0
BRDA:428,57,1,29
BRDA:433,58,0,1
BRDA:433,58,1,1
BRDA:433,59,0,2
BRDA:433,59,1,1
BRDA:440,60,0,0
BRDA:440,60,1,31
BRDA:441,61,0,0
BRDA:441,61,1,0
BRDA:449,62,0,30
BRDA:449,62,1,1
BRDA:456,63,0,68
BRDA:456,63,1,0
BRDA:456,63,2,0
BRDA:456,63,3,0
BRDA:464,64,0,0
BRDA:464,64,1,35
BRDA:486,65,0,0
BRDA:486,65,1,0
BRDA:492,66,0,0
BRDA:492,66,1,0
BRDA:504,67,0,13
BRDA:504,67,1,11
BRDA:511,68,0,0
BRDA:511,68,1,22
BRDA:515,69,0,0
BRDA:515,69,1,22
BRDA:521,70,0,0
BRDA:521,70,1,0
BRDA:542,71,0,30
BRDA:543,72,0,1
BRDA:543,72,1,32
BRDA:543,73,0,33
BRDA:543,73,1,33
BRDA:548,74,0,0
BRDA:548,74,1,32
BRDA:549,75,0,32
BRDA:549,75,1,32
BRDA:556,76,0,1
BRDA:556,76,1,31
BRDA:572,77,0,19
BRDA:572,77,1,8
BRDA:576,78,0,8
BRDA:576,78,1,0
BRDA:582,79,0,0
BRDA:582,79,1,8
BRDA:585,80,0,0
BRDA:585,80,1,0
BRDA:587,81,0,0
BRDA:587,81,1,0
BRDA:587,82,0,0
BRDA:587,82,1,0
BRDA:596,83,0,8
BRDA:596,83,1,0
BRDA:601,84,0,8
BRDA:601,84,1,0
BRDA:605,85,0,4
BRDA:605,85,1,4
BRDA:609,86,0,0
BRDA:609,86,1,8
BRDA:619,87,0,0
BRDA:619,87,1,0
BRDA:623,88,0,0
BRDA:623,88,1,0
BRDA:634,89,0,20
BRDA:635,90,0,0
BRDA:635,90,1,26
BRDA:635,91,0,26
BRDA:635,91,1,26
BRDA:641,92,0,0
BRDA:641,92,1,26
BRDA:645,93,0,0
BRDA:645,93,1,26
BRDA:656,94,0,26
BRDA:656,94,1,0
BRDA:666,95,0,0
BRDA:666,95,1,26
BRDA:666,96,0,26
BRDA:666,96,1,0
BRDA:678,97,0,3
BRDA:678,97,1,10
BRDA:678,98,0,13
BRDA:678,98,1,13
BRDA:682,99,0,0
BRDA:682,99,1,10
BRDA:699,100,0,1
BRDA:699,100,1,16
BRDA:704,101,0,4
BRDA:704,101,1,12
BRDA:719,102,0,1
BRDA:719,102,1,15
BRDA:719,103,0,16
BRDA:719,103,1,1
BRDA:721,104,0,1
BRDA:721,104,1,1
BRDA:725,105,0,5
BRDA:725,105,1,11
BRF:217
BRH:124
end_of_record
TN:
SF:/Users/carboncopy/Sites/Play/tippyjs/src/js/defaults.js
FN:24,(anonymous_0)
FN:44,(anonymous_1)
FNF:2
FNH:2
FNDA:84,(anonymous_0)
FNDA:2,(anonymous_1)
DA:1,5
DA:24,84
DA:44,5
DA:45,2
LF:4
LH:4
BRF:0
BRH:0
end_of_record
TN:
SF:/Users/carboncopy/Sites/Play/tippyjs/src/js/selectors.js
FNF:0
FNH:0
DA:1,5
LF:1
LH:1
BRF:0
BRH:0
end_of_record
TN:
SF:/Users/carboncopy/Sites/Play/tippyjs/src/js/tippy.js
FN:15,tippy
FN:42,(anonymous_1)
FN:53,(anonymous_2)
FN:72,(anonymous_3)
FN:73,(anonymous_4)
FN:84,(anonymous_5)
FN:85,(anonymous_6)
FNF:7
FNH:7
FNDA:51,tippy
FNDA:57,(anonymous_1)
FNDA:1,(anonymous_2)
FNDA:36,(anonymous_3)
FNDA:1,(anonymous_4)
FNDA:6,(anonymous_5)
FNDA:2,(anonymous_6)
DA:13,4
DA:16,51
DA:17,4
DA:18,4
DA:22,51
DA:23,59
DA:24,1
DA:28,50
DA:32,50
DA:33,1
DA:36,50
DA:37,50
DA:39,50
DA:43,57
DA:44,57
DA:47,50
DA:53,1
DA:54,1
DA:56,1
DA:64,4
DA:65,4
DA:66,4
DA:71,4
DA:72,36
DA:73,4
DA:74,1
DA:84,4
DA:85,6
DA:86,2
DA:87,2
DA:88,1
DA:92,4
DA:93,4
LF:33
LH:33
BRDA:16,0,0,4
BRDA:16,0,1,47
BRDA:22,1,0,51
BRDA:22,1,1,11
BRDA:23,2,0,1
BRDA:23,2,1,58
BRDA:32,3,0,1
BRDA:32,3,1,49
BRDA:39,4,0,36
BRDA:39,4,1,14
BRDA:39,5,0,50
BRDA:39,5,1,36
BRDA:44,6,0,56
BRDA:44,6,1,1
BRDA:87,7,0,1
BRDA:87,7,1,1
BRDA:92,8,0,4
BRDA:92,8,1,0
BRF:18
BRH:17
end_of_record
TN:
SF:/Users/carboncopy/Sites/Play/tippyjs/src/js/utils.js
FN:8,(anonymous_0)
FN:26,(anonymous_1)
FN:31,(anonymous_2)
FN:38,(anonymous_3)
FN:49,(anonymous_4)
FN:60,(anonymous_5)
FN:61,(anonymous_6)
FN:69,(anonymous_7)
FN:70,(anonymous_8)
FN:82,(anonymous_9)
FN:88,(anonymous_10)
FN:93,(anonymous_11)
FN:102,(anonymous_12)
FN:123,(anonymous_13)
FN:128,(anonymous_14)
FN:134,(anonymous_15)
FN:146,(anonymous_16)
FN:195,(anonymous_17)
FN:196,(anonymous_18)
FN:216,(anonymous_19)
FN:224,(anonymous_20)
FN:229,(anonymous_21)
FN:267,(anonymous_22)
FN:268,(anonymous_23)
FN:295,(anonymous_24)
FN:330,(anonymous_25)
FN:339,(anonymous_26)
FN:354,(anonymous_27)
FN:357,(anonymous_28)
FN:371,(anonymous_29)
FN:381,(anonymous_30)
FN:388,(anonymous_31)
FN:403,(anonymous_32)
FN:414,(anonymous_33)
FN:421,(anonymous_34)
FN:440,(anonymous_35)
FN:448,(anonymous_36)
FN:461,(anonymous_37)
FN:512,(anonymous_38)
FN:513,(anonymous_39)
FN:521,(anonymous_40)
FN:539,(anonymous_41)
FN:548,(anonymous_42)
FN:564,(anonymous_43)
FN:572,(anonymous_44)
FN:612,(anonymous_45)
FN:618,(anonymous_46)
FN:624,(anonymous_47)
FNF:48
FNH:47
FNDA:1,(anonymous_0)
FNDA:17,(anonymous_1)
FNDA:692,(anonymous_2)
FNDA:110,(anonymous_3)
FNDA:92,(anonymous_4)
FNDA:66,(anonymous_5)
FNDA:198,(anonymous_6)
FNDA:109,(anonymous_7)
FNDA:531,(anonymous_8)
FNDA:70,(anonymous_9)
FNDA:437,(anonymous_10)
FNDA:3,(anonymous_11)
FNDA:56,(anonymous_12)
FNDA:15,(anonymous_13)
FNDA:84,(anonymous_14)
FNDA:108,(anonymous_15)
FNDA:112,(anonymous_16)
FNDA:3,(anonymous_17)
FNDA:12,(anonymous_18)
FNDA:91,(anonymous_19)
FNDA:171,(anonymous_20)
FNDA:337,(anonymous_21)
FNDA:96,(anonymous_22)
FNDA:3840,(anonymous_23)
FNDA:2,(anonymous_24)
FNDA:5,(anonymous_25)
FNDA:0,(anonymous_26)
FNDA:12,(anonymous_27)
FNDA:12,(anonymous_28)
FNDA:1,(anonymous_29)
FNDA:27,(anonymous_30)
FNDA:13,(anonymous_31)
FNDA:24,(anonymous_32)
FNDA:20,(anonymous_33)
FNDA:20,(anonymous_34)
FNDA:20,(anonymous_35)
FNDA:14,(anonymous_36)
FNDA:4,(anonymous_37)
FNDA:36,(anonymous_38)
FNDA:74,(anonymous_39)
FNDA:212,(anonymous_40)
FNDA:31,(anonymous_41)
FNDA:27,(anonymous_42)
FNDA:26,(anonymous_43)
FNDA:40,(anonymous_44)
FNDA:37,(anonymous_45)
FNDA:55,(anonymous_46)
FNDA:92,(anonymous_47)
DA:8,5
DA:9,1
DA:10,1
DA:11,1
DA:12,1
DA:13,1
DA:15,1
DA:16,0
DA:18,1
DA:26,17
DA:31,5
DA:32,692
DA:38,5
DA:39,110
DA:40,1
DA:42,109
DA:49,5
DA:50,92
DA:60,5
DA:61,66
DA:62,198
DA:69,5
DA:70,531
DA:71,109
DA:82,5
DA:83,70
DA:88,437
DA:93,5
DA:94,3
DA:95,3
DA:102,5
DA:103,56
DA:104,48
DA:106,8
DA:107,0
DA:109,8
DA:110,3
DA:113,5
DA:114,5
DA:116,0
DA:123,15
DA:128,5
DA:129,84
DA:134,5
DA:135,108
DA:136,108
DA:137,108
DA:138,108
DA:139,108
DA:141,108
DA:142,108
DA:143,108
DA:144,108
DA:145,108
DA:146,108
DA:147,112
DA:150,108
DA:151,108
DA:153,108
DA:154,5
DA:155,5
DA:158,108
DA:159,16
DA:160,16
DA:161,2
DA:162,2
DA:167,14
DA:169,16
DA:172,108
DA:173,96
DA:174,96
DA:175,96
DA:176,96
DA:177,96
DA:180,108
DA:181,1
DA:184,108
DA:186,108
DA:187,108
DA:189,108
DA:195,5
DA:196,3
DA:197,12
DA:198,12
DA:199,0
DA:202,12
DA:204,12
DA:208,12
DA:216,5
DA:221,91
DA:225,171
DA:226,1
DA:229,170
DA:230,337
DA:231,337
DA:234,170
DA:235,168
DA:236,168
DA:238,85
DA:239,85
DA:241,80
DA:242,80
DA:245,2
DA:247,1
DA:248,1
DA:249,1
DA:251,1
DA:252,1
DA:253,1
DA:255,0
DA:256,0
DA:260,170
DA:267,5
DA:268,96
DA:269,3840
DA:273,3840
DA:274,3833
DA:277,7
DA:278,1
DA:279,6
DA:280,1
DA:281,5
DA:282,2
DA:283,3
DA:284,2
DA:286,1
DA:289,7
DA:295,5
DA:300,2
DA:303,41
DA:306,1
DA:309,1
DA:316,1
DA:319,1
DA:322,1
DA:330,5
DA:331,5
DA:332,5
DA:333,5
DA:340,0
DA:343,0
DA:344,0
DA:345,0
DA:354,5
DA:355,12
DA:358,12
DA:359,12
DA:360,25
DA:361,8
DA:363,17
DA:371,5
DA:372,1
DA:373,1
DA:374,1
DA:375,1
DA:381,5
DA:382,27
DA:388,5
DA:389,13
DA:390,9
DA:392,4
DA:403,5
DA:409,24
DA:410,4
DA:413,20
DA:415,20
DA:416,8
DA:418,12
DA:422,20
DA:423,8
DA:425,12
DA:426,8
DA:428,4
DA:434,20
DA:440,5
DA:441,20
DA:442,20
DA:448,5
DA:449,14
DA:450,14
DA:453,5
DA:461,5
DA:462,4
DA:463,4
DA:464,4
DA:466,4
DA:480,4
DA:506,4
DA:512,5
DA:513,36
DA:514,74
DA:521,5
DA:522,212
DA:523,212
DA:525,212
DA:526,411
DA:527,411
DA:528,411
DA:529,212
DA:533,0
DA:539,5
DA:544,31
DA:545,31
DA:546,31
DA:548,31
DA:549,27
DA:550,27
DA:551,27
DA:552,27
DA:553,27
DA:556,31
DA:557,0
DA:564,5
DA:565,26
DA:572,5
DA:578,40
DA:579,40
DA:582,40
DA:588,40
DA:594,40
DA:600,40
DA:605,40
DA:612,5
DA:613,37
DA:618,5
DA:619,55
DA:624,5
DA:625,92
DA:630,92
DA:631,10
DA:634,92
DA:635,85
DA:638,92
DA:639,1
DA:642,92
LF:235
LH:223
BRDA:9,0,0,1
BRDA:9,0,1,0
BRDA:9,1,0,1
BRDA:9,1,1,1
BRDA:10,2,0,1
BRDA:10,2,1,0
BRDA:15,3,0,0
BRDA:15,3,1,1
BRDA:31,4,0,187
BRDA:39,5,0,1
BRDA:39,5,1,109
BRDA:42,6,0,107
BRDA:42,6,1,2
BRDA:50,7,0,90
BRDA:50,7,1,2
BRDA:51,8,0,90
BRDA:51,8,1,9
BRDA:75,9,0,109
BRDA:75,9,1,95
BRDA:95,10,0,3
BRDA:95,10,1,3
BRDA:96,11,0,0
BRDA:96,11,1,3
BRDA:96,12,0,0
BRDA:96,12,1,0
BRDA:103,13,0,48
BRDA:103,13,1,8
BRDA:103,14,0,56
BRDA:103,14,1,10
BRDA:106,15,0,0
BRDA:106,15,1,8
BRDA:109,16,0,3
BRDA:109,16,1,5
BRDA:123,17,0,15
BRDA:123,17,1,7
BRDA:129,18,0,36
BRDA:129,18,1,48
BRDA:153,19,0,5
BRDA:153,19,1,103
BRDA:158,20,0,16
BRDA:158,20,1,92
BRDA:160,21,0,2
BRDA:160,21,1,14
BRDA:172,22,0,96
BRDA:172,22,1,12
BRDA:180,23,0,1
BRDA:180,23,1,107
BRDA:198,24,0,0
BRDA:198,24,1,12
BRDA:204,25,0,12
BRDA:204,25,1,0
BRDA:205,26,0,12
BRDA:205,26,1,0
BRDA:205,26,2,12
BRDA:205,26,3,0
BRDA:225,27,0,1
BRDA:225,27,1,170
BRDA:234,28,0,168
BRDA:234,28,1,2
BRDA:236,29,0,85
BRDA:236,29,1,80
BRDA:241,30,0,0
BRDA:241,30,1,80
BRDA:245,31,0,1
BRDA:245,31,1,1
BRDA:245,31,2,0
BRDA:270,32,0,3840
BRDA:270,32,1,3833
BRDA:273,33,0,3833
BRDA:273,33,1,7
BRDA:277,34,0,1
BRDA:277,34,1,6
BRDA:279,35,0,1
BRDA:279,35,1,5
BRDA:281,36,0,2
BRDA:281,36,1,3
BRDA:283,37,0,2
BRDA:283,37,1,1
BRDA:283,38,0,3
BRDA:283,38,1,3
BRDA:298,39,0,2
BRDA:298,39,1,1
BRDA:331,40,0,5
BRDA:331,40,1,0
BRDA:334,41,0,5
BRDA:334,41,1,0
BRDA:334,41,2,0
BRDA:334,41,3,0
BRDA:334,41,4,0
BRDA:334,41,5,0
BRDA:340,42,0,0
BRDA:340,42,1,0
BRDA:344,43,0,0
BRDA:344,43,1,0
BRDA:356,44,0,12
BRDA:356,44,1,12
BRDA:360,45,0,8
BRDA:360,45,1,17
BRDA:372,46,0,1
BRDA:372,46,1,1
BRDA:373,47,0,1
BRDA:373,47,1,1
BRDA:389,48,0,9
BRDA:389,48,1,4
BRDA:392,49,0,2
BRDA:392,49,1,2
BRDA:409,50,0,4
BRDA:409,50,1,20
BRDA:409,51,0,24
BRDA:409,51,1,4
BRDA:415,52,0,8
BRDA:415,52,1,12
BRDA:418,53,0,8
BRDA:418,53,1,4
BRDA:422,54,0,8
BRDA:422,54,1,12
BRDA:423,55,0,4
BRDA:423,55,1,4
BRDA:425,56,0,8
BRDA:425,56,1,4
BRDA:426,57,0,5
BRDA:426,57,1,3
BRDA:428,58,0,2
BRDA:428,58,1,2
BRDA:442,59,0,12
BRDA:442,59,1,8
BRDA:450,60,0,10
BRDA:450,60,1,4
BRDA:463,61,0,4
BRDA:463,61,1,3
BRDA:464,62,0,4
BRDA:464,62,1,4
BRDA:527,63,0,199
BRDA:527,63,1,212
BRDA:528,64,0,212
BRDA:528,64,1,199
BRDA:550,65,0,27
BRDA:550,65,1,27
BRDA:556,66,0,0
BRDA:556,66,1,31
BRDA:583,67,0,10
BRDA:583,67,1,30
BRDA:589,68,0,10
BRDA:589,68,1,30
BRDA:595,69,0,10
BRDA:595,69,1,30
BRDA:601,70,0,10
BRDA:601,70,1,30
BRDA:605,71,0,40
BRDA:605,71,1,32
BRDA:605,71,2,24
BRDA:605,71,3,20
BRDA:627,72,0,0
BRDA:627,72,1,92
BRDA:630,73,0,10
BRDA:630,73,1,82
BRDA:634,74,0,85
BRDA:634,74,1,7
BRDA:638,75,0,1
BRDA:638,75,1,91
BRF:160
BRH:135
end_of_record
